Starting
Starting
Stepper Pin:14
1073494580
1073494244
    F_CPU=240000000
    TICKS_PER_S=16000000
.Connected to Wifi, Connecting to server.
Connected!

HARD MINIMUM LIMIT: 35
HARD MAXIMUM LIMIT: -3593

TOTAL HARD RANGE: 
3628

35,500000,32000,2000,228439
35,500000,32000,2000,228439
35,500000,32000,2000,228440
35,500000,32000,2000,228440
35,500000,32000,2000,228440
35,500000,32000,2000,228451
30,500000,32000,2000,228451
29,500000,32000,2000,228452
29,500000,32000,2000,228452
29,500000,32000,2000,228452
29,500000,32000,2000,228463
24,1000,16000000,1000000,228463
24,1000,16000000,1000000,228464
23,1000,16000000,1000000,228464
23,1000,16000000,1000000,228475
18,2000,8000000,500000,228475
18,2000,8000000,500000,228475
18,2000,8000000,500000,228476
17,2000,8000000,500000,228476
17,2000,8000000,500000,228487
13,4000,4000000,250000,228487
13,4000,4000000,250000,228487
13,4000,4000000,250000,228488
13,4000,4000000,250000,228498
13,5000,3200000,200000,228499
13,6000,2666667,166666,228499
13,6000,2666667,166666,228499
13,6000,2666667,166666,228500
13,6000,2666667,166666,228510
13,8000,2000000,125000,228511
13,8000,2000000,125000,228511
13,8000,2000000,125000,228511
13,8000,2000000,125000,228522
13,11000,1454545,90909,228522
13,11000,1454545,90909,228523
13,11000,1454545,90909,228523
13,11000,1454545,90909,228523
13,11000,1454545,90909,228534
13,14000,1142857,71428,228534
13,14000,1142857,71428,228535
13,14000,1142857,71428,228535
13,14000,1142857,71428,228535
13,18000,888889,55555,228546
13,18000,888889,55555,228546
13,18000,888889,55555,228547
13,18000,888889,55555,228547
13,18000,888889,55555,228558
13,22000,727273,45454,228558
13,22000,727273,45454,228559
13,22000,727273,45454,228559
13,22000,727273,45454,228559
13,22000,727273,45454,228570
13,26000,615385,38461,228570
13,26000,615385,38461,228571
13,27000,592593,37037,228571
13,27000,592593,37037,228571
13,27000,592593,37037,228582
13,31000,516129,32258,228582
13,31000,516129,32258,228583
13,32000,500000,31250,228583
13,32000,500000,31250,228583
13,37000,432432,27027,228594
13,37000,432432,27027,228594
13,37000,432432,27027,228595
13,37000,432432,27027,228595
13,37000,432432,27027,228605
13,43000,372093,23255,228606
13,43000,372093,23255,228606
13,43000,372093,23255,228607
13,43000,372093,23255,228607
13,43000,372093,23255,228618
13,49000,326531,20408,228618
13,49000,326531,20408,228618
13,49000,326531,20408,228619
13,50000,320000,20000,228619
13,50000,320000,20000,228630
13,56000,285714,17857,228630
13,56000,285714,17857,228630
13,56000,285714,17857,228631
13,56000,285714,17857,228631
13,62000,258065,16129,228642
13,63000,253968,15873,228642
13,63000,253968,15873,228642
13,64000,250000,15625,228643
13,64000,250000,15625,228653
13,70000,228571,14285,228654
13,71000,225352,14084,228654
13,71000,225352,14084,228654
13,71000,225352,14084,228655
13,71000,225352,14084,228665
13,78000,205128,12820,228666
13,79000,202532,12658,228666
13,79000,202532,12658,228666
13,79000,202532,12658,228667
13,79000,202532,12658,228677
13,87000,183908,11494,228678
13,87000,183908,11494,228678
13,87000,183908,11494,228678
13,87000,183908,11494,228689
13,95000,168421,10526,228689
13,95000,168421,10526,228690
13,96000,166667,10416,228690
13,96000,166667,10416,228690
13,96000,166667,10416,228701
13,105000,152381,9523,228701
13,105000,152381,9523,228702
13,106000,150943,9433,228702
13,106000,150943,9433,228702
13,106000,150943,9433,228713
13,115000,139130,8695,228713
13,115000,139130,8695,228714
13,115000,139130,8695,228714
13,115000,139130,8695,228714
13,125000,128000,8000,228725
13,125000,128000,8000,228725
13,125000,128000,8000,228726
13,126000,126984,7936,228726
13,126000,126984,7936,228736
13,136000,117647,7352,228737
13,136000,117647,7352,228737
13,136000,117647,7352,228738
13,136000,117647,7352,228738
13,136000,117647,7352,228749
13,146999,108844,6802,228749
13,146999,108844,6802,228749
13,146999,108844,6802,228750
13,148000,108108,6756,228750
13,148000,108108,6756,228761
13,158000,101266,6329,228761
13,158000,101266,6329,228761
13,158000,101266,6329,228762
13,159000,100629,6289,228762
13,168999,94675,5917,228773
13,169999,94118,5882,228773
13,169999,94118,5882,228773
13,169999,94118,5882,228774
13,171000,93567,5847,228774
13,181000,88398,5524,228785
13,182000,87912,5494,228785
13,182000,87912,5494,228785
13,182000,87912,5494,228786
13,182999,87432,5464,228796
13,194001,82474,5154,228797
13,195001,82051,5128,228797
13,195001,82051,5128,228797
13,195001,82051,5128,228798
13,195999,81633,5102,228808
13,206999,77295,4830,228809
13,208000,76923,4807,228809
13,208000,76923,4807,228809
13,208000,76923,4807,228810
13,209000,76555,4784,228820
13,221001,72398,4524,228821
13,222000,72072,4504,228821
13,222000,72072,4504,228821
13,222000,72072,4504,228822
13,223000,71749,4484,228832
13,235000,68085,4255,228833
13,235999,67797,4237,228833
13,235999,67797,4237,228833
13,235999,67797,4237,228834
13,236998,67511,4219,228844
13,249000,64257,4016,228845
13,251000,63745,3984,228845
13,251000,63745,3984,228845
13,251000,63745,3984,228846
13,252000,63492,3968,228856
13,264000,60606,3787,228857
13,265002,60377,3773,228857
13,265002,60377,3773,228857
13,265002,60377,3773,228858
13,267000,59925,3745,228868
13,278998,57348,3584,228869
13,280998,56940,3558,228869
13,280998,56940,3558,228869
13,280998,56940,3558,228870
13,281998,56738,3546,228880
13,295002,54237,3389,228880
13,296000,54054,3378,228881
13,296000,54054,3378,228881
13,296000,54054,3378,228882
13,298002,53691,3355,228892
13,311000,51447,3215,228892
13,313001,51118,3194,228893
13,313001,51118,3194,228893
13,313001,51118,3194,228894
13,328003,48780,3048,228904
13,328003,48780,3048,228904
13,329001,48632,3039,228905
13,329001,48632,3039,228905
13,329001,48632,3039,228905
13,344999,46377,2898,228916
13,344999,46377,2898,228916
13,345998,46243,2890,228917
13,345998,46243,2890,228917
13,345998,46243,2890,228917
13,361999,44199,2762,228928
13,361999,44199,2762,228928
13,364000,43956,2747,228929
13,364000,43956,2747,228929
13,364000,43956,2747,228940
13,380002,42105,2631,228940
13,380002,42105,2631,228940
13,380998,41995,2624,228941
13,380998,41995,2624,228941
13,380998,41995,2624,228952
13,398000,40201,2512,228952
13,398000,40201,2512,228952
13,400000,40000,2500,228953
13,400000,40000,2500,228953
13,400000,40000,2500,228964
13,417003,38369,2398,228964
13,417003,38369,2398,228964
13,417995,38278,2392,228965
13,417995,38278,2392,228965
13,417995,38278,2392,228976
13,436003,36697,2293,228976
13,436003,36697,2293,228976
13,437003,36613,2288,228977
13,437003,36613,2288,228977
13,437003,36613,2288,228988
13,454998,35165,2197,228988
13,454998,35165,2197,228988
13,456999,35011,2188,228989
13,456999,35011,2188,228989
13,456999,35011,2188,229000
13,475003,33684,2105,229000
13,475003,33684,2105,229000
13,475003,33684,2105,229001
13,476006,33613,2100,229001
13,476006,33613,2100,229012
13,495004,32323,2020,229012
13,495004,32323,2020,229012
13,497002,32193,2012,229013
13,497002,32193,2012,229013
13,497002,32193,2012,229024
13,514999,31068,1941,229024
13,514999,31068,1941,229024
13,514999,31068,1941,229025
13,516996,30948,1934,229025
13,516996,30948,1934,229036
13,535995,29851,1865,229036
13,535995,29851,1865,229036
13,535995,29851,1865,229037
13,537996,29740,1858,229037
13,537996,29740,1858,229048
13,557997,28674,1792,229048
13,557997,28674,1792,229048
13,557997,28674,1792,229049
13,560008,28571,1785,229049
13,577993,27682,1730,229060
13,580004,27586,1724,229060
13,580004,27586,1724,229060
13,580994,27539,1721,229061
13,580994,27539,1721,229061
13,599993,26667,1666,229072
13,602002,26578,1661,229072
13,602002,26578,1661,229072
13,604002,26490,1655,229073
13,604002,26490,1655,229073
13,622011,25723,1607,229084
13,624001,25641,1602,229084
13,624001,25641,1602,229084
13,626003,25559,1597,229085
13,626003,25559,1597,229085
13,645005,24806,1550,229096
13,646987,24730,1545,229096
13,646987,24730,1545,229096
13,649008,24653,1540,229097
13,649008,24653,1540,229107
13,668003,23952,1497,229108
13,669989,23881,1492,229108
13,669989,23881,1492,229108
13,671987,23810,1488,229109
13,671987,23810,1488,229119
13,692012,23121,1445,229120
13,693993,23055,1440,229120
13,693993,23055,1440,229120
13,695985,22989,1436,229121
13,695985,22989,1436,229131
13,716012,22346,1396,229132
13,718004,22284,1392,229132
13,718004,22284,1392,229132
13,720007,22222,1388,229133
13,720007,22222,1388,229143
13,741015,21592,1349,229144
13,743011,21534,1345,229144
13,743011,21534,1345,229144
13,744983,21477,1342,229145
13,744983,21477,1342,229155
13,765001,20915,1307,229156
13,767018,20860,1303,229156
13,767018,20860,1303,229156
13,767018,20860,1303,229157
13,770008,20779,1298,229167
13,790983,20228,1264,229168
13,792982,20177,1261,229168
13,792982,20177,1261,229168
13,794992,20126,1257,229169
13,794992,20126,1257,229179
13,815993,19608,1225,229180
13,817996,19560,1222,229180
13,817996,19560,1222,229180
13,820008,19512,1219,229181
13,820008,19512,1219,229191
13,842017,19002,1187,229192
13,844015,18957,1184,229192
13,844015,18957,1184,229192
13,845979,18913,1182,229193
13,845979,18913,1182,229203
13,868008,18433,1152,229204
13,869991,18391,1149,229204
13,869991,18391,1149,229204
13,872981,18328,1145,229205
13,895005,17877,1117,229215
13,895005,17877,1117,229216
13,897012,17837,1114,229216
13,897012,17837,1114,229216
13,897012,17837,1114,229217
13,921978,17354,1084,229227
13,921978,17354,1084,229228
13,924001,17316,1082,229228
13,924001,17316,1082,229228
13,924001,17316,1082,229229
13,948992,16860,1053,229239
13,948992,16860,1053,229240
13,951022,16824,1051,229240
13,951022,16824,1051,229240
13,951022,16824,1051,229241
13,976980,16377,1023,229251
13,976980,16377,1023,229252
13,979012,16343,1021,229252
13,979012,16343,1021,229252
13,982017,16293,1018,229263
13,1005025,15920,995,229263
13,1005025,15920,995,229264
13,1006986,15889,993,229264
13,1006986,15889,993,229264
13,1006986,15889,993,229275
13,1032991,15489,968,229275
13,1032991,15489,968,229276
13,1036001,15444,965,229276
13,1036001,15444,965,229276
13,1036001,15444,965,229287
13,1061994,15066,941,229287
13,1061994,15066,941,229288
13,1065034,15023,938,229288
13,1065034,15023,938,229288
13,1067022,14995,937,229299
13,1091033,14665,916,229299
13,1091033,14665,916,229300
13,1094017,14625,914,229300
13,1094017,14625,914,229300
13,1095965,14599,912,229311
13,1120998,14273,892,229311
13,1120998,14273,892,229312
13,1122965,14248,890,229312
13,1122965,14248,890,229312
13,1122965,14248,890,229323
13,1150996,13901,868,229323
13,1150996,13901,868,229324
13,1152987,13877,867,229324
13,1152987,13877,867,229324
13,1152987,13877,867,229335
13,1180986,13548,846,229335
13,1180986,13548,846,229336
13,1182994,13525,845,229336
13,1182994,13525,845,229336
13,1182994,13525,845,229347
13,1211020,13212,825,229347
13,1211020,13212,825,229348
13,1213961,13180,823,229348
13,1213961,13180,823,229348
13,1215990,13158,822,229359
13,1242043,12882,805,229359
13,1242043,12882,805,229360
13,1245039,12851,803,229360
13,1245039,12851,803,229360
13,1246980,12831,801,229371
13,1272973,12569,785,229371
13,1272973,12569,785,229372
13,1276019,12539,783,229372
13,1276019,12539,783,229372
13,1304951,12261,766,229383
13,1304951,12261,766,229383
13,1304951,12261,766,229384
13,1306976,12242,765,229384
13,1306976,12242,765,229384
13,1336005,11976,748,229395
13,1336005,11976,748,229395
13,1336005,11976,748,229396
13,1339024,11949,746,229396
13,1339024,11949,746,229396
13,1367989,11696,731,229407
13,1367989,11696,731,229407
13,1367989,11696,731,229408
13,1371037,11670,729,229408
13,1371037,11670,729,229418
13,1401051,11420,713,229419
13,1401051,11420,713,229419
13,1401051,11420,713,229420
13,1404001,11396,712,229420
13,1404001,11396,712,229430
13,1433949,11158,697,229431
13,1433949,11158,697,229431
13,1433949,11158,697,229432
13,1436008,11142,696,229432
13,1436008,11142,696,229442
13,1466948,10907,681,229443
13,1466948,10907,681,229443
13,1466948,10907,681,229444
13,1470048,10884,680,229444
13,1470048,10884,680,229455
13,1499953,10667,666,229455
13,1499953,10667,666,229456
13,1503053,10645,665,229456
13,1503053,10645,665,229457
13,1506024,10624,664,229457
13,1534036,10430,651,229468
13,1536984,10410,650,229468
13,1536984,10410,650,229468
13,1539053,10396,649,229469
13,1539053,10396,649,229469
13,1570938,10185,636,229480
13,1570938,10185,636,229480
12,1570938,10185,636,229481
12,1572945,10172,635,229481
12,1572945,10172,635,229481
-4,1604975,9969,623,229492
-5,1604975,9969,623,229492
-5,1608040,9950,621,229493
-6,1608040,9950,621,229493
-6,1608040,9950,621,229494
-7,1610954,9932,620,229504
-23,1640016,9756,609,229505
-24,1642036,9744,609,229505
-25,1642036,9744,609,229505
-25,1645075,9726,607,229506
-26,1645075,9726,607,229516
-43,1676973,9541,596,229517
-44,1676973,9541,596,229517
-44,1676973,9541,596,229518
-45,1679966,9524,595,229518
-45,1679966,9524,595,229529
-63,1713062,9340,583,229529
-63,1713062,9340,583,229529
-64,1716002,9324,582,229530
-65,1716002,9324,582,229530
-65,1716002,9324,582,229541
-83,1748061,9153,572,229541
-84,1748061,9153,572,229542
-84,1750930,9138,571,229542
-85,1750930,9138,571,229542
-86,1754001,9122,570,229553
-104,1783922,8969,560,229554
-105,1786911,8954,559,229554
-105,1786911,8954,559,229554
-106,1786911,8954,559,229555
-107,1789909,8939,558,229565
-125,1822946,8777,548,229566
-126,1822946,8777,548,229566
-126,1822946,8777,548,229567
-127,1826067,8762,547,229567
-146,1855933,8621,538,229578
-146,1858952,8607,537,229578
-147,1858952,8607,537,229578
-148,1858952,8607,537,229579
-149,1863065,8588,536,229589
-168,1893043,8452,528,229590
-168,1895959,8439,527,229590
-169,1895959,8439,527,229591
-170,1899110,8425,526,229591
-171,1899110,8425,526,229602
-190,1933068,8277,517,229602
-191,1933068,8277,517,229602
-191,1933068,8277,517,229603
-192,1936108,8264,516,229603
-193,1936108,8264,516,229614
-213,1969958,8122,507,229614
-214,1969958,8122,507,229615
-214,1973116,8109,506,229615
-215,1973116,8109,506,229615
-216,1973116,8109,506,229626
-236,2008032,7968,498,229626
-237,2011061,7956,497,229627
-238,2011061,7956,497,229627
-238,2011061,7956,497,229628
-259,2046036,7820,488,229638
-260,2046036,7820,488,229639
-261,2048918,7809,488,229639
-261,2048918,7809,488,229639
-262,2048918,7809,488,229640
-283,2083876,7678,479,229650
-284,2086866,7667,479,229651
-285,2086866,7667,479,229651
-286,2086866,7667,479,229652
-287,2089864,7656,478,229662
-308,2122016,7540,471,229663
-309,2125116,7529,470,229663
-310,2125116,7529,470,229663
-310,2127943,7519,469,229664
-311,2127943,7519,469,229674
-333,2163917,7394,462,229675
-334,2163917,7394,462,229675
-335,2163917,7394,462,229676
-335,2167141,7383,461,229676
-336,2167141,7383,461,229687
-359,2202037,7266,454,229687
-359,2202037,7266,454,229687
-360,2202037,7266,454,229688
-361,2205984,7253,453,229688
-362,2205984,7253,453,229699
-385,2240896,7140,446,229699
-385,2240896,7140,446,229700
-386,2244984,7127,445,229700
-387,2244984,7127,445,229700
-410,2281152,7014,438,229711
-411,2281152,7014,438,229711
-412,2284083,7005,437,229712
-413,2284083,7005,437,229712
-414,2284083,7005,437,229723
-437,2319849,6897,431,229723
-438,2319849,6897,431,229724
-439,2322880,6888,430,229724
-440,2322880,6888,430,229724
-441,2322880,6888,430,229735
-465,2359882,6780,423,229735
-466,2359882,6780,423,229736
-467,2363019,6771,423,229736
-468,2363019,6771,423,229737
-469,2366864,6760,422,229747
-493,2399880,6667,416,229748
-494,2403124,6658,416,229748
-495,2403124,6658,416,229748
-496,2403124,6658,416,229749
-497,2407101,6647,415,229759
-522,2443121,6549,409,229760
-523,2443121,6549,409,229760
-523,2443121,6549,409,229761
-524,2446857,6539,408,229761
-550,2479851,6452,403,229772
-551,2484086,6441,402,229772
-552,2484086,6441,402,229772
-553,2484086,6441,402,229773
-554,2487176,6433,402,229773
-579,2524854,6337,396,229784
-580,2524854,6337,396,229784
-581,2524854,6337,396,229785
-582,2528046,6329,395,229785
-583,2528046,6329,395,229796
-609,2564925,6238,389,229796
-610,2564925,6238,389,229796
-611,2569043,6228,389,229797
-612,2569043,6228,389,229797
-613,2569043,6228,389,229808
-640,2607137,6137,383,229808
-641,2607137,6137,383,229809
-642,2610114,6130,383,229809
-643,2610114,6130,383,229809
-644,2613098,6123,382,229820
-671,2648130,6042,377,229820
-672,2651201,6035,377,229821
-673,2651201,6035,377,229821
-674,2651201,6035,377,229822
-675,2655161,6026,376,229832
-703,2689076,5950,371,229833
-704,2693149,5941,371,229833
-705,2693149,5941,371,229833
-706,2695872,5935,370,229834
-734,2730841,5859,366,229844
-735,2735043,5850,365,229845
-736,2735043,5850,365,229845
-737,2735043,5850,365,229846
-738,2737851,5844,365,229846
-766,2772964,5770,360,229857
-768,2775850,5764,360,229857
-769,2775850,5764,360,229858
-770,2780191,5755,359,229858
-771,2780191,5755,359,229869
-800,2818887,5676,354,229869
-801,2818887,5676,354,229869
-802,2821869,5670,354,229870
-803,2821869,5670,354,229870
-804,2821869,5670,354,229881
-833,2861230,5592,349,229881
-835,2861230,5592,349,229882
-836,2863791,5587,349,229882
-837,2863791,5587,349,229882
-838,2867897,5579,348,229893
-868,2902758,5512,344,229893
-869,2906977,5504,344,229894
-870,2906977,5504,344,229894
-871,2906977,5504,344,229895
-872,2911208,5496,343,229905
-902,2946050,5431,339,229906
-903,2949853,5424,339,229906
-904,2949853,5424,339,229906
-906,2949853,5424,339,229907
-936,2988978,5353,334,229917
-937,2992892,5346,334,229918
-939,2992892,5346,334,229918
-940,2992892,5346,334,229919
-941,2996255,5340,333,229919
-972,3032026,5277,329,229930
-973,3036053,5270,329,229930
-974,3036053,5270,329,229930
-975,3038936,5265,329,229931
-977,3038936,5265,329,229941
-1008,3079292,5196,324,229942
-1009,3079292,5196,324,229942
-1011,3079292,5196,324,229943
-1012,3082258,5191,324,229943
-1013,3082258,5191,324,229954
-1045,3121951,5125,320,229954
-1046,3121951,5125,320,229954
-1047,3126221,5118,319,229955
-1049,3126221,5118,319,229955
-1081,3165809,5054,315,229966
-1082,3165809,5054,315,229966
-1083,3165809,5054,315,229967
-1085,3168944,5049,315,229967
-1086,3168944,5049,315,229978
-1119,3210273,4984,311,229978
-1120,3210273,4984,311,229979
-1121,3212851,4980,311,229979
-1123,3212851,4980,311,229979
-1124,3212851,4980,311,229990
-1157,3252694,4919,307,229990
-1158,3252694,4919,307,229991
-1160,3257329,4912,307,229991
-1161,3257329,4912,307,229992
-1194,3296930,4853,303,230002
-1196,3296930,4853,303,230003
-1197,3301011,4847,302,230003
-1198,3301011,4847,302,230003
-1200,3301011,4847,302,230014
-1234,3341688,4788,299,230014
-1235,3341688,4788,299,230015
-1236,3345181,4783,298,230015
-1238,3345181,4783,298,230015
-1272,3386243,4725,295,230026
-1274,3386243,4725,295,230026
-1275,3389831,4720,295,230027
-1276,3389831,4720,295,230027
-1277,3389831,4720,295,230038
-1313,3429796,4665,291,230038
-1314,3429796,4665,291,230039
-1315,3434213,4659,291,230039
-1317,3434213,4659,291,230039
-1318,3437903,4654,290,230050
-1354,3475239,4604,287,230050
-1355,3479017,4599,287,230051
-1356,3479017,4599,287,230051
-1358,3479017,4599,287,230052
-1394,3520352,4545,284,230062
-1395,3520352,4545,284,230063
-1396,3524229,4540,283,230063
-1398,3524229,4540,283,230064
-1400,3527337,4536,283,230074
-1436,3565062,4488,280,230075
-1438,3568243,4484,280,230075
-1439,3568243,4484,280,230075
-1440,3572226,4479,279,230076
-1442,3572226,4479,279,230086
-1479,3613369,4428,276,230087
-1480,3613369,4428,276,230087
-1482,3613369,4428,276,230088
-1483,3616637,4424,276,230088
-1521,3654637,4378,273,230099
-1522,3658815,4373,273,230099
-1523,3658815,4373,273,230099
-1525,3658815,4373,273,230100
-1526,3662165,4369,273,230110
-1564,3703704,4320,270,230111
-1566,3703704,4320,270,230111
-1567,3703704,4320,270,230112
-1569,3707995,4315,269,230112
-1570,3707995,4315,269,230123
-1609,3748828,4268,266,230123
-1610,3748828,4268,266,230123
-1612,3753225,4263,266,230124
-1613,3753225,4263,266,230134
-1652,3795066,4216,263,230135
-1654,3795066,4216,263,230135
-1655,3795066,4216,263,230136
-1657,3797769,4213,263,230136
-1658,3797769,4213,263,230147
-1698,3839693,4167,260,230147
-1699,3839693,4167,260,230147
-1701,3844306,4162,260,230148
-1702,3844306,4162,260,230148
-1704,3844306,4162,260,230159
-1744,3886325,4117,257,230159
-1745,3886325,4117,257,230160
-1747,3890105,4113,257,230160
-1748,3890105,4113,257,230171
-1789,3932170,4069,254,230171
-1790,3932170,4069,254,230171
-1792,3935071,4066,254,230172
-1794,3935071,4066,254,230172
-1796,3938946,4062,253,230183
-1837,3977131,4023,251,230184
-1838,3981090,4019,251,230184
-1840,3981090,4019,251,230184
-1842,3981090,4019,251,230185
-1843,3985056,4015,250,230195
-1885,4027183,3973,248,230196
-1886,4027183,3973,248,230196
-1888,4027183,3973,248,230197
-1889,4031242,3969,248,230207
-1931,4069176,3932,245,230208
-1933,4073320,3928,245,230208
-1935,4073320,3928,245,230208
-1936,4077472,3924,245,230209
-1938,4077472,3924,245,230219
-1980,4119464,3884,242,230220
-1982,4119464,3884,242,230220
-1984,4119464,3884,242,230221
-1985,4122649,3881,242,230221
-2028,4162331,3844,240,230232
-2030,4165582,3841,240,230232
-2031,4165582,3841,240,230232
-2033,4168838,3838,239,230233
-2035,4168838,3838,239,230243
-2078,4211635,3799,237,230244
-2080,4211635,3799,237,230244
-2081,4211635,3799,237,230245
-2083,4216074,3795,237,230245
-2085,4216074,3795,237,230256
-2129,4257584,3758,234,230256
-2130,4257584,3758,234,230256
-2132,4262120,3754,234,230257
-2134,4262120,3754,234,230257
-2178,4304547,3717,232,230268
-2180,4304547,3717,232,230268
-2182,4304547,3717,232,230269
-2184,4308024,3714,232,230269
-2185,4308024,3714,232,230280
-2230,4351373,3677,229,230280
-2232,4351373,3677,229,230281
-2234,4354927,3674,229,230281
-2236,4354927,3674,229,230281
-2237,4358485,3671,229,230292
-2283,4396812,3639,227,230292
-2284,4400440,3636,227,230293
-2286,4400440,3636,227,230293
-2288,4400440,3636,227,230294
-2334,4444444,3600,225,230304
-2335,4444444,3600,225,230305
-2337,4448151,3597,224,230305
-2339,4448151,3597,224,230305
-2341,4451864,3594,224,230316
-2387,4490598,3563,222,230316
-2389,4494382,3560,222,230317
-2391,4494382,3560,222,230317
-2393,4494382,3560,222,230318
-2394,4498173,3557,222,230328
-2441,4536433,3527,220,230329
-2443,4541584,3523,220,230329
-2445,4541584,3523,220,230329
-2447,4545455,3520,220,230340
-2494,4584527,3490,218,230341
-2496,4588471,3487,217,230341
-2498,4588471,3487,217,230341
-2500,4588471,3487,217,230342
-2502,4592423,3484,217,230352
-2549,4630970,3455,215,230353
-2551,4634994,3452,215,230353
-2553,4634994,3452,215,230354
-2555,4637681,3450,215,230354
-2603,4676995,3421,213,230365
-2605,4681100,3418,213,230365
-2607,4681100,3418,213,230365
-2609,4681100,3418,213,230366
-2611,4685212,3415,213,230376
-2660,4723944,3387,211,230377
-2662,4728132,3384,211,230377
-2664,4728132,3384,211,230378
-2666,4732328,3381,211,230378
-2669,4732328,3381,211,230389
-2718,4774694,3351,209,230389
-2720,4774694,3351,209,230390
-2722,4778973,3348,209,230390
-2724,4778973,3348,209,230390
-2726,4783259,3345,209,230401
-2775,4822182,3318,207,230401
-2777,4826546,3315,207,230402
-2779,4826546,3315,207,230402
-2781,4826546,3315,207,230413
-2832,4869142,3286,205,230413
-2834,4872107,3284,205,230414
-2836,4872107,3284,205,230414
-2838,4872107,3284,205,230415
-2840,4876562,3281,205,230425
-2891,4915515,3255,203,230426
-2893,4918537,3253,203,230426
-2895,4918537,3253,203,230426
-2896,4923077,3250,203,230427
-2948,4961240,3225,201,230437
-2950,4965860,3222,201,230438
-2952,4965860,3222,201,230438
-2954,4965860,3222,201,230439
-2955,4970488,3219,201,230449
-3007,4970488,3219,201,230450
-3009,4970488,3219,201,230450
-3010,4970488,3219,201,230450
-3012,4970488,3219,201,230451
-3014,4970488,3219,201,230461
-3066,4970488,3219,201,230461
-3067,4970488,3219,201,230462
-3069,4970488,3219,201,230462
-3071,4970488,3219,201,230473
-3123,4970488,3219,201,230473
-3124,4970488,3219,201,230473
-3126,4970488,3219,201,230474
-3128,4970488,3219,201,230474
-3129,4970488,3219,201,230485
-3181,4970488,3219,201,230485
-3183,4970488,3219,201,230485
-3184,4970488,3219,201,230486
-3186,4970488,3219,201,230496
-3238,4970488,3219,201,230496
-3239,4970488,3219,201,230497
-3241,4970488,3219,201,230497
-3243,4970488,3219,201,230497
-3244,4970488,3219,201,230508
-3296,4970488,3219,201,230508
-3298,4970488,3219,201,230509
-3299,4970488,3219,201,230509
-3301,4970488,3219,201,230519
-3353,4970488,3219,201,230520
-3355,4970488,3219,201,230520
-3356,4970488,3219,201,230520
-3358,4970488,3219,201,230521
-3359,4970488,3219,201,230531
-3411,4970488,3219,201,230532
-3413,4970488,3219,201,230532
-3415,4970488,3219,201,230532
-3416,4970488,3219,201,230543
-3468,4970488,3219,201,230543
-3469,4970488,3219,201,230543
-3471,4970488,3219,201,230544
-3473,4970488,3219,201,230544
-3474,4970488,3219,201,230555
-3526,4970488,3219,201,230555
-3528,4970488,3219,201,230555
-3529,4970488,3219,201,230556
-3531,4970488,3219,201,230566
-3571,4970488,3219,201,230566
-3572,4970488,3219,201,230567
-3572,4970488,3219,201,230567
-3573,4970488,3219,201,230567
-3591,4970488,3219,201,230578
-3591,4970488,3219,201,230578
-3592,4970488,3219,201,230579
-3592,4970488,3219,201,230579
-3592,4970488,3219,201,230589
-3593,4970488,3219,201,232442
-3593,4970488,3219,201,232443
-3593,4970488,3219,201,232443
-3593,4970488,3219,201,232443
-3593,4970488,3219,201,232444
-3581,4970488,3219,201,232454
-3580,4970488,3219,201,232454
-3579,4970488,3219,201,232455
-3578,4970488,3219,201,232455
-3578,4970488,3219,201,232466
-3538,1000,16000000,1000000,232466
-3537,1000,16000000,1000000,232466
-3535,1000,16000000,1000000,232467
-3533,1000,16000000,1000000,232477
-3480,2000,8000000,500000,232478
-3478,2000,8000000,500000,232478
-3476,2000,8000000,500000,232479
-3475,2000,8000000,500000,232489
-3422,3000,5333333,333333,232490
-3420,4000,4000000,250000,232490
-3419,4000,4000000,250000,232490
-3417,4000,4000000,250000,232501
-3382,5000,3200000,200000,232501
-3381,6000,2666667,166666,232502
-3380,6000,2666667,166666,232502
-3379,6000,2666667,166666,232513
-3368,8000,2000000,125000,232513
-3368,8000,2000000,125000,232513
-3368,8000,2000000,125000,232514
-3368,8000,2000000,125000,232514
-3368,11000,1454545,90909,232525
-3368,11000,1454545,90909,232525
-3368,11000,1454545,90909,232526
-3368,11000,1454545,90909,232526
-3368,14000,1142857,71428,232537
-3368,14000,1142857,71428,232537
-3368,14000,1142857,71428,232537
-3368,14000,1142857,71428,232538
-3368,14000,1142857,71428,232548
-3368,18000,888889,55555,232549
-3368,18000,888889,55555,232549
-3368,18000,888889,55555,232550
-3368,18000,888889,55555,232560
-3368,21000,761905,47619,232561
-3368,22000,727273,45454,232561
-3368,22000,727273,45454,232561
-3368,22000,727273,45454,232572
-3368,26000,615385,38461,232572
-3368,26000,615385,38461,232573
-3368,26000,615385,38461,232573
-3368,26000,615385,38461,232574
-3368,31000,516129,32258,232584
-3368,31000,516129,32258,232585
-3368,31000,516129,32258,232585
-3368,31000,516129,32258,232585
-3368,31000,516129,32258,232596
-3368,36000,444444,27777,232596
-3368,36000,444444,27777,232597
-3368,37000,432432,27027,232597
-3368,37000,432432,27027,232607
-3368,42000,380952,23809,232608
-3368,42000,380952,23809,232608
-3368,42000,380952,23809,232609
-3368,43000,372093,23255,232619
-3368,48000,333333,20833,232620
-3368,48000,333333,20833,232620
-3368,48000,333333,20833,232620
-3368,48000,333333,20833,232621
-3368,55000,290909,18181,232631
-3368,55000,290909,18181,232632
-3368,55000,290909,18181,232632
-3368,55000,290909,18181,232632
-3368,56000,285714,17857,232643
-3368,62000,258065,16129,232643
-3368,62000,258065,16129,232644
-3368,62000,258065,16129,232644
-3368,62000,258065,16129,232655
-3368,69000,231884,14492,232655
-3368,69000,231884,14492,232655
-3368,70000,228571,14285,232656
-3368,70000,228571,14285,232666
-3368,77000,207792,12987,232667
-3368,77000,207792,12987,232667
-3368,77000,207792,12987,232667
-3368,78000,205128,12820,232668
-3368,85000,188235,11764,232678
-3368,85000,188235,11764,232679
-3368,86000,186047,11627,232679
-3368,86000,186047,11627,232679
-3368,87000,183908,11494,232690
-3368,94000,170213,10638,232690
-3368,95000,168421,10526,232691
-3368,95000,168421,10526,232691
-3368,95000,168421,10526,232702
-3368,103000,155340,9708,232702
-3368,103000,155340,9708,232702
-3368,104000,153846,9615,232703
-3368,104000,153846,9615,232713
-3368,113000,141593,8849,232714
-3368,113000,141593,8849,232714
-3368,113000,141593,8849,232714
-3368,114000,140351,8771,232725
-3368,122000,131148,8196,232725
-3368,123000,130081,8130,232726
-3368,123000,130081,8130,232726
-3368,123000,130081,8130,232727
-3368,133000,120301,7518,232737
-3368,133000,120301,7518,232738
-3368,134000,119403,7462,232738
-3368,134000,119403,7462,232738
-3368,134000,119403,7462,232749
-3368,144000,111111,6944,232749
-3368,144000,111111,6944,232750
-3368,145000,110345,6896,232750
-3368,145000,110345,6896,232761
-3368,155000,103226,6451,232761
-3368,155000,103226,6451,232761
-3368,155000,103226,6451,232762
-3368,156000,102564,6410,232772
-3368,165999,96386,6024,232773
-3368,167001,95808,5988,232773
-3368,167001,95808,5988,232773
-3368,167001,95808,5988,232774
-3368,168000,95238,5952,232784
-3368,177999,89888,5618,232785
-3368,179001,89385,5586,232785
-3368,179001,89385,5586,232785
-3368,180000,88889,5555,232796
-3368,190999,83770,5235,232796
-3368,192001,83333,5208,232797
-3368,192001,83333,5208,232797
-3368,192001,83333,5208,232797
-3368,204001,78431,4901,232808
-3368,204001,78431,4901,232808
-3368,204999,78049,4878,232809
-3368,204999,78049,4878,232809
-3368,204999,78049,4878,232820
-3368,216999,73733,4608,232820
-3368,216999,73733,4608,232821
-3368,219001,73059,4566,232821
-3368,219001,73059,4566,232832
-3368,231000,69264,4329,232832
-3368,231000,69264,4329,232832
-3368,231000,69264,4329,232833
-3368,232998,68670,4291,232833
-3368,232998,68670,4291,232844
-3368,245999,65041,4065,232844
-3368,245999,65041,4065,232844
-3368,247001,64777,4048,232845
-3368,247001,64777,4048,232855
-3368,260002,61538,3846,232856
-3368,260002,61538,3846,232856
-3368,260002,61538,3846,232857
-3368,261999,61069,3816,232857
-3368,274001,58394,3649,232867
-3368,276000,57971,3623,232868
-3368,276000,57971,3623,232868
-3368,276000,57971,3623,232869
-3368,276999,57762,3610,232879
-3368,290002,55172,3448,232880
-3368,290999,54983,3436,232880
-3368,290999,54983,3436,232880
-3368,290999,54983,3436,232881
-3368,305998,52288,3268,232891
-3368,305998,52288,3268,232892
-3368,307002,52117,3257,232892
-3368,307002,52117,3257,232892
-3368,307002,52117,3257,232903
-3368,322003,49689,3105,232903
-3368,322003,49689,3105,232904
-3368,323998,49383,3086,232904
-3368,323998,49383,3086,232915
-3368,338997,47198,2949,232915
-3368,338997,47198,2949,232915
-3368,338997,47198,2949,232916
-3368,339999,47059,2941,232916
-3368,355003,45070,2816,232927
-3368,355999,44944,2809,232927
-3368,355999,44944,2809,232927
-3368,357998,44693,2793,232928
-3368,357998,44693,2793,232938
-3368,373998,42781,2673,232939
-3368,373998,42781,2673,232939
-3368,373998,42781,2673,232939
-3368,374997,42667,2666,232940
-3368,389997,41026,2564,232950
-3368,392003,40816,2551,232951
-3368,392003,40816,2551,232951
-3368,392003,40816,2551,232952
-3368,393005,40712,2544,232962
-3368,408998,39120,2445,232963
-3368,410004,39024,2439,232963
-3368,410004,39024,2439,232963
-3368,410004,39024,2439,232974
-3368,428002,37383,2336,232974
-3368,428002,37383,2336,232975
-3368,429000,37296,2331,232975
-3368,429000,37296,2331,232975
-3368,431000,37123,2320,232986
-3368,447002,35794,2237,232986
-3368,448004,35714,2232,232987
-3368,448004,35714,2232,232987
-3368,448004,35714,2232,232998
-3368,465997,34335,2145,232998
-3368,465997,34335,2145,232998
-3368,468000,34188,2136,232999
-3368,468000,34188,2136,232999
-3367,485997,32922,2057,233010
-3367,485997,32922,2057,233010
-3367,485997,32922,2057,233011
-3367,487998,32787,2049,233011
-3367,487998,32787,2049,233022
-3362,507003,31558,1972,233022
-3362,507003,31558,1972,233022
-3362,507003,31558,1972,233023
-3362,509003,31434,1964,233033
-3357,526004,30418,1901,233034
-3356,528001,30303,1893,233034
-3356,528001,30303,1893,233034
-3356,528996,30246,1890,233035
-3356,528996,30246,1890,233045
-3351,548998,29144,1821,233046
-3351,548998,29144,1821,233046
-3350,548998,29144,1821,233046
-3350,551002,29038,1814,233057
-3345,568990,28120,1757,233057
-3345,570004,28070,1754,233058
-3344,570004,28070,1754,233058
-3344,570004,28070,1754,233059
-3338,590995,27073,1692,233069
-3338,590995,27073,1692,233070
-3338,592001,27027,1689,233070
-3338,592001,27027,1689,233070
-3338,592001,27027,1689,233081
-3332,613003,26101,1631,233081
-3332,613003,26101,1631,233082
-3331,615006,26016,1626,233082
-3331,615006,26016,1626,233082
-3325,636006,25157,1572,233093
-3325,636006,25157,1572,233093
-3325,638009,25078,1567,233094
-3324,638009,25078,1567,233094
-3324,638009,25078,1567,233105
-3318,659006,24279,1517,233105
-3318,659006,24279,1517,233105
-3317,660993,24206,1512,233106
-3317,660993,24206,1512,233116
-3311,682012,23460,1466,233117
-3310,682012,23460,1466,233117
-3310,682012,23460,1466,233118
-3310,683995,23392,1462,233118
-3310,683995,23392,1462,233129
-3303,705997,22663,1416,233129
-3303,705997,22663,1416,233129
-3302,705997,22663,1416,233130
-3302,707996,22599,1412,233140
-3295,728001,21978,1373,233141
-3295,729994,21918,1369,233141
-3295,729994,21918,1369,233141
-3294,731997,21858,1366,233142
-3287,753012,21248,1328,233152
-3287,755002,21192,1324,233153
-3286,755002,21192,1324,233153
-3286,755002,21192,1324,233154
-3286,757002,21136,1321,233164
-3278,777983,20566,1285,233165
-3278,779993,20513,1282,233165
-3278,779993,20513,1282,233165
-3277,782014,20460,1278,233166
-3269,803011,19925,1245,233176
-3269,804991,19876,1242,233177
-3269,804991,19876,1242,233177
-3269,804991,19876,1242,233178
-3268,806980,19827,1239,233188
-3260,829016,19300,1206,233189
-3260,830996,19254,1203,233189
-3260,830996,19254,1203,233189
-3259,830996,19254,1203,233200
-3251,855021,18713,1169,233200
-3251,855021,18713,1169,233201
-3250,856990,18670,1166,233201
-3250,856990,18670,1166,233201
-3250,859014,18626,1164,233212
-3241,881009,18161,1135,233212
-3241,881009,18161,1135,233213
-3240,883978,18100,1131,233213
-3240,883978,18100,1131,233224
-3231,908007,17621,1101,233224
-3231,908007,17621,1101,233224
-3230,911006,17563,1097,233225
-3230,911006,17563,1097,233225
-3221,935016,17112,1069,233236
-3221,935016,17112,1069,233236
-3220,935016,17112,1069,233237
-3220,937976,17058,1066,233237
-3220,937976,17058,1066,233248
-3210,962985,16615,1038,233248
-3210,962985,16615,1038,233248
-3209,962985,16615,1038,233249
-3209,965018,16580,1036,233259
-3199,988997,16178,1011,233260
-3199,991019,16145,1009,233260
-3199,991019,16145,1009,233260
-3198,992987,16113,1007,233261
-3198,992987,16113,1007,233271
-3188,1018978,15702,981,233272
-3187,1018978,15702,981,233272
-3187,1018978,15702,981,233273
-3187,1020994,15671,979,233283
-3176,1045000,15311,956,233283
-3176,1048012,15267,954,233284
-3176,1048012,15267,954,233284
-3175,1048012,15267,954,233285
-3165,1073970,14898,931,233295
-3164,1073970,14898,931,233296
-3164,1077006,14856,928,233296
-3164,1077006,14856,928,233296
-3163,1077006,14856,928,233307
-3152,1102992,14506,906,233307
-3152,1102992,14506,906,233308
-3151,1105965,14467,904,233308
-3151,1105965,14467,904,233319
-3140,1132984,14122,882,233319
-3139,1132984,14122,882,233319
-3139,1135960,14085,880,233320
-3139,1135960,14085,880,233320
-3138,1135960,14085,880,233331
-3127,1162960,13758,859,233331
-3126,1162960,13758,859,233331
-3126,1166011,13722,857,233332
-3126,1166011,13722,857,233342
-3114,1192962,13412,838,233343
-3113,1192962,13412,838,233343
-3113,1192962,13412,838,233343
-3113,1195993,13378,836,233344
-3100,1221001,13104,819,233354
-3100,1223990,13072,817,233355
-3099,1223990,13072,817,233355
-3099,1223990,13072,817,233356
-3099,1226994,13040,815,233366
-3086,1251956,12780,798,233367
-3086,1255000,12749,796,233367
-3085,1255000,12749,796,233367
-3085,1255000,12749,796,233368
-3072,1284006,12461,778,233378
-3072,1284006,12461,778,233379
-3071,1285967,12442,777,233379
-3071,1285967,12442,777,233379
-3070,1288971,12413,775,233390
-3057,1315032,12167,760,233390
-3057,1315032,12167,760,233391
-3056,1317957,12140,758,233391
-3056,1317957,12140,758,233402
-3042,1347028,11878,742,233402
-3042,1347028,11878,742,233402
-3042,1349983,11852,740,233403
-3041,1349983,11852,740,233403
-3027,1378954,11603,725,233414
-3027,1378954,11603,725,233414
-3026,1378954,11603,725,233414
-3026,1382051,11577,723,233415
-3025,1382051,11577,723,233425
-3011,1412055,11331,708,233426
-3011,1412055,11331,708,233426
-3010,1412055,11331,708,233427
-3010,1415053,11307,706,233427
-2995,1441961,11096,693,233438
-2995,1444956,11073,692,233438
-2994,1444956,11073,692,233438
-2994,1444956,11073,692,233439
-2993,1447047,11057,691,233449
-2979,1475062,10847,677,233450
-2978,1478060,10825,676,233450
-2977,1478060,10825,676,233450
-2977,1480933,10804,675,233461
-2962,1509007,10603,662,233461
-2961,1511002,10589,661,233462
-2961,1511002,10589,661,233462
-2960,1511002,10589,661,233463
-2960,1514005,10568,660,233473
-2944,1542020,10376,648,233474
-2944,1544998,10356,647,233474
-2943,1544998,10356,647,233474
-2942,1547988,10336,646,233485
-2927,1576044,10152,634,233486
-2926,1578999,10133,633,233486
-2925,1578999,10133,633,233486
-2925,1578999,10133,633,233487
-2924,1581966,10114,632,233497
-2908,1610954,9932,620,233498
-2907,1614042,9913,619,233498
-2907,1614042,9913,619,233498
-2906,1615998,9901,618,233509
-2890,1645075,9726,607,233509
-2889,1647956,9709,606,233510
-2888,1647956,9709,606,233510
-2888,1647956,9709,606,233511
-2887,1651016,9691,605,233521
-2870,1679966,9524,595,233522
-2870,1682970,9507,594,233522
-2869,1682970,9507,594,233522
-2868,1685985,9490,593,233523
-2851,1716002,9324,582,233533
-2851,1718951,9308,581,233534
-2850,1718951,9308,581,233534
-2849,1718951,9308,581,233535
-2849,1721911,9292,580,233545
-2831,1750930,9138,571,233546
-2830,1754001,9122,570,233546
-2830,1754001,9122,570,233547
-2829,1757083,9106,569,233547
-2828,1757083,9106,569,233557
-2810,1789909,8939,558,233558
-2810,1789909,8939,558,233558
-2809,1789909,8939,558,233559
-2808,1792918,8924,557,233559
-2790,1822946,8777,548,233570
-2789,1826067,8762,547,233570
-2789,1826067,8762,547,233570
-2788,1828989,8748,546,233571
-2787,1828989,8748,546,233581
-2769,1863065,8588,536,233582
-2768,1863065,8588,536,233582
-2767,1863065,8588,536,233583
-2766,1866107,8574,535,233583
-2766,1866107,8574,535,233594
-2746,1899110,8425,526,233594
-2746,1899110,8425,526,233594
-2745,1902045,8412,525,233595
-2744,1902045,8412,525,233605
-2725,1936108,8264,516,233606
-2724,1936108,8264,516,233606
-2723,1936108,8264,516,233607
-2723,1938924,8252,515,233607
-2722,1938924,8252,515,233618
-2702,1973116,8109,506,233618
-2701,1973116,8109,506,233618
-2700,1977017,8093,505,233619
-2700,1977017,8093,505,233619
-2679,2011061,7956,497,233630
-2679,2011061,7956,497,233630
-2678,2011061,7956,497,233631
-2677,2014099,7944,496,233631
-2676,2014099,7944,496,233642
-2656,2048918,7809,488,233642
-2655,2048918,7809,488,233642
-2654,2052071,7797,487,233643
-2653,2052071,7797,487,233643
-2652,2052071,7797,487,233654
-2631,2086866,7667,479,233654
-2631,2086866,7667,479,233655
-2630,2089864,7656,478,233655
-2629,2089864,7656,478,233655
-2608,2125116,7529,470,233666
-2607,2125116,7529,470,233666
-2606,2127943,7519,469,233667
-2605,2127943,7519,469,233667
-2604,2127943,7519,469,233678
-2583,2163917,7394,462,233678
-2582,2163917,7394,462,233679
-2581,2167141,7383,461,233679
-2580,2167141,7383,461,233679
-2558,2202037,7266,454,233690
-2557,2202037,7266,454,233690
-2556,2205984,7253,453,233691
-2555,2205984,7253,453,233691
-2554,2205984,7253,453,233702
-2532,2240896,7140,446,233702
-2531,2240896,7140,446,233703
-2530,2244984,7127,445,233703
-2529,2244984,7127,445,233703
-2528,2248138,7117,444,233714
-2505,2281152,7014,438,233714
-2504,2284083,7005,437,233715
-2503,2284083,7005,437,233715
-2503,2284083,7005,437,233716
-2479,2319849,6897,431,233726
-2478,2319849,6897,431,233727
-2477,2322880,6888,430,233727
-2476,2322880,6888,430,233727
-2475,2326934,6876,429,233738
-2451,2359882,6780,423,233738
-2451,2363019,6771,423,233739
-2450,2363019,6771,423,233739
-2449,2363019,6771,423,233740
-2448,2366864,6760,422,233750
-2424,2399880,6667,416,233751
-2423,2403124,6658,416,233751
-2422,2403124,6658,416,233751
-2421,2407101,6647,415,233752
-2396,2440140,6557,409,233762
-2395,2443121,6549,409,233763
-2394,2443121,6549,409,233763
-2393,2443121,6549,409,233764
-2392,2446857,6539,408,233774
-2367,2479851,6452,403,233775
-2366,2484086,6441,402,233775
-2365,2484086,6441,402,233775
-2364,2484086,6441,402,233776
-2363,2487176,6433,402,233786
-2337,2524854,6337,396,233787
-2336,2524854,6337,396,233787
-2336,2524854,6337,396,233788
-2335,2528046,6329,395,233798
-2309,2562050,6245,390,233799
-2308,2564925,6238,389,233799
-2307,2564925,6238,389,233799
-2306,2564925,6238,389,233800
-2305,2569043,6228,389,233810
-2278,2602896,6147,384,233811
-2277,2607137,6137,383,233811
-2276,2607137,6137,383,233812
-2275,2610114,6130,383,233812
-2248,2644191,6051,378,233823
-2247,2648130,6042,377,233823
-2246,2648130,6042,377,233823
-2245,2648130,6042,377,233824
-2244,2651201,6035,377,233834
-2217,2689076,5950,371,233835
-2216,2689076,5950,371,233835
-2215,2689076,5950,371,233836
-2214,2693149,5941,371,233836
-2212,2693149,5941,371,233847
-2185,2730841,5859,366,233847
-2184,2730841,5859,366,233847
-2183,2730841,5859,366,233848
-2182,2735043,5850,365,233848
-2153,2769124,5778,361,233859
-2152,2772964,5770,360,233859
-2151,2772964,5770,360,233860
-2150,2775850,5764,360,233860
-2149,2775850,5764,360,233871
-2120,2814919,5684,355,233871
-2119,2814919,5684,355,233871
-2118,2814919,5684,355,233872
-2117,2818887,5676,354,233872
-2116,2818887,5676,354,233883
-2087,2857143,5600,350,233883
-2086,2857143,5600,350,233884
-2085,2861230,5592,349,233884
-2083,2861230,5592,349,233895
-2054,2900127,5517,344,233895
-2053,2900127,5517,344,233895
-2052,2902758,5512,344,233896
-2050,2902758,5512,344,233896
-2049,2902758,5512,344,233907
-2019,2942799,5437,339,233907
-2018,2942799,5437,339,233908
-2017,2946050,5431,339,233908
-2016,2946050,5431,339,233908
-1985,2985075,5360,335,233919
-1984,2985075,5360,335,233919
-1983,2988978,5353,334,233920
-1982,2988978,5353,334,233920
-1981,2988978,5353,334,233931
-1950,3028009,5284,330,233931
-1949,3028009,5284,330,233932
-1947,3032026,5277,329,233932
-1946,3032026,5277,329,233932
-1945,3036053,5270,329,233943
-1914,3072197,5208,325,233943
-1912,3075149,5203,325,233944
-1911,3075149,5203,325,233944
-1910,3075149,5203,325,233945
-1878,3115265,5136,321,233955
-1877,3115265,5136,321,233956
-1876,3118908,5130,320,233956
-1875,3118908,5130,320,233956
-1873,3121951,5125,320,233967
-1841,3158934,5065,316,233967
-1840,3162055,5060,316,233968
-1838,3162055,5060,316,233968
-1837,3162055,5060,316,233969
-1836,3165809,5054,315,233979
-1803,3201921,4997,312,233980
-1802,3205770,4991,311,233980
-1801,3205770,4991,311,233980
-1799,3210273,4984,311,233991
-1766,3246095,4929,308,233991
-1765,3250051,4923,307,233992
-1764,3250051,4923,307,233992
-1762,3250051,4923,307,233993
-1761,3252694,4919,307,234003
-1727,3290150,4863,303,234004
-1726,3294215,4857,303,234004
-1725,3294215,4857,303,234004
-1723,3296930,4853,303,234005
-1689,3334028,4799,299,234015
-1688,3338202,4793,299,234016
-1687,3338202,4793,299,234016
-1685,3338202,4793,299,234017
-1684,3341688,4788,299,234027
-1649,3379092,4735,295,234028
-1648,3381949,4731,295,234028
-1647,3381949,4731,295,234028
-1645,3386243,4725,295,234029
-1644,3386243,4725,295,234040
-1609,3426858,4669,291,234040
-1607,3426858,4669,291,234040
-1606,3426858,4669,291,234041
-1605,3429796,4665,291,234041
-1569,3467707,4614,288,234052
-1568,3470716,4610,288,234052
-1566,3470716,4610,288,234052
-1565,3475239,4604,287,234053
-1564,3475239,4604,287,234064
-1527,3515711,4551,284,234064
-1526,3515711,4551,284,234064
-1525,3515711,4551,284,234065
-1523,3520352,4545,284,234065
-1522,3520352,4545,284,234076
-1485,3561095,4493,280,234076
-1484,3561095,4493,280,234077
-1482,3565062,4488,280,234077
-1481,3565062,4488,280,234077
-1444,3606040,4437,277,234088
-1442,3606040,4437,277,234088
-1441,3610108,4432,277,234089
-1439,3610108,4432,277,234089
-1438,3610108,4432,277,234100
-1400,3651301,4382,273,234100
-1399,3651301,4382,273,234101
-1398,3654637,4378,273,234101
-1396,3654637,4378,273,234101
-1395,3658815,4373,273,234112
-1357,3696004,4329,270,234113
-1355,3700278,4324,270,234113
-1354,3700278,4324,270,234113
-1352,3700278,4324,270,234114
-1314,3741815,4276,267,234124
-1312,3745318,4272,267,234125
-1311,3745318,4272,267,234125
-1309,3745318,4272,267,234126
-1308,3748828,4268,266,234136
-1269,3786982,4225,264,234137
-1267,3790571,4221,263,234137
-1266,3790571,4221,263,234137
-1264,3795066,4216,263,234138
-1263,3795066,4216,263,234148
-1223,3836011,4171,260,234149
-1222,3836011,4171,260,234149
-1220,3836011,4171,260,234150
-1219,3839693,4167,260,234160
-1179,3877848,4126,257,234161
-1177,3881611,4122,257,234161
-1175,3881611,4122,257,234161
-1174,3886325,4117,257,234162
-1172,3886325,4117,257,234173
-1132,3928308,4073,254,234173
-1130,3928308,4073,254,234173
-1129,3928308,4073,254,234174
-1127,3932170,4069,254,234174
-1086,3970223,4030,251,234185
-1085,3974168,4026,251,234185
-1083,3974168,4026,251,234186
-1081,3977131,4023,251,234186
-1080,3977131,4023,251,234197
-1038,4020101,3980,248,234197
-1037,4020101,3980,248,234197
-1035,4023133,3977,248,234198
-1034,4023133,3977,248,234198
-1032,4023133,3977,248,234209
-990,4066074,3935,245,234209
-989,4066074,3935,245,234210
-987,4069176,3932,245,234210
-985,4069176,3932,245,234210
-984,4073320,3928,245,234221
-941,4112053,3891,243,234221
-940,4116285,3887,242,234222
-938,4116285,3887,242,234222
-937,4116285,3887,242,234223
-894,4158004,3848,240,234233
-892,4158004,3848,240,234234
-890,4162331,3844,240,234234
-889,4162331,3844,240,234234
-887,4165582,3841,240,234245
-844,4203889,3806,237,234245
-842,4208311,3802,237,234246
-841,4208311,3802,237,234246
-839,4208311,3802,237,234247
-837,4211635,3799,237,234257
-794,4249668,3765,235,234258
-792,4254188,3761,235,234258
-790,4254188,3761,235,234258
-789,4257584,3758,234,234259
-787,4257584,3758,234,234269
-743,4301075,3720,232,234270
-741,4301075,3720,232,234270
-739,4301075,3720,232,234271
-738,4304547,3717,232,234271
-736,4304547,3717,232,234282
-691,4346645,3681,230,234282
-689,4346645,3681,230,234282
-688,4351373,3677,229,234283
-686,4351373,3677,229,234283
-641,4394397,3641,227,234294
-639,4394397,3641,227,234294
-637,4394397,3641,227,234295
-636,4396812,3639,227,234295
-634,4396812,3639,227,234295
-588,4439512,3604,225,234306
-586,4439512,3604,225,234306
-584,4444444,3600,225,234307
-583,4444444,3600,225,234307
-581,4444444,3600,225,234318
-535,4486820,3566,222,234318
-533,4486820,3566,222,234319
-531,4490598,3563,222,234319
-529,4490598,3563,222,234319
-528,4494382,3560,222,234330
-481,4532578,3530,220,234330
-479,4536433,3527,220,234331
-477,4536433,3527,220,234331
-476,4536433,3527,220,234332
-474,4541584,3523,220,234342
-427,4580590,3493,218,234343
-425,4584527,3490,218,234343
-423,4584527,3490,218,234343
-421,4588471,3487,217,234344
-420,4588471,3487,217,234354
-372,4630970,3455,215,234355
-371,4630970,3455,215,234355
-369,4630970,3455,215,234356
-367,4634994,3452,215,234356
-320,4674262,3423,213,234367
-318,4676995,3421,213,234367
-316,4676995,3421,213,234367
-315,4681100,3418,213,234368
-313,4681100,3418,213,234378
-266,4723944,3387,211,234379
-264,4723944,3387,211,234379
-262,4723944,3387,211,234380
-260,4728132,3384,211,234380
-259,4728132,3384,211,234391
-212,4770423,3354,209,234391
-210,4770423,3354,209,234391
-208,4774694,3351,209,234392
-206,4774694,3351,209,234392
-205,4774694,3351,209,234403
-157,4817826,3321,207,234403
-156,4817826,3321,207,234404
-154,4822182,3318,207,234404
-152,4822182,3318,207,234404
-150,4826546,3315,207,234415
-103,4864701,3289,205,234415
-101,4869142,3286,205,234416
-99,4869142,3286,205,234416
-98,4869142,3286,205,234417
-96,4872107,3284,205,234427
-49,4910988,3258,203,234428
-47,4915515,3255,203,234428
-45,4915515,3255,203,234428
-44,4918537,3253,203,234429
-42,4918537,3253,203,234439
3,4961240,3225,201,234440
4,4961240,3225,201,234440
5,4961240,3225,201,234441
6,4965860,3222,201,234441
8,4965860,3222,201,234452
30,4965860,3222,201,234452
31,4965860,3222,201,234452
31,4965860,3222,201,234452
32,4965860,3222,201,234453
32,4965860,3222,201,234463
