Starting
Starting
Stepper Pin:14
1073494572
1073494236
    F_CPU=240000000
    TICKS_PER_S=16000000
.E (1811) wifi:Association refused temporarily, comeback time 299 mSec
E (2117) wifi:Association refused temporarily, comeback time 299 mSec
.E (2421) wifi:Association refused temporarily, comeback time 299 mSec
E (2725) wifi:Association refused temporarily, comeback time 299 mSec
E (3029) wifi:Association refused temporarily, comeback time 299 mSec
.E (3335) wifi:Association refused temporarily, comeback time 299 mSec
E (3639) wifi:Association refused temporarily, comeback time 299 mSec
E (3946) wifi:Association refused temporarily, comeback time 299 mSec
.E (4254) wifi:Association refused temporarily, comeback time 299 mSec
E (4561) wifi:Association refused temporarily, comeback time 299 mSec
..Connected to Wifi, Connecting to server.
[  9222][E][WiFiClient.cpp:313] setSocketOption(): fail on -1, errno: 9, "Bad file number"
Not Connected!
