Starting
Starting
Stepper Pin:14
1073494580
1073494244
    F_CPU=240000000
    TICKS_PER_S=16000000
.Connected to Wifi, Connecting to server.
Connected!

HARD MINIMUM LIMIT: 3613
HARD MAXIMUM LIMIT: 14

TOTAL HARD RANGE: 
3599

3613,4926108,3248,203,53179
3613,4926108,3248,203,53179
3613,4926108,3248,203,53180
3612,4921563,3251,203,53180
3612,4921563,3251,203,53180
3612,4921563,3251,203,53191
3593,4879536,3279,204,53191
3592,4879536,3279,204,53192
3591,4876562,3281,205,53192
3590,4876562,3281,205,53192
3589,4876562,3281,205,53203
3545,4832377,3311,206,53203
3543,4832377,3311,206,53203
3542,4832377,3311,206,53204
3540,4829460,3313,207,53204
3488,4790419,3340,208,53215
3487,4787552,3342,208,53215
3485,4787552,3342,208,53215
3484,4787552,3342,208,53215
3482,4783259,3345,209,53216
3432,4743552,3373,210,53226
3430,4743552,3373,210,53227
3429,4739336,3376,211,53227
3427,4739336,3376,211,53227
3425,4739336,3376,211,53238
3375,4697592,3406,212,53238
3374,4697592,3406,212,53238
3372,4693458,3409,213,53239
3371,4693458,3409,213,53239
3369,4693458,3409,213,53250
3319,4651163,3440,215,53250
3317,4651163,3440,215,53250
3316,4651163,3440,215,53251
3314,4647110,3443,215,53251
3313,4647110,3443,215,53262
3263,4605642,3474,217,53262
3261,4605642,3474,217,53262
3260,4605642,3474,217,53262
3258,4600345,3478,217,53263
3257,4600345,3478,217,53273
3208,4562304,3507,219,53274
3207,4558405,3510,219,53274
3205,4558405,3510,219,53274
3204,4558405,3510,219,53275
3202,4554512,3513,219,53285
3154,4515947,3543,221,53285
3153,4512126,3546,221,53286
3152,4512126,3546,221,53286
3150,4512126,3546,221,53286
3103,4470522,3579,223,53297
3101,4470522,3579,223,53297
3100,4470522,3579,223,53298
3098,4465532,3583,223,53298
3097,4465532,3583,223,53308
3050,4428453,3613,225,53309
3049,4423555,3617,226,53309
3047,4423555,3617,226,53309
3046,4423555,3617,226,53310
3044,4419890,3620,226,53320
2998,4381161,3652,228,53320
2997,4377565,3655,228,53321
2995,4377565,3655,228,53321
2994,4377565,3655,228,53321
2992,4377565,3655,228,53332
2946,4334869,3691,230,53332
2945,4334869,3691,230,53332
2943,4331348,3694,230,53333
2942,4331348,3694,230,53333
2941,4331348,3694,230,53344
2895,4289544,3730,233,53344
2893,4289544,3730,233,53344
2892,4289544,3730,233,53345
2891,4284949,3734,233,53345
2845,4247412,3767,235,53355
2844,4242906,3771,235,53356
2843,4242906,3771,235,53356
2841,4242906,3771,235,53356
2840,4242906,3771,235,53357
2795,4200578,3809,238,53367
2793,4200578,3809,238,53368
2792,4197272,3812,238,53368
2791,4197272,3812,238,53368
2789,4197272,3812,238,53379
2744,4154765,3851,240,53379
2743,4154765,3851,240,53379
2741,4151531,3854,240,53380
2740,4151531,3854,240,53380
2739,4151531,3854,240,53391
2694,4108885,3894,243,53391
2693,4108885,3894,243,53391
2692,4108885,3894,243,53392
2690,4104669,3898,243,53392
2689,4104669,3898,243,53402
2645,4062976,3938,246,53403
2644,4062976,3938,246,53403
2642,4062976,3938,246,53403
2641,4062976,3938,246,53404
2640,4059883,3941,246,53414
2596,4021111,3979,248,53415
2595,4018081,3982,248,53415
2594,4018081,3982,248,53415
2592,4018081,3982,248,53415
2591,4014049,3986,249,53426
2549,3976143,4024,251,53426
2548,3976143,4024,251,53427
2546,3972195,4028,251,53427
2545,3972195,4028,251,53427
2503,3930238,4071,254,53438
2502,3930238,4071,254,53438
2501,3930238,4071,254,53438
2500,3926380,4075,254,53439
2498,3926380,4075,254,53449
2456,3889159,4114,257,53450
2455,3885381,4118,257,53450
2453,3885381,4118,257,53450
2452,3885381,4118,257,53451
2451,3880669,4123,257,53461
2410,3843382,4163,260,53461
2409,3838772,4168,260,53462
2408,3838772,4168,260,53462
2406,3838772,4168,260,53462
2405,3838772,4168,260,53473
2365,3797769,4213,263,53473
2364,3797769,4213,263,53473
2362,3794166,4217,263,53474
2361,3794166,4217,263,53474
2360,3794166,4217,263,53485
2320,3753225,4263,266,53485
2319,3753225,4263,266,53485
2317,3753225,4263,266,53486
2316,3748828,4268,266,53486
2276,3710575,4312,269,53496
2275,3710575,4312,269,53497
2274,3707995,4315,269,53497
2273,3707995,4315,269,53497
2272,3707995,4315,269,53498
2232,3666361,4364,272,53508
2231,3666361,4364,272,53509
2230,3663004,4368,273,53509
2229,3663004,4368,273,53509
2227,3663004,4368,273,53520
2188,3622368,4417,276,53520
2187,3622368,4417,276,53520
2186,3622368,4417,276,53521
2185,3618272,4422,276,53521
2184,3618272,4422,276,53531
2145,3577018,4473,279,53532
2144,3577018,4473,279,53532
2143,3577018,4473,279,53532
2142,3577018,4473,279,53533
2140,3573024,4478,279,53543
2102,3535912,4525,282,53544
2101,3532009,4530,283,53544
2100,3532009,4530,283,53544
2098,3532009,4530,283,53544
2097,3528893,4534,283,53555
2059,3491163,4583,286,53555
2058,3491163,4583,286,53556
2057,3488119,4587,286,53556
2056,3488119,4587,286,53556
2019,3446790,4642,290,53567
2018,3446790,4642,290,53567
2017,3446790,4642,290,53567
2016,3443082,4647,290,53568
2015,3443082,4647,290,53578
1978,3407155,4696,293,53579
1976,3402807,4702,293,53579
1975,3402807,4702,293,53579
1974,3402807,4702,293,53580
1973,3399193,4707,294,53590
1938,3362051,4759,297,53590
1937,3359227,4763,297,53591
1936,3359227,4763,297,53591
1935,3359227,4763,297,53591
1934,3355001,4769,298,53602
1899,3318125,4822,301,53602
1898,3318125,4822,301,53603
1897,3314688,4827,301,53603
1895,3314688,4827,301,53603
1894,3314688,4827,301,53614
1859,3275333,4885,305,53614
1858,3275333,4885,305,53614
1857,3275333,4885,305,53615
1856,3271315,4891,305,53615
1855,3271315,4891,305,53626
1821,3231018,4952,309,53626
1820,3231018,4952,309,53626
1819,3231018,4952,309,53626
1818,3227108,4958,309,53627
1783,3191065,5014,313,53637
1782,3191065,5014,313,53638
1781,3187251,5020,313,53638
1780,3187251,5020,313,53638
1779,3187251,5020,313,53639
1745,3147747,5083,317,53649
1744,3147747,5083,317,53649
1743,3144036,5089,318,53650
1742,3144036,5089,318,53650
1741,3144036,5089,318,53661
1707,3103783,5155,322,53661
1706,3103783,5155,322,53661
1705,3103783,5155,322,53662
1704,3100775,5160,322,53662
1703,3100775,5160,322,53672
1670,3065134,5220,326,53673
1669,3061029,5227,326,53673
1668,3061029,5227,326,53673
1667,3061029,5227,326,53674
1666,3058104,5232,327,53684
1633,3021719,5295,330,53685
1632,3017729,5302,331,53685
1631,3017729,5302,331,53685
1630,3017729,5302,331,53685
1629,3014886,5307,331,53696
1597,2978961,5371,335,53696
1596,2978961,5371,335,53697
1595,2976190,5376,336,53697
1595,2976190,5376,336,53697
1562,2936858,5448,340,53708
1561,2936858,5448,340,53708
1560,2936858,5448,340,53708
1559,2933089,5455,340,53709
1559,2933089,5455,340,53709
1528,2898026,5521,345,53720
1527,2893833,5529,345,53720
1526,2893833,5529,345,53720
1525,2893833,5529,345,53721
1524,2891218,5534,345,53731
1493,2855103,5604,350,53731
1492,2852050,5610,350,53732
1491,2852050,5610,350,53732
1490,2852050,5610,350,53732
1489,2852050,5610,350,53743
1459,2812940,5688,355,53743
1458,2812940,5688,355,53744
1457,2809975,5694,355,53744
1456,2809975,5694,355,53744
1456,2809975,5694,355,53755
1426,2772003,5772,360,53755
1425,2772003,5772,360,53755
1424,2772003,5772,360,53756
1423,2768166,5780,361,53756
1422,2768166,5780,361,53767
1393,2729910,5861,366,53767
1392,2729910,5861,366,53767
1391,2729910,5861,366,53767
1390,2726188,5869,366,53768
1361,2691790,5944,371,53778
1360,2691790,5944,371,53779
1359,2688172,5952,372,53779
1359,2688172,5952,372,53779
1358,2688172,5952,372,53780
1330,2651201,6035,377,53790
1329,2651201,6035,377,53790
1328,2646816,6045,377,53791
1327,2646816,6045,377,53791
1326,2646816,6045,377,53802
1298,2608837,6133,383,53802
1297,2608837,6133,383,53802
1297,2608837,6133,383,53803
1296,2605863,6140,383,53803
1295,2605863,6140,383,53813
1267,2571934,6221,388,53814
1266,2569043,6228,389,53814
1266,2569043,6228,389,53814
1265,2569043,6228,389,53815
1264,2564925,6238,389,53825
1236,2530845,6322,395,53825
1235,2528046,6329,395,53826
1235,2528046,6329,395,53826
1234,2528046,6329,395,53826
1233,2524057,6339,396,53837
1206,2491048,6423,401,53837
1205,2491048,6423,401,53838
1204,2487176,6433,402,53838
1203,2487176,6433,402,53838
1177,2449855,6531,408,53849
1176,2449855,6531,408,53849
1176,2449855,6531,408,53849
1175,2449855,6531,408,53850
1174,2446857,6539,408,53860
1148,2414001,6628,414,53860
1147,2410002,6639,414,53861
1147,2410002,6639,414,53861
1146,2410002,6639,414,53861
1145,2407101,6647,415,53872
1119,2373887,6740,421,53872
1118,2373887,6740,421,53873
1118,2371073,6748,421,53873
1117,2371073,6748,421,53873
1116,2371073,6748,421,53884
1091,2334063,6855,428,53884
1090,2334063,6855,428,53884
1089,2334063,6855,428,53885
1088,2331002,6864,429,53885
1087,2331002,6864,429,53896
1062,2294894,6972,435,53896
1061,2294894,6972,435,53896
1061,2294894,6972,435,53897
1060,2291935,6981,436,53897
1059,2291935,6981,436,53907
1035,2256063,7092,443,53908
1034,2256063,7092,443,53908
1033,2256063,7092,443,53908
1033,2256063,7092,443,53909
1008,2220064,7207,450,53919
1007,2220064,7207,450,53920
1007,2216988,7217,451,53920
1006,2216988,7217,451,53920
1005,2216988,7217,451,53931
981,2181025,7336,458,53931
981,2181025,7336,458,53931
980,2181025,7336,458,53932
979,2178056,7346,459,53932
979,2178056,7346,459,53942
956,2143048,7466,466,53943
955,2143048,7466,466,53943
954,2143048,7466,466,53943
953,2139896,7477,467,53944
953,2139896,7477,467,53944
931,2108037,7590,474,53955
930,2104986,7601,475,53955
929,2104986,7601,475,53955
929,2104986,7601,475,53955
928,2101944,7612,475,53956
905,2070126,7729,483,53966
905,2070126,7729,483,53967
904,2066916,7741,483,53967
903,2066916,7741,483,53967
903,2066916,7741,483,53968
880,2032004,7874,492,53978
880,2032004,7874,492,53978
879,2028912,7886,492,53979
878,2028912,7886,492,53979
878,2028912,7886,492,53979
857,1995012,8020,501,53990
856,1995012,8020,501,53990
855,1995012,8020,501,53991
855,1992032,8032,502,53991
854,1992032,8032,502,53991
833,1957905,8172,510,54002
832,1957905,8172,510,54002
831,1957905,8172,510,54002
831,1954079,8188,511,54003
830,1954079,8188,511,54003
809,1924002,8316,519,54014
809,1920999,8329,520,54014
808,1920999,8329,520,54014
807,1920999,8329,520,54014
807,1918005,8342,521,54015
806,1918005,8342,521,54025
786,1887015,8479,529,54026
785,1883904,8493,530,54026
785,1883904,8493,530,54026
784,1883904,8493,530,54027
783,1881025,8506,531,54037
763,1850995,8644,540,54037
762,1848002,8658,541,54038
762,1848002,8658,541,54038
761,1848002,8658,541,54038
761,1848002,8658,541,54049
741,1814059,8820,551,54049
740,1814059,8820,551,54050
740,1810979,8835,552,54050
739,1810979,8835,552,54050
738,1810979,8835,552,54061
719,1778964,8994,562,54061
718,1778964,8994,562,54061
718,1778964,8994,562,54062
717,1776002,9009,563,54062
717,1776002,9009,563,54072
697,1742919,9180,573,54073
697,1742919,9180,573,54073
696,1742919,9180,573,54073
696,1740076,9195,574,54074
695,1740076,9195,574,54084
676,1711047,9351,584,54085
676,1707942,9368,585,54085
676,1707942,9368,585,54085
675,1707942,9368,585,54086
675,1705030,9384,586,54096
656,1675919,9547,596,54096
655,1672940,9564,597,54097
655,1672940,9564,597,54097
654,1672940,9564,597,54097
654,1669972,9581,598,54108
636,1641026,9750,609,54108
635,1641026,9750,609,54109
635,1638002,9768,610,54109
634,1638002,9768,610,54109
634,1638002,9768,610,54120
616,1605942,9963,622,54120
615,1605942,9963,622,54120
615,1605942,9963,622,54121
615,1603046,9981,623,54121
614,1603046,9981,623,54132
597,1572018,10178,636,54132
597,1572018,10178,636,54132
596,1572018,10178,636,54132
596,1568935,10198,637,54133
595,1568935,10198,637,54143
578,1540980,10383,648,54144
577,1538018,10403,650,54144
577,1538018,10403,650,54144
577,1538018,10403,650,54145
576,1535067,10423,651,54155
559,1508011,10610,663,54155
559,1505032,10631,664,54156
558,1505032,10631,664,54156
558,1505032,10631,664,54156
541,1473975,10855,678,54167
541,1473975,10855,678,54167
540,1473975,10855,678,54167
540,1470994,10877,679,54168
539,1470994,10877,679,54178
525,1444043,11080,692,54179
524,1441052,11103,693,54179
524,1441052,11103,693,54179
524,1441052,11103,693,54180
523,1437944,11127,695,54190
509,1411059,11339,708,54190
508,1408947,11356,709,54191
508,1408947,11356,709,54191
507,1408947,11356,709,54191
507,1405975,11380,711,54202
492,1378954,11603,725,54202
491,1378954,11603,725,54203
491,1375989,11628,726,54203
490,1375989,11628,726,54203
490,1375989,11628,726,54214
475,1347028,11878,742,54214
475,1347028,11878,742,54214
475,1347028,11878,742,54215
474,1343973,11905,744,54215
460,1317957,12140,758,54225
460,1317957,12140,758,54226
459,1315032,12167,760,54226
459,1315032,12167,760,54226
458,1315032,12167,760,54237
444,1285967,12442,777,54237
444,1285967,12442,777,54237
444,1284006,12461,778,54238
443,1284006,12461,778,54238
443,1284006,12461,778,54248
429,1255000,12749,796,54249
429,1255000,12749,796,54249
428,1255000,12749,796,54249
428,1253035,12769,798,54250
428,1253035,12769,798,54260
414,1226994,13040,815,54261
414,1223990,13072,817,54261
413,1223990,13072,817,54261
413,1223990,13072,817,54261
413,1222027,13093,818,54272
400,1195993,13378,836,54272
399,1195993,13378,836,54273
399,1194030,13400,837,54273
398,1194030,13400,837,54273
386,1166011,13722,857,54284
385,1166011,13722,857,54284
385,1166011,13722,857,54284
384,1166011,13722,857,54285
384,1163975,13746,859,54295
371,1139033,14047,877,54295
371,1135960,14085,880,54296
371,1135960,14085,880,54296
370,1135960,14085,880,54296
370,1135960,14085,880,54307
358,1109032,14427,901,54307
357,1109032,14427,901,54307
357,1107037,14453,903,54308
357,1107037,14453,903,54308
356,1107037,14453,903,54319
344,1079987,14815,925,54319
344,1079987,14815,925,54319
343,1079987,14815,925,54319
343,1078022,14842,927,54320
343,1078022,14842,927,54330
331,1054018,15180,948,54331
331,1050972,15224,951,54331
330,1050972,15224,951,54331
330,1050972,15224,951,54331
319,1024984,15610,975,54342
319,1024984,15610,975,54342
319,1024984,15610,975,54343
319,1023018,15640,977,54343
318,1023018,15640,977,54353
309,997009,16048,1003,54354
308,997009,16048,1003,54354
308,997009,16048,1003,54354
308,997009,16048,1003,54355
308,995025,16080,1005,54365
298,970992,16478,1029,54365
298,968992,16512,1032,54366
297,968992,16512,1032,54366
297,968992,16512,1032,54366
297,968992,16512,1032,54377
287,944008,16949,1059,54377
287,944008,16949,1059,54377
287,942008,16985,1061,54378
286,942008,16985,1061,54378
286,942008,16985,1061,54389
276,917011,17448,1090,54389
276,917011,17448,1090,54389
275,917011,17448,1090,54390
275,914025,17505,1094,54390
265,892011,17937,1121,54400
265,892011,17937,1121,54401
264,889977,17978,1123,54401
264,889977,17978,1123,54401
264,889977,17978,1123,54412
254,865988,18476,1154,54412
254,865988,18476,1154,54412
253,862999,18540,1158,54413
253,862999,18540,1158,54413
253,862999,18540,1158,54423
244,839014,19070,1191,54424
244,839014,19070,1191,54424
243,839014,19070,1191,54424
243,836995,19116,1194,54425
243,836995,19116,1194,54435
234,815993,19608,1225,54436
234,814001,19656,1228,54436
233,814001,19656,1228,54436
233,814001,19656,1228,54436
233,812018,19704,1231,54447
224,790006,20253,1265,54447
224,790006,20253,1265,54448
223,787983,20305,1269,54448
223,787983,20305,1269,54448
215,767018,20860,1303,54459
214,765001,20915,1307,54459
214,765001,20915,1307,54459
214,765001,20915,1307,54460
214,762995,20970,1310,54470
205,743011,21534,1345,54470
205,741015,21592,1349,54471
205,741015,21592,1349,54471
205,741015,21592,1349,54471
205,741015,21592,1349,54482
197,718004,22284,1392,54482
196,718004,22284,1392,54482
196,716012,22346,1396,54483
196,716012,22346,1396,54483
196,716012,22346,1396,54494
188,693993,23055,1440,54494
188,693993,23055,1440,54494
188,693993,23055,1440,54494
187,692012,23121,1445,54495
187,692012,23121,1445,54505
180,673004,23774,1485,54506
179,671000,23845,1490,54506
179,671000,23845,1490,54506
179,671000,23845,1490,54507
172,650010,24615,1538,54517
171,650010,24615,1538,54517
171,648009,24691,1543,54518
171,648009,24691,1543,54518
171,648009,24691,1543,54518
164,627008,25518,1594,54529
163,627008,25518,1594,54529
163,627008,25518,1594,54529
163,625000,25600,1600,54530
163,625000,25600,1600,54540
156,605992,26403,1650,54541
156,604002,26490,1655,54541
155,604002,26490,1655,54541
155,604002,26490,1655,54541
155,602002,26578,1661,54552
148,584006,27397,1712,54552
148,584006,27397,1712,54553
148,582009,27491,1718,54553
148,582009,27491,1718,54553
147,582009,27491,1718,54564
141,561995,28470,1779,54564
141,561995,28470,1779,54564
141,560008,28571,1785,54565
140,560008,28571,1785,54565
140,560008,28571,1785,54576
134,540997,29575,1848,54576
134,540997,29575,1848,54576
133,540997,29575,1848,54576
133,538993,29685,1855,54577
127,522006,30651,1915,54587
127,522006,30651,1915,54588
127,520004,30769,1923,54588
127,520004,30769,1923,54588
127,520004,30769,1923,54599
121,501002,31936,1996,54599
120,501002,31936,1996,54599
120,501002,31936,1996,54600
120,499002,32064,2004,54600
120,499002,32064,2004,54610
114,481000,33264,2079,54611
114,481000,33264,2079,54611
114,481000,33264,2079,54611
114,481000,33264,2079,54612
114,478999,33403,2087,54622
108,463003,34557,2159,54623
108,461002,34707,2169,54623
108,461002,34707,2169,54623
108,461002,34707,2169,54623
108,459005,34858,2178,54634
102,443005,36117,2257,54634
102,443005,36117,2257,54635
102,442001,36199,2262,54635
102,442001,36199,2262,54635
97,425996,37559,2347,54646
97,423998,37736,2358,54646
97,423998,37736,2358,54646
97,423998,37736,2358,54647
96,423001,37825,2364,54647
92,407000,39312,2457,54657
92,405002,39506,2469,54658
91,405002,39506,2469,54658
91,405002,39506,2469,54658
91,405002,39506,2469,54659
87,389001,41131,2570,54669
86,389001,41131,2570,54669
86,386997,41344,2584,54670
86,386997,41344,2584,54670
86,386997,41344,2584,54670
82,370997,43127,2695,54681
82,370997,43127,2695,54681
81,370997,43127,2695,54681
81,369004,43360,2710,54682
81,369004,43360,2710,54682
77,355003,45070,2816,54693
77,352998,45326,2832,54693
77,352998,45326,2832,54693
77,352998,45326,2832,54693
76,351996,45455,2840,54694
72,338002,47337,2958,54704
72,338002,47337,2958,54705
72,336000,47619,2976,54705
72,336000,47619,2976,54705
72,336000,47619,2976,54705
68,321002,49844,3115,54716
68,321002,49844,3115,54716
68,321002,49844,3115,54717
68,320000,50000,3125,54717
68,320000,50000,3125,54717
64,305000,52459,3278,54728
64,305000,52459,3278,54728
64,305000,52459,3278,54728
64,305000,52459,3278,54729
63,303002,52805,3300,54729
60,290002,55172,3448,54739
60,289002,55363,3460,54740
60,289002,55363,3460,54740
60,289002,55363,3460,54740
60,289002,55363,3460,54741
56,274999,58182,3636,54751
56,274999,58182,3636,54751
56,273000,58608,3663,54752
56,273000,58608,3663,54752
56,273000,58608,3663,54752
53,260002,61538,3846,54763
52,260002,61538,3846,54763
52,260002,61538,3846,54763
52,257998,62016,3876,54764
52,257998,62016,3876,54764
49,245999,65041,4065,54775
49,245000,65306,4081,54775
49,245000,65306,4081,54776
49,243999,65574,4098,54776
49,243999,65574,4098,54776
49,243999,65574,4098,54787
46,231000,69264,4329,54787
46,231000,69264,4329,54787
46,229000,69869,4366,54788
46,229000,69869,4366,54788
45,229000,69869,4366,54799
43,216999,73733,4608,54799
43,216999,73733,4608,54799
43,216999,73733,4608,54799
42,216000,74074,4629,54800
42,216000,74074,4629,54810
40,204001,78431,4901,54811
40,202999,78818,4926,54811
40,202999,78818,4926,54811
40,202999,78818,4926,54811
40,202000,79208,4950,54822
37,190999,83770,5235,54822
37,190999,83770,5235,54823
37,189999,84211,5263,54823
37,189999,84211,5263,54823
37,189999,84211,5263,54834
34,179001,89385,5586,54834
34,179001,89385,5586,54834
34,179001,89385,5586,54835
34,177999,89888,5618,54835
34,177999,89888,5618,54845
32,167001,95808,5988,54846
31,167001,95808,5988,54846
31,167001,95808,5988,54846
31,167001,95808,5988,54847
31,165999,96386,6024,54857
29,156000,102564,6410,54857
29,155000,103226,6451,54858
29,155000,103226,6451,54858
29,155000,103226,6451,54858
27,144000,111111,6944,54869
27,144000,111111,6944,54869
27,144000,111111,6944,54869
27,144000,111111,6944,54870
27,144000,111111,6944,54880
25,134000,119403,7462,54881
25,134000,119403,7462,54881
25,134000,119403,7462,54881
25,134000,119403,7462,54881
25,133000,120301,7518,54892
23,124000,129032,8064,54892
23,124000,129032,8064,54893
23,123000,130081,8130,54893
23,123000,130081,8130,54893
23,123000,130081,8130,54904
21,114000,140351,8771,54904
21,114000,140351,8771,54904
21,114000,140351,8771,54905
21,113000,141593,8849,54905
21,113000,141593,8849,54915
20,104000,153846,9615,54916
20,104000,153846,9615,54916
19,104000,153846,9615,54916
19,104000,153846,9615,54917
18,95000,168421,10526,54927
18,95000,168421,10526,54927
18,95000,168421,10526,54928
18,95000,168421,10526,54928
18,95000,168421,10526,54939
17,87000,183908,11494,54939
17,87000,183908,11494,54939
17,87000,183908,11494,54940
17,86000,186047,11627,54940
17,86000,186047,11627,54950
15,79000,202532,12658,54951
15,78000,205128,12820,54951
15,78000,205128,12820,54951
15,78000,205128,12820,54952
15,77000,207792,12987,54962
15,71000,225352,14084,54962
15,70000,228571,14285,54963
15,70000,228571,14285,54963
14,70000,228571,14285,54963
14,70000,228571,14285,54974
14,63000,253968,15873,54974
14,63000,253968,15873,54974
14,63000,253968,15873,54975
14,4930663,3245,202,95675
14,4926108,3248,203,95676
14,4926108,3248,203,95676
14,4926108,3248,203,95676
14,4926108,3248,203,95677
14,4921563,3251,203,95677
25,4884005,3276,204,95688
25,4879536,3279,204,95688
26,4879536,3279,204,95688
27,4879536,3279,204,95689
28,4876562,3281,205,95689
28,4876562,3281,205,95699
67,4836759,3308,206,95700
68,4832377,3311,206,95700
70,4832377,3311,206,95700
71,4832377,3311,206,95701
73,4829460,3313,207,95711
124,4790419,3340,208,95712
126,4787552,3342,208,95712
128,4787552,3342,208,95712
129,4787552,3342,208,95713
131,4783259,3345,209,95723
182,4743552,3373,210,95723
183,4739336,3376,211,95724
185,4739336,3376,211,95724
187,4739336,3376,211,95724
188,4736530,3378,211,95735
239,4697592,3406,212,95735
241,4697592,3406,212,95736
242,4693458,3409,213,95736
244,4693458,3409,213,95736
246,4689332,3412,213,95747
296,4651163,3440,215,95747
298,4651163,3440,215,95748
299,4647110,3443,215,95748
301,4647110,3443,215,95748
302,4647110,3443,215,95759
352,4605642,3474,217,95759
353,4605642,3474,217,95759
355,4600345,3478,217,95760
356,4600345,3478,217,95760
358,4600345,3478,217,95771
407,4558405,3510,219,95771
408,4558405,3510,219,95771
410,4558405,3510,219,95772
411,4554512,3513,219,95772
413,4554512,3513,219,95772
461,4512126,3546,221,95783
462,4512126,3546,221,95783
464,4512126,3546,221,95783
465,4508312,3549,221,95784
467,4508312,3549,221,95784
514,4470522,3579,223,95795
515,4465532,3583,223,95795
517,4465532,3583,223,95795
518,4465532,3583,223,95796
520,4461796,3586,224,95796
566,4423555,3617,226,95806
567,4419890,3620,226,95807
569,4419890,3620,226,95807
570,4419890,3620,226,95807
572,4416230,3623,226,95808
619,4377565,3655,228,95818
620,4377565,3655,228,95819
622,4373975,3658,228,95819
623,4373975,3658,228,95819
624,4373975,3658,228,95819
670,4331348,3694,230,95830
672,4331348,3694,230,95830
673,4331348,3694,230,95831
674,4326663,3698,231,95831
676,4326663,3698,231,95831
677,4326663,3698,231,95842
723,4284949,3734,233,95842
724,4284949,3734,233,95842
726,4281509,3737,233,95843
727,4281509,3737,233,95843
729,4281509,3737,233,95854
774,4239534,3774,235,95854
775,4239534,3774,235,95854
777,4239534,3774,235,95855
778,4235045,3778,236,95855
779,4235045,3778,236,95865
824,4192872,3816,238,95866
826,4192872,3816,238,95866
827,4192872,3816,238,95866
829,4188482,3820,238,95867
830,4188482,3820,238,95877
874,4151531,3854,240,95878
876,4147227,3858,241,95878
877,4147227,3858,241,95878
878,4147227,3858,241,95879
880,4142931,3862,241,95889
924,4104669,3898,243,95889
925,4101512,3901,243,95890
927,4101512,3901,243,95890
928,4101512,3901,243,95890
929,4101512,3901,243,95901
973,4059883,3941,246,95901
974,4059883,3941,246,95902
976,4055767,3945,246,95902
977,4055767,3945,246,95902
978,4055767,3945,246,95913
1022,4014049,3986,249,95913
1023,4014049,3986,249,95913
1024,4014049,3986,249,95914
1026,4010025,3990,249,95914
1027,4010025,3990,249,95925
1070,3968254,4032,252,95925
1071,3968254,4032,252,95925
1072,3968254,4032,252,95925
1074,3964321,4036,252,95926
1075,3964321,4036,252,95936
1118,3926380,4075,254,95937
1119,3922530,4079,254,95937
1120,3922530,4079,254,95937
1121,3922530,4079,254,95938
1163,3880669,4123,257,95948
1164,3880669,4123,257,95948
1165,3876908,4127,257,95949
1167,3876908,4127,257,95949
1168,3876908,4127,257,95960
1209,3836011,4171,260,95960
1210,3836011,4171,260,95960
1212,3836011,4171,260,95961
1213,3832335,4175,260,95961
1214,3832335,4175,260,95972
1255,3789673,4222,263,95972
1256,3789673,4222,263,95972
1257,3789673,4222,263,95972
1258,3786982,4225,264,95973
1260,3786982,4225,264,95983
1300,3748828,4268,266,95984
1301,3745318,4272,267,95984
1303,3745318,4272,267,95984
1304,3745318,4272,267,95985
1305,3740940,4277,267,95995
1345,3703704,4320,270,95995
1346,3700278,4324,270,95996
1347,3700278,4324,270,95996
1348,3700278,4324,270,95996
1350,3696004,4329,270,96007
1389,3658815,4373,273,96007
1390,3658815,4373,273,96008
1392,3654637,4378,273,96008
1393,3654637,4378,273,96008
1432,3614186,4427,276,96019
1433,3614186,4427,276,96019
1434,3614186,4427,276,96019
1435,3610108,4432,277,96020
1437,3610108,4432,277,96020
1475,3573024,4478,279,96031
1476,3569039,4483,280,96031
1478,3569039,4483,280,96031
1479,3569039,4483,280,96032
1480,3565857,4487,280,96042
1518,3528893,4534,283,96042
1519,3525006,4539,283,96043
1521,3525006,4539,283,96043
1522,3525006,4539,283,96043
1523,3521127,4544,284,96054
1560,3484321,4592,287,96054
1561,3484321,4592,287,96055
1562,3479774,4598,287,96055
1563,3479774,4598,287,96055
1564,3479774,4598,287,96066
1602,3440120,4651,290,96066
1603,3440120,4651,290,96066
1604,3435688,4657,291,96067
1605,3435688,4657,291,96067
1606,3435688,4657,291,96078
1643,3396307,4711,294,96078
1644,3396307,4711,294,96078
1645,3396307,4711,294,96079
1646,3391986,4717,294,96079
1647,3391986,4717,294,96089
1683,3350785,4775,298,96090
1684,3350785,4775,298,96090
1685,3350785,4775,298,96090
1686,3347981,4779,298,96091
1722,3311258,4832,302,96101
1723,3311258,4832,302,96102
1724,3307152,4838,302,96102
1725,3307152,4838,302,96102
1726,3307152,4838,302,96113
1761,3267307,4897,306,96113
1762,3267307,4897,306,96113
1763,3263974,4902,306,96114
1764,3263974,4902,306,96114
1765,3263974,4902,306,96125
1800,3223857,4963,310,96125
1801,3223857,4963,310,96125
1802,3223857,4963,310,96126
1803,3219964,4969,310,96126
1804,3219964,4969,310,96136
1839,3180282,5031,314,96137
1840,3180282,5031,314,96137
1841,3180282,5031,314,96137
1842,3177125,5036,314,96138
1843,3177125,5036,314,96148
1877,3139717,5096,318,96149
1878,3137255,5100,318,96149
1879,3137255,5100,318,96149
1880,3137255,5100,318,96150
1881,3132955,5107,319,96160
1915,3097174,5166,322,96160
1916,3094179,5171,323,96161
1917,3094179,5171,323,96161
1918,3094179,5171,323,96161
1951,3054018,5239,327,96172
1952,3054018,5239,327,96172
1953,3054018,5239,327,96173
1954,3051106,5244,327,96173
1955,3051106,5244,327,96173
1988,3010915,5314,332,96184
1989,3010915,5314,332,96184
1990,3010915,5314,332,96184
1991,3008084,5319,332,96185
1992,3008084,5319,332,96195
2024,2971768,5384,336,96196
2025,2969011,5389,336,96196
2026,2969011,5389,336,96196
2027,2969011,5389,336,96197
2028,2965159,5396,337,96207
2060,2929866,5461,341,96207
2061,2926116,5468,341,96208
2062,2926116,5468,341,96208
2063,2926116,5468,341,96208
2064,2921841,5476,342,96219
2094,2887044,5542,346,96219
2095,2887044,5542,346,96220
2096,2883922,5548,346,96220
2097,2883922,5548,346,96220
2098,2883922,5548,346,96231
2129,2844950,5624,351,96231
2130,2844950,5624,351,96231
2131,2840909,5632,352,96232
2132,2840909,5632,352,96232
2133,2840909,5632,352,96243
2163,2803083,5708,356,96243
2164,2803083,5708,356,96243
2165,2803083,5708,356,96244
2166,2799160,5716,357,96244
2195,2764818,5787,361,96254
2196,2761001,5795,362,96255
2197,2761001,5795,362,96255
2197,2761001,5795,362,96255
2198,2758145,5801,362,96266
2228,2722941,5876,367,96266
2228,2722941,5876,367,96267
2229,2718777,5885,367,96267
2230,2718777,5885,367,96267
2231,2718777,5885,367,96278
2259,2680965,5968,373,96278
2260,2680965,5968,373,96278
2261,2677824,5975,373,96279
2262,2677824,5975,373,96279
2263,2677824,5975,373,96290
2291,2639828,6061,378,96290
2292,2639828,6061,378,96290
2293,2639828,6061,378,96291
2294,2636783,6068,379,96291
2295,2636783,6068,379,96302
2323,2599090,6156,384,96302
2324,2599090,6156,384,96302
2325,2599090,6156,384,96302
2326,2596138,6163,385,96303
2326,2596138,6163,385,96313
2354,2562050,6245,390,96314
2355,2557954,6255,390,96314
2356,2557954,6255,390,96314
2357,2557954,6255,390,96315
2384,2520876,6347,396,96325
2385,2520876,6347,396,96325
2386,2518099,6354,397,96326
2387,2518099,6354,397,96326
2388,2518099,6354,397,96326
2415,2481005,6449,403,96337
2416,2481005,6449,403,96337
2416,2481005,6449,403,96338
2417,2477164,6459,403,96338
2418,2477164,6459,403,96348
2444,2440140,6557,409,96349
2445,2440140,6557,409,96349
2446,2440140,6557,409,96349
2446,2437167,6565,410,96350
2447,2437167,6565,410,96360
2473,2403846,6656,416,96361
2474,2399880,6667,416,96361
2475,2399880,6667,416,96361
2476,2399880,6667,416,96362
2476,2397004,6675,417,96372
2502,2364066,6768,423,96372
2503,2360927,6777,423,96373
2504,2360927,6777,423,96373
2505,2360927,6777,423,96373
2506,2357101,6788,424,96384
2531,2323893,6885,430,96384
2532,2323893,6885,430,96385
2533,2320859,6894,430,96385
2533,2320859,6894,430,96385
2534,2320859,6894,430,96396
2559,2285061,7002,437,96396
2560,2285061,7002,437,96396
2560,2282128,7011,438,96397
2561,2282128,7011,438,96397
2585,2249086,7114,444,96408
2586,2245929,7124,445,96408
2587,2245929,7124,445,96408
2588,2245929,7124,445,96409
2588,2243095,7133,445,96419
2613,2209945,7240,452,96419
2613,2206897,7250,453,96420
2614,2206897,7250,453,96420
2615,2206897,7250,453,96420
2616,2203857,7260,453,96431
2640,2172142,7366,460,96431
2641,2172142,7366,460,96432
2641,2168903,7377,461,96432
2642,2168903,7377,461,96432
2642,2168903,7377,461,96443
2665,2133049,7501,468,96443
2666,2133049,7501,468,96443
2667,2129925,7512,469,96444
2668,2129925,7512,469,96444
2668,2129925,7512,469,96455
2692,2095064,7637,477,96455
2692,2095064,7637,477,96455
2693,2095064,7637,477,96456
2693,2092050,7648,478,96456
2694,2092050,7648,478,96466
2716,2057084,7778,486,96467
2716,2057084,7778,486,96467
2717,2057084,7778,486,96467
2718,2053915,7790,486,96468
2740,2023012,7909,494,96478
2740,2023012,7909,494,96479
2741,2019947,7921,495,96479
2741,2019947,7921,495,96479
2742,2019947,7921,495,96480
2763,1985112,8060,503,96490
2763,1985112,8060,503,96490
2764,1981915,8073,504,96491
2765,1981915,8073,504,96491
2765,1981915,8073,504,96502
2786,1947894,8214,513,96502
2787,1947894,8214,513,96502
2787,1947894,8214,513,96503
2788,1945052,8226,514,96503
2789,1945052,8226,514,96514
2810,1910904,8373,523,96514
2810,1910904,8373,523,96514
2811,1910904,8373,523,96514
2812,1907942,8386,524,96515
2812,1907942,8386,524,96525
2833,1877934,8520,532,96526
2833,1875073,8533,533,96526
2834,1875073,8533,533,96526
2835,1875073,8533,533,96527
2835,1872002,8547,534,96537
2856,1842045,8686,542,96538
2856,1838024,8705,544,96538
2857,1838024,8705,544,96538
2858,1838024,8705,544,96538
2858,1835073,8719,544,96549
2878,1805054,8864,554,96549
2878,1805054,8864,554,96550
2879,1802005,8879,554,96550
2879,1802005,8879,554,96550
2898,1769912,9040,565,96561
2899,1769912,9040,565,96561
2900,1769912,9040,565,96561
2900,1766980,9055,565,96562
2901,1766980,9055,565,96562
2919,1737054,9211,575,96573
2920,1734041,9227,576,96573
2921,1734041,9227,576,96573
2921,1734041,9227,576,96574
2922,1731040,9243,577,96584
2940,1701947,9401,587,96584
2941,1699055,9417,588,96585
2941,1699055,9417,588,96585
2942,1699055,9417,588,96585
2943,1695993,9434,589,96596
2961,1667014,9598,599,96596
2961,1664067,9615,600,96597
2962,1664067,9615,600,96597
2962,1664067,9615,600,96597
2963,1664067,9615,600,96608
2981,1631987,9804,612,96608
2981,1631987,9804,612,96609
2982,1628996,9822,613,96609
2983,1628996,9822,613,96609
2983,1628996,9822,613,96620
3001,1597923,10013,625,96620
3001,1597923,10013,625,96620
3002,1595055,10031,626,96621
3002,1595055,10031,626,96621
3020,1566017,10217,638,96632
3020,1564027,10230,639,96632
3021,1564027,10230,639,96632
3021,1564027,10230,639,96633
3022,1560976,10250,640,96643
3039,1533008,10437,652,96643
3039,1529929,10458,653,96644
3040,1529929,10458,653,96644
3040,1529929,10458,653,96644
3041,1529929,10458,653,96655
3057,1498969,10674,667,96655
3058,1498969,10674,667,96656
3058,1496026,10695,668,96656
3059,1496026,10695,668,96656
3075,1466007,10914,682,96667
3076,1466007,10914,682,96667
3076,1466007,10914,682,96667
3077,1463058,10936,683,96668
3077,1463058,10936,683,96678
3092,1436008,11142,696,96679
3092,1433050,11165,697,96679
3093,1433050,11165,697,96679
3093,1433050,11165,697,96680
3094,1429976,11189,699,96690
3108,1403016,11404,712,96690
3109,1403016,11404,712,96691
3109,1399948,11429,714,96691
3110,1399948,11429,714,96691
3125,1371037,11670,729,96702
3125,1371037,11670,729,96702
3126,1371037,11670,729,96702
3126,1367989,11696,731,96703
3126,1367989,11696,731,96713
3141,1341044,11931,745,96714
3141,1339024,11949,746,96714
3142,1339024,11949,746,96714
3142,1339024,11949,746,96714
3143,1336005,11976,748,96725
3157,1309972,12214,763,96725
3157,1309972,12214,763,96726
3158,1306976,12242,765,96726
3158,1306976,12242,765,96736
3172,1281025,12490,780,96737
3173,1277955,12520,782,96737
3173,1277955,12520,782,96737
3174,1277955,12520,782,96738
3174,1276019,12539,783,96748
3188,1250000,12800,800,96748
3188,1246980,12831,801,96749
3189,1246980,12831,801,96749
3189,1246980,12831,801,96749
3203,1218955,13126,820,96760
3203,1218955,13126,820,96760
3204,1218955,13126,820,96760
3204,1217008,13147,821,96761
3204,1217008,13147,821,96771
3217,1191008,13434,839,96772
3217,1188972,13457,841,96772
3218,1188972,13457,841,96772
3218,1188972,13457,841,96772
3218,1185976,13491,843,96783
3231,1161019,13781,861,96783
3231,1161019,13781,861,96784
3232,1159000,13805,862,96784
3232,1159000,13805,862,96794
3245,1130982,14147,884,96795
3245,1130982,14147,884,96795
3246,1130982,14147,884,96795
3246,1130982,14147,884,96796
3246,1128987,14172,885,96806
3259,1103981,14493,905,96806
3259,1102004,14519,907,96807
3259,1102004,14519,907,96807
3260,1102004,14519,907,96807
3272,1074980,14884,930,96818
3272,1074980,14884,930,96818
3272,1074980,14884,930,96819
3273,1073033,14911,931,96819
3273,1073033,14911,931,96829
3285,1048974,15253,953,96830
3285,1046025,15296,956,96830
3285,1046025,15296,956,96830
3286,1046025,15296,956,96831
3286,1043978,15326,957,96841
3297,1020018,15686,980,96841
3297,1018006,15717,982,96842
3298,1018006,15717,982,96842
3298,1018006,15717,982,96842
3308,992002,16129,1008,96853
3308,992002,16129,1008,96853
3308,992002,16129,1008,96853
3308,989976,16162,1010,96854
3308,989976,16162,1010,96864
3318,967001,16546,1034,96865
3318,963972,16598,1037,96865
3318,963972,16598,1037,96865
3319,963972,16598,1037,96865
3319,962001,16632,1039,96876
3329,939022,17039,1064,96876
3329,939022,17039,1064,96877
3330,936988,17076,1067,96877
3330,936988,17076,1067,96887
3339,914025,17505,1094,96888
3340,911993,17544,1096,96888
3340,911993,17544,1096,96888
3340,911993,17544,1096,96889
3341,910022,17582,1098,96899
3351,888001,18018,1126,96900
3351,885005,18079,1129,96900
3351,885005,18079,1129,96900
3352,885005,18079,1129,96901
3362,861002,18583,1161,96911
3362,861002,18583,1161,96911
3362,859014,18626,1164,96912
3362,859014,18626,1164,96912
3363,859014,18626,1164,96922
3372,834986,19162,1197,96923
3372,834986,19162,1197,96923
3372,834986,19162,1197,96923
3373,832986,19208,1200,96924
3373,832986,19208,1200,96934
3382,812018,19704,1231,96935
3382,808980,19778,1236,96935
3382,808980,19778,1236,96935
3382,808980,19778,1236,96935
3391,786009,20356,1272,96946
3391,786009,20356,1272,96946
3391,786009,20356,1272,96947
3391,784006,20408,1275,96947
3391,784006,20408,1275,96957
3400,762995,20970,1310,96958
3400,760999,21025,1314,96958
3400,760999,21025,1314,96958
3400,760999,21025,1314,96959
3401,759013,21080,1317,96969
3409,738996,21651,1353,96969
3409,736988,21710,1356,96970
3409,736988,21710,1356,96970
3410,736988,21710,1356,96981
3418,713999,22409,1400,96981
3418,713999,22409,1400,96981
3418,713999,22409,1400,96981
3418,711997,22472,1404,96982
3418,711997,22472,1404,96992
3426,692012,23121,1445,96993
3426,690012,23188,1449,96993
3427,690012,23188,1449,96993
3427,690012,23188,1449,96993
3434,669008,23916,1494,97004
3435,669008,23916,1494,97004
3435,669008,23916,1494,97005
3435,667000,23988,1499,97005
3435,667000,23988,1499,97015
3443,648009,24691,1543,97016
3443,645995,24768,1548,97016
3443,645995,24768,1548,97016
3443,645995,24768,1548,97017
3443,643993,24845,1552,97027
3451,625000,25600,1600,97027
3451,623004,25682,1605,97028
3451,623004,25682,1605,97028
3451,623004,25682,1605,97038
3458,602002,26578,1661,97039
3458,602002,26578,1661,97039
3459,602002,26578,1661,97039
3459,601007,26622,1663,97040
3459,601007,26622,1663,97050
3466,582009,27491,1718,97051
3466,580004,27586,1724,97051
3466,580004,27586,1724,97051
3466,580004,27586,1724,97051
3473,560008,28571,1785,97062
3473,560008,28571,1785,97062
3473,560008,28571,1785,97063
3473,558991,28623,1788,97063
3474,558991,28623,1788,97073
3480,540997,29575,1848,97074
3480,538993,29685,1855,97074
3480,538993,29685,1855,97074
3480,538993,29685,1855,97075
3480,537003,29795,1862,97085
3486,520004,30769,1923,97085
3487,520004,30769,1923,97086
3487,518001,30888,1930,97086
3487,518001,30888,1930,97096
3493,499002,32064,2004,97097
3493,499002,32064,2004,97097
3493,499002,32064,2004,97097
3493,497992,32129,2008,97098
3494,497992,32129,2008,97108
3499,481000,33264,2079,97109
3499,478999,33403,2087,97109
3499,478999,33403,2087,97109
3500,478999,33403,2087,97109
3505,461002,34707,2169,97120
3505,461002,34707,2169,97120
3505,461002,34707,2169,97121
3505,459005,34858,2178,97121
3506,459005,34858,2178,97131
3511,442001,36199,2262,97132
3511,442001,36199,2262,97132
3511,442001,36199,2262,97132
3511,442001,36199,2262,97133
3511,439996,36364,2272,97143
3516,423998,37736,2358,97143
3517,423001,37825,2364,97144
3517,423001,37825,2364,97144
3517,423001,37825,2364,97144
3522,405002,39506,2469,97155
3522,405002,39506,2469,97155
3522,405002,39506,2469,97156
3522,404000,39604,2475,97156
3522,404000,39604,2475,97166
3527,389001,41131,2570,97167
3527,386997,41344,2584,97167
3527,386997,41344,2584,97167
3527,386997,41344,2584,97168
3527,385998,41451,2590,97178
3532,370997,43127,2695,97178
3532,370997,43127,2695,97179
3532,369004,43360,2710,97179
3532,369004,43360,2710,97189
3536,352998,45326,2832,97190
3537,352998,45326,2832,97190
3537,352998,45326,2832,97190
3537,352998,45326,2832,97191
3537,351996,45455,2840,97201
3541,338002,47337,2958,97201
3541,336000,47619,2976,97202
3541,336000,47619,2976,97202
3541,336000,47619,2976,97202
3545,321002,49844,3115,97213
3545,321002,49844,3115,97213
3545,321002,49844,3115,97214
3545,320000,50000,3125,97214
3546,320000,50000,3125,97224
3549,305998,52288,3268,97225
3549,305000,52459,3278,97225
3549,305000,52459,3278,97225
3550,305000,52459,3278,97226
3550,303002,52805,3300,97236
3553,290002,55172,3448,97236
3553,290002,55172,3448,97237
3553,289002,55363,3460,97237
3553,289002,55363,3460,97247
3557,274999,58182,3636,97248
3557,274999,58182,3636,97248
3557,274999,58182,3636,97248
3557,274999,58182,3636,97249
3557,273000,58608,3663,97259
3560,260999,61303,3831,97259
3560,260002,61538,3846,97260
3561,260002,61538,3846,97260
3561,260002,61538,3846,97260
3564,245999,65041,4065,97271
3564,245999,65041,4065,97271
3564,245999,65041,4065,97271
3564,245000,65306,4081,97272
3564,245000,65306,4081,97282
3567,232998,68670,4291,97283
3567,231998,68966,4310,97283
3567,231998,68966,4310,97283
3567,231998,68966,4310,97283
3567,231000,69264,4329,97294
3570,219001,73059,4566,97294
3570,219001,73059,4566,97295
3570,218001,73394,4587,97295
3570,218001,73394,4587,97305
3573,206000,77670,4854,97306
3573,206000,77670,4854,97306
3573,206000,77670,4854,97306
3573,206000,77670,4854,97307
3573,204001,78431,4901,97317
3576,194001,82474,5154,97317
3576,192999,82902,5181,97318
3576,192999,82902,5181,97318
3576,192999,82902,5181,97318
3579,181000,88398,5524,97329
3579,181000,88398,5524,97329
3579,181000,88398,5524,97329
3579,180000,88889,5555,97330
3579,180000,88889,5555,97340
3581,169999,94118,5882,97341
3581,168999,94675,5917,97341
3581,168999,94675,5917,97341
3581,168999,94675,5917,97341
3582,168000,95238,5952,97352
3584,158000,101266,6329,97352
3584,158000,101266,6329,97353
3584,157000,101911,6369,97353
3584,157000,101911,6369,97363
3586,146999,108844,6802,97364
3586,146000,109589,6849,97364
3586,146000,109589,6849,97364
3586,146000,109589,6849,97365
3586,145000,110345,6896,97375
3588,136000,117647,7352,97375
3588,136000,117647,7352,97376
3588,134999,118519,7407,97376
3588,134999,118519,7407,97387
3590,126000,126984,7936,97387
3590,126000,126984,7936,97387
3590,126000,126984,7936,97387
3590,125000,128000,8000,97388
3591,116000,137931,8620,97398
3591,116000,137931,8620,97399
3592,115000,139130,8695,97399
3592,115000,139130,8695,97399
3592,115000,139130,8695,97410
3593,106000,150943,9433,97410
3593,106000,150943,9433,97410
3593,106000,150943,9433,97411
3593,106000,150943,9433,97411
3595,98000,163265,10204,97421
3595,97000,164948,10309,97422
3595,97000,164948,10309,97422
3595,97000,164948,10309,97422
3595,96000,166667,10416,97433
3596,89000,179775,11235,97433
3596,89000,179775,11235,97434
3596,88000,181818,11363,97434
3596,88000,181818,11363,97444
3598,80000,200000,12500,97445
3598,80000,200000,12500,97445
3598,80000,200000,12500,97445
3598,80000,200000,12500,97446
3598,80000,200000,12500,97456
3599,73000,219178,13698,97456
3599,72000,222222,13888,97457
3599,72000,222222,13888,97457
3599,72000,222222,13888,97468
3600,65000,246154,15384,97468
3600,65000,246154,15384,97468
3600,65000,246154,15384,97468
3600,64000,250000,15625,97469
3600,64000,250000,15625,97479
3601,58000,275862,17241,97480
3601,58000,275862,17241,97480
3601,58000,275862,17241,97480
3601,58000,275862,17241,97491
3602,51000,313725,19607,97491
3602,51000,313725,19607,97491
3602,51000,313725,19607,97492
3602,51000,313725,19607,97492
3603,49000,326531,20408,97502
3603,49000,326531,20408,97503
3603,49000,326531,20408,97503
3603,49000,326531,20408,97503
3603,49000,326531,20408,97514
3603,49000,326531,20408,97514
3603,49000,326531,20408,97514
3603,49000,326531,20408,97515
3603,49000,326531,20408,97525
3604,49000,326531,20408,97526
3604,49000,326531,20408,97526
3604,49000,326531,20408,97526
3604,49000,326531,20408,97526
3604,49000,326531,20408,97537
3605,49000,326531,20408,97537
3605,49000,326531,20408,97538
3605,49000,326531,20408,97538
3605,49000,326531,20408,97548
3605,49000,326531,20408,97549
3605,49000,326531,20408,97549
3605,49000,326531,20408,97549
3605,49000,326531,20408,97550
3605,49000,326531,20408,97560
3606,49000,326531,20408,97560
3606,49000,326531,20408,97561
3606,49000,326531,20408,97561
3606,49000,326531,20408,97572
3606,49000,326531,20408,97572
3606,49000,326531,20408,97572
3606,49000,326531,20408,97573
3606,49000,326531,20408,97573
3607,49000,326531,20408,97583
3607,49000,326531,20408,97584
3607,49000,326531,20408,97584
3607,49000,326531,20408,97584
3607,49000,326531,20408,97595
3607,49000,326531,20408,97595
3607,49000,326531,20408,97595
3607,49000,326531,20408,97596
3607,49000,326531,20408,97596
3608,49000,326531,20408,97607
3608,49000,326531,20408,97607
3608,49000,326531,20408,97607
3608,49000,326531,20408,97607
3608,49000,326531,20408,97618
3609,49000,326531,20408,97618
3609,49000,326531,20408,97619
3609,49000,326531,20408,97619
3609,49000,326531,20408,97629
3609,49000,326531,20408,97630
3609,49000,326531,20408,97630
3609,49000,326531,20408,97630
3609,49000,326531,20408,97631
3609,49000,326531,20408,97641
3610,49000,326531,20408,97641
3610,49000,326531,20408,97642
3610,49000,326531,20408,97642
3610,49000,326531,20408,97653
3610,49000,326531,20408,97653
3610,49000,326531,20408,97653
3610,49000,326531,20408,97654
3610,49000,326531,20408,97654
3610,49000,326531,20408,97664
3611,49000,326531,20408,97665
3611,49000,326531,20408,97665
3611,49000,326531,20408,97665
3611,49000,326531,20408,97676
3611,49000,326531,20408,97676
3611,49000,326531,20408,97676
3611,49000,326531,20408,97677
3611,49000,326531,20408,97677
3612,49000,326531,20408,97687
3612,49000,326531,20408,97688
3612,49000,326531,20408,97688
3612,49000,326531,20408,97688
3612,49000,326531,20408,97699
3612,49000,326531,20408,97699
3613,49000,326531,20408,97699
3613,49000,326531,20408,97699
3613,49000,326531,20408,97710
3613,49000,326531,20408,97710
3613,49000,326531,20408,97710
3613,49000,326531,20408,97711
3613,49000,326531,20408,97711
3613,49000,326531,20408,97722
3613,4930663,3245,202,285730
3613,4926108,3248,203,285730
3613,4926108,3248,203,285730
3613,4921563,3251,203,285731
3613,4921563,3251,203,285731
3613,4921563,3251,203,285742
3597,4879536,3279,204,285742
3596,4879536,3279,204,285742
3595,4879536,3279,204,285743
3594,4876562,3281,205,285753
3552,4836759,3308,206,285753
3551,4832377,3311,206,285754
3549,4832377,3311,206,285754
3548,4832377,3311,206,285754
3546,4832377,3311,206,285765
3495,4790419,3340,208,285765
3493,4790419,3340,208,285766
3492,4787552,3342,208,285766
3490,4787552,3342,208,285766
3489,4787552,3342,208,285777
3437,4743552,3373,210,285777
3436,4743552,3373,210,285777
3434,4743552,3373,210,285778
3433,4739336,3376,211,285788
3382,4701734,3403,212,285789
3381,4697592,3406,212,285789
3379,4697592,3406,212,285789
3378,4697592,3406,212,285790
3376,4693458,3409,213,285800
3326,4655223,3437,214,285800
3325,4655223,3437,214,285801
3323,4651163,3440,215,285801
3321,4651163,3440,215,285801
3272,4609623,3471,216,285812
3270,4609623,3471,216,285812
3269,4609623,3471,216,285813
3267,4605642,3474,217,285813
3266,4605642,3474,217,285823
3216,4562304,3507,219,285824
3215,4562304,3507,219,285824
3213,4562304,3507,219,285824
3212,4562304,3507,219,285825
3210,4558405,3510,219,285835
3162,4519774,3540,221,285836
3161,4515947,3543,221,285836
3159,4515947,3543,221,285836
3158,4515947,3543,221,285836
3110,4474273,3576,223,285847
3108,4474273,3576,223,285847
3107,4470522,3579,223,285848
3105,4470522,3579,223,285848
3104,4470522,3579,223,285859
3057,4428453,3613,225,285859
3055,4428453,3613,225,285859
3054,4428453,3613,225,285860
3053,4423555,3617,226,285860
3051,4423555,3617,226,285871
3004,4381161,3652,228,285871
3003,4381161,3652,228,285871
3001,4381161,3652,228,285871
3000,4377565,3655,228,285872
2954,4339571,3687,230,285882
2953,4339571,3687,230,285883
2951,4334869,3691,230,285883
2950,4334869,3691,230,285883
2949,4334869,3691,230,285894
2903,4292997,3727,232,285894
2902,4292997,3727,232,285895
2900,4289544,3730,233,285895
2899,4289544,3730,233,285895
2898,4289544,3730,233,285906
2852,4247412,3767,235,285906
2851,4247412,3767,235,285906
2849,4247412,3767,235,285907
2848,4242906,3771,235,285907
2803,4204993,3805,237,285918
2802,4200578,3809,238,285918
2800,4200578,3809,238,285918
2799,4200578,3809,238,285918
2797,4197272,3812,238,285929
2753,4159085,3847,240,285929
2751,4159085,3847,240,285930
2750,4154765,3851,240,285930
2748,4154765,3851,240,285930
2747,4151531,3854,240,285941
2702,4113111,3890,243,285941
2701,4113111,3890,243,285942
2700,4108885,3894,243,285942
2698,4108885,3894,243,285942
2654,4067107,3934,245,285953
2653,4067107,3934,245,285953
2652,4067107,3934,245,285953
2650,4062976,3938,246,285954
2649,4062976,3938,246,285964
2605,4025157,3975,248,285965
2604,4021111,3979,248,285965
2603,4021111,3979,248,285965
2601,4021111,3979,248,285966
2600,4018081,3982,248,285976
2557,3980100,4020,251,285976
2556,3976143,4024,251,285977
2555,3976143,4024,251,285977
2554,3976143,4024,251,285977
2511,3934104,4067,254,285988
2510,3934104,4067,254,285988
2508,3934104,4067,254,285989
2507,3930238,4071,254,285989
2506,3930238,4071,254,286000
2464,3889159,4114,257,286000
2463,3889159,4114,257,286000
2462,3889159,4114,257,286000
2460,3885381,4118,257,286001
2459,3885381,4118,257,286011
2418,3847079,4159,259,286012
2417,3843382,4163,260,286012
2415,3843382,4163,260,286012
2414,3843382,4163,260,286013
2373,3802281,4208,263,286023
2372,3802281,4208,263,286023
2371,3797769,4213,263,286024
2370,3797769,4213,263,286024
2369,3797769,4213,263,286035
2328,3756750,4259,266,286035
2327,3756750,4259,266,286035
2325,3756750,4259,266,286036
2324,3753225,4263,266,286036
2323,3753225,4263,266,286046
2283,3710575,4312,269,286047
2282,3710575,4312,269,286047
2281,3710575,4312,269,286047
2280,3707995,4315,269,286048
2240,3669725,4360,272,286058
2239,3669725,4360,272,286059
2238,3666361,4364,272,286059
2237,3666361,4364,272,286059
2236,3666361,4364,272,286070
2197,3624830,4414,275,286070
2196,3624830,4414,275,286070
2195,3622368,4417,276,286071
2193,3622368,4417,276,286071
2192,3622368,4417,276,286082
2153,3581021,4468,279,286082
2152,3581021,4468,279,286082
2151,3581021,4468,279,286083
2150,3577018,4473,279,286083
2112,3539823,4520,282,286093
2110,3535912,4525,282,286094
2109,3535912,4525,282,286094
2108,3535912,4525,282,286094
2107,3532009,4530,283,286105
2069,3494976,4578,286,286105
2068,3494976,4578,286,286106
2067,3491163,4583,286,286106
2066,3491163,4583,286,286106
2064,3491163,4583,286,286117
2027,3451251,4636,289,286117
2026,3451251,4636,289,286117
2025,3451251,4636,289,286118
2024,3446790,4642,290,286118
1987,3410060,4692,293,286129
1986,3407155,4696,293,286129
1985,3407155,4696,293,286129
1984,3407155,4696,293,286130
1983,3402807,4702,293,286140
1947,3366295,4753,297,286140
1946,3362051,4759,297,286141
1945,3362051,4759,297,286141
1944,3362051,4759,297,286141
1943,3362051,4759,297,286152
1907,3322259,4816,301,286152
1906,3322259,4816,301,286153
1905,3318125,4822,301,286153
1904,3318125,4822,301,286163
1869,3278017,4881,305,286164
1868,3278017,4881,305,286164
1867,3278017,4881,305,286164
1866,3278017,4881,305,286165
1865,3275333,4885,305,286175
1830,3238211,4941,308,286176
1829,3234937,4946,309,286176
1828,3234937,4946,309,286176
1827,3234937,4946,309,286176
1825,3231018,4952,309,286187
1791,3194888,5008,313,286187
1790,3191065,5014,313,286188
1789,3191065,5014,313,286188
1788,3191065,5014,313,286199
1753,3150847,5078,317,286199
1752,3150847,5078,317,286199
1751,3150847,5078,317,286200
1750,3147747,5083,317,286200
1749,3147747,5083,317,286210
1716,3112235,5141,321,286211
1715,3108003,5148,321,286211
1714,3108003,5148,321,286211
1713,3108003,5148,321,286212
1679,3068073,5215,325,286222
1678,3068073,5215,325,286223
1677,3065134,5220,326,286223
1676,3065134,5220,326,286223
1675,3065134,5220,326,286234
1642,3025147,5289,330,286234
1641,3025147,5289,330,286234
1640,3025147,5289,330,286235
1639,3021719,5295,330,286235
1638,3021719,5295,330,286246
1606,2982849,5364,335,286246
1605,2982849,5364,335,286246
1604,2982849,5364,335,286247
1603,2978961,5371,335,286247
1572,2943882,5435,339,286257
1571,2943882,5435,339,286258
1570,2940096,5442,340,286258
1569,2940096,5442,340,286258
1568,2940096,5442,340,286269
1537,2901179,5515,344,286269
1536,2901179,5515,344,286269
1535,2898026,5521,345,286270
1534,2898026,5521,345,286270
1533,2898026,5521,345,286281
1502,2859185,5596,349,286281
1501,2859185,5596,349,286281
1500,2859185,5596,349,286282
1499,2855103,5604,350,286282
1468,2819880,5674,354,286293
1467,2816901,5680,355,286293
1466,2816901,5680,355,286293
1465,2816901,5680,355,286293
1465,2812940,5688,355,286304
1435,2779225,5757,359,286304
1434,2779225,5757,359,286305
1433,2774887,5766,360,286305
1432,2774887,5766,360,286305
1431,2774887,5766,360,286316
1402,2736914,5846,365,286316
1401,2736914,5846,365,286316
1400,2733174,5854,365,286317
1399,2733174,5854,365,286317
1370,2699055,5928,370,286328
1369,2694964,5937,371,286328
1368,2694964,5937,371,286328
1367,2694964,5937,371,286329
1366,2691790,5944,371,286339
1337,2656925,6022,376,286340
1336,2653840,6029,376,286340
1335,2653840,6029,376,286340
1335,2653840,6029,376,286341
1334,2651201,6035,377,286351
1305,2616089,6116,382,286351
1305,2613098,6123,382,286352
1304,2613098,6123,382,286352
1303,2613098,6123,382,286352
1275,2574831,6214,388,286363
1274,2574831,6214,388,286363
1273,2574831,6214,388,286364
1272,2571934,6221,388,286364
1271,2571934,6221,388,286374
1244,2534854,6312,394,286375
1243,2534854,6312,394,286375
1242,2534854,6312,394,286375
1241,2534854,6312,394,286376
1240,2530845,6322,395,286386
1213,2496879,6408,400,286387
1212,2494154,6415,400,286387
1211,2494154,6415,400,286387
1211,2494154,6415,400,286388
1184,2457002,6512,407,286398
1183,2457002,6512,407,286398
1182,2453988,6520,407,286399
1181,2453988,6520,407,286399
1180,2453988,6520,407,286410
1155,2416918,6620,413,286410
1154,2416918,6620,413,286410
1153,2416918,6620,413,286410
1152,2414001,6628,414,286411
1152,2414001,6628,414,286421
1126,2380952,6720,420,286422
1125,2377061,6731,420,286422
1124,2377061,6731,420,286422
1123,2377061,6731,420,286423
1098,2340892,6835,427,286433
1098,2340892,6835,427,286433
1097,2338156,6843,427,286434
1096,2338156,6843,427,286434
1095,2338156,6843,427,286445
1070,2301165,6953,434,286445
1070,2301165,6953,434,286445
1069,2301165,6953,434,286446
1068,2297860,6963,435,286446
1067,2297860,6963,435,286456
1043,2262124,7073,442,286457
1042,2262124,7073,442,286457
1041,2262124,7073,442,286457
1041,2258930,7083,442,286468
1016,2226862,7185,449,286468
1016,2226862,7185,449,286469
1015,2223149,7197,449,286469
1014,2223149,7197,449,286469
1014,2223149,7197,449,286480
990,2187885,7313,457,286480
989,2187885,7313,457,286480
988,2184897,7323,457,286481
988,2184897,7323,457,286481
987,2184897,7323,457,286492
963,2149093,7445,465,286492
963,2149093,7445,465,286492
962,2149093,7445,465,286493
961,2145923,7456,466,286493
961,2145923,7456,466,286503
937,2111096,7579,473,286504
937,2111096,7579,473,286504
936,2111096,7579,473,286504
935,2108037,7590,474,286505
912,2076035,7707,481,286515
912,2076035,7707,481,286516
911,2073076,7718,482,286516
910,2073076,7718,482,286516
910,2073076,7718,482,286527
887,2037957,7851,490,286527
886,2037957,7851,490,286527
886,2035106,7862,491,286528
885,2035106,7862,491,286528
884,2035106,7862,491,286539
862,2001001,7996,499,286539
862,2001001,7996,499,286539
861,2001001,7996,499,286540
861,1998002,8008,500,286540
860,1998002,8008,500,286550
840,1963913,8147,509,286551
839,1963913,8147,509,286551
838,1963913,8147,509,286551
838,1961025,8159,509,286552
837,1961025,8159,509,286562
817,1930036,8290,518,286563
816,1927014,8303,518,286563
815,1927014,8303,518,286563
815,1927014,8303,518,286564
814,1924002,8316,519,286574
794,1893043,8452,528,286574
794,1889913,8466,529,286575
793,1889913,8466,529,286575
792,1889913,8466,529,286575
773,1857010,8616,538,286586
772,1857010,8616,538,286586
772,1857010,8616,538,286587
771,1853998,8630,539,286587
770,1853998,8630,539,286587
751,1820043,8791,549,286598
750,1820043,8791,549,286598
749,1820043,8791,549,286598
749,1820043,8791,549,286599
748,1816943,8806,550,286609
729,1786911,8954,559,286610
728,1784917,8964,560,286610
728,1784917,8964,560,286610
727,1784917,8964,560,286611
726,1781936,8979,561,286621
707,1752081,9132,570,286621
707,1749016,9148,571,286622
706,1749016,9148,571,286622
705,1749016,9148,571,286622
705,1749016,9148,571,286633
686,1716002,9324,582,286633
685,1716002,9324,582,286634
685,1713980,9335,583,286634
684,1713980,9335,583,286634
684,1713980,9335,583,286645
665,1681025,9518,594,286645
665,1681025,9518,594,286645
664,1678028,9535,595,286646
663,1678028,9535,595,286646
663,1678028,9535,595,286657
645,1646938,9715,607,286657
644,1646938,9715,607,286657
644,1646938,9715,607,286658
643,1644061,9732,608,286658
625,1615020,9907,619,286668
625,1615020,9907,619,286669
624,1611928,9926,620,286669
624,1611928,9926,620,286669
623,1611928,9926,620,286680
606,1581028,10120,632,286680
605,1581028,10120,632,286681
605,1578065,10139,633,286681
604,1578065,10139,633,286681
604,1578065,10139,633,286692
587,1546940,10343,646,286692
587,1546940,10343,646,286692
586,1546940,10343,646,286693
586,1543954,10363,647,286693
585,1543954,10363,647,286704
568,1513002,10575,660,286704
568,1513002,10575,660,286704
567,1513002,10575,660,286704
567,1510004,10596,662,286715
550,1482992,10789,674,286715
550,1482992,10789,674,286716
549,1479974,10811,675,286716
549,1479974,10811,675,286716
549,1479974,10811,675,286727
533,1449013,11042,690,286727
533,1449013,11042,690,286727
533,1447047,11057,691,286728
532,1447047,11057,691,286728
517,1418943,11276,704,286739
516,1417058,11291,705,286739
516,1417058,11291,705,286739
516,1417058,11291,705,286740
515,1414052,11315,707,286750
500,1386963,11536,721,286750
500,1383963,11561,722,286751
499,1383963,11561,722,286751
499,1383963,11561,722,286751
499,1383963,11561,722,286762
483,1355014,11808,738,286762
483,1355014,11808,738,286762
483,1352037,11834,739,286763
482,1352037,11834,739,286763
468,1326040,12066,754,286774
468,1322970,12094,755,286774
467,1322970,12094,755,286774
467,1322970,12094,755,286774
466,1320023,12121,757,286785
452,1293975,12365,772,286785
452,1293975,12365,772,286786
452,1291051,12393,774,286786
451,1291051,12393,774,286786
451,1291051,12393,774,286797
437,1263025,12668,791,286797
437,1263025,12668,791,286797
436,1263025,12668,791,286798
436,1260041,12698,793,286808
422,1235044,12955,809,286808
422,1232001,12987,811,286809
422,1232001,12987,811,286809
421,1232001,12987,811,286809
421,1232001,12987,811,286820
408,1204003,13289,830,286820
407,1204003,13289,830,286820
407,1201021,13322,832,286821
406,1201021,13322,832,286821
394,1176038,13605,850,286832
393,1173967,13629,851,286832
393,1173967,13629,851,286832
392,1173967,13629,851,286832
392,1170960,13664,854,286843
379,1145968,13962,872,286843
379,1145968,13962,872,286844
379,1144001,13986,874,286844
378,1144001,13986,874,286844
378,1144001,13986,874,286855
365,1117006,14324,895,286855
365,1117006,14324,895,286855
365,1117006,14324,895,286856
364,1113973,14363,897,286866
352,1089993,14679,917,286866
352,1087030,14719,919,286867
351,1087030,14719,919,286867
351,1087030,14719,919,286867
351,1087030,14719,919,286878
339,1061008,15080,942,286878
339,1061008,15080,942,286878
338,1057991,15123,945,286879
338,1057991,15123,945,286879
327,1034996,15459,966,286890
327,1031992,15504,969,286890
327,1031992,15504,969,286890
327,1031992,15504,969,286890
326,1029999,15534,970,286901
317,1005973,15905,994,286901
316,1005973,15905,994,286902
316,1004016,15936,996,286902
316,1004016,15936,996,286902
316,1004016,15936,996,286913
305,977995,16360,1022,286913
305,977995,16360,1022,286913
305,977995,16360,1022,286914
305,976026,16393,1024,286914
295,953005,16789,1049,286924
295,951022,16824,1051,286925
295,951022,16824,1051,286925
294,951022,16824,1051,286925
294,951022,16824,1051,286936
284,925980,17279,1079,286936
284,925980,17279,1079,286936
284,922988,17335,1083,286937
283,922988,17335,1083,286937
274,901002,17758,1109,286948
274,898977,17798,1112,286948
273,898977,17798,1112,286948
273,898977,17798,1112,286949
273,897012,17837,1114,286959
263,873983,18307,1144,286959
262,873983,18307,1144,286960
262,871982,18349,1146,286960
262,871982,18349,1146,286960
262,871982,18349,1146,286971
252,847997,18868,1179,286971
252,847997,18868,1179,286971
251,845979,18913,1182,286972
251,845979,18913,1182,286972
242,824020,19417,1213,286983
241,821988,19465,1216,286983
241,821988,19465,1216,286983
241,821988,19465,1216,286983
241,820008,19512,1219,286994
233,799001,20025,1251,286994
232,799001,20025,1251,286995
232,797011,20075,1254,286995
232,797011,20075,1254,286995
232,797011,20075,1254,287006
223,773994,20672,1292,287006
223,773994,20672,1292,287006
223,773994,20672,1292,287007
223,772014,20725,1295,287017
214,750997,21305,1331,287017
214,750997,21305,1331,287018
214,748994,21362,1335,287018
214,748994,21362,1335,287018
213,748994,21362,1335,287029
205,725986,22039,1377,287029
205,725986,22039,1377,287029
205,725986,22039,1377,287030
205,724015,22099,1381,287030
197,704008,22727,1420,287040
197,702001,22792,1424,287041
196,702001,22792,1424,287041
196,702001,22792,1424,287041
196,700004,22857,1428,287052
188,680996,23495,1468,287052
188,680996,23495,1468,287053
188,679002,23564,1472,287053
188,679002,23564,1472,287053
187,679002,23564,1472,287064
180,657003,24353,1522,287064
180,657003,24353,1522,287064
179,657003,24353,1522,287065
179,655013,24427,1526,287075
172,636006,25157,1572,287075
172,633990,25237,1577,287076
172,633990,25237,1577,287076
171,633990,25237,1577,287076
171,633990,25237,1577,287087
164,613991,26059,1628,287087
164,613991,26059,1628,287087
164,611995,26144,1634,287088
163,611995,26144,1634,287088
157,593010,26981,1686,287099
156,590995,27073,1692,287099
156,590995,27073,1692,287099
156,590995,27073,1692,287099
156,588993,27165,1697,287110
149,571000,28021,1751,287110
149,571000,28021,1751,287111
149,568990,28120,1757,287111
149,568990,28120,1757,287111
149,568990,28120,1757,287122
142,549998,29091,1818,287122
142,549998,29091,1818,287122
142,549998,29091,1818,287123
142,548002,29197,1824,287123
135,529994,30189,1886,287133
135,528996,30246,1890,287134
135,528996,30246,1890,287134
135,528996,30246,1890,287134
135,528996,30246,1890,287145
129,509993,31373,1960,287145
129,509993,31373,1960,287145
129,508001,31496,1968,287146
128,508001,31496,1968,287146
128,508001,31496,1968,287157
123,488998,32720,2045,287157
122,488998,32720,2045,287157
122,488998,32720,2045,287157
122,487998,32787,2049,287168
117,471004,33970,2123,287168
116,471004,33970,2123,287169
116,469002,34115,2132,287169
116,469002,34115,2132,287169
116,469002,34115,2132,287180
111,450996,35477,2217,287180
110,450996,35477,2217,287180
110,450996,35477,2217,287181
110,449994,35556,2222,287181
105,434004,36866,2304,287191
105,432000,37037,2314,287192
105,432000,37037,2314,287192
105,432000,37037,2314,287192
104,432000,37037,2314,287203
100,415002,38554,2409,287203
99,415002,38554,2409,287203
99,412999,38741,2421,287204
99,412999,38741,2421,287204
99,412999,38741,2421,287215
94,396000,40404,2525,287215
94,396000,40404,2525,287215
94,396000,40404,2525,287216
94,395003,40506,2531,287216
89,380002,42105,2631,287226
89,380002,42105,2631,287227
89,378000,42328,2645,287227
89,378000,42328,2645,287227
89,378000,42328,2645,287228
84,361999,44199,2762,287238
84,361999,44199,2762,287238
84,361999,44199,2762,287239
84,361003,44321,2770,287239
84,361003,44321,2770,287250
80,344999,46377,2898,287250
80,344999,46377,2898,287250
80,344999,46377,2898,287250
80,343002,46647,2915,287251
79,343002,46647,2915,287261
75,329001,48632,3039,287262
75,328003,48780,3048,287262
75,328003,48780,3048,287262
75,328003,48780,3048,287263
75,326998,48930,3058,287273
71,313001,51118,3194,287273
71,313001,51118,3194,287274
71,311000,51447,3215,287274
71,311000,51447,3215,287274
71,311000,51447,3215,287285
67,297000,53872,3367,287285
67,297000,53872,3367,287285
67,297000,53872,3367,287286
67,295002,54237,3389,287286
63,281998,56738,3546,287296
63,280998,56940,3558,287297
63,280998,56940,3558,287297
63,280998,56940,3558,287297
63,279999,57143,3571,287308
60,267000,59925,3745,287308
60,267000,59925,3745,287309
60,266002,60150,3759,287309
60,266002,60150,3759,287309
59,266002,60150,3759,287320
56,252000,63492,3968,287320
56,252000,63492,3968,287320
56,252000,63492,3968,287321
56,251000,63745,3984,287321
56,251000,63745,3984,287331
53,238000,67227,4201,287332
53,238000,67227,4201,287332
53,238000,67227,4201,287332
53,238000,67227,4201,287333
53,236998,67511,4219,287343
50,225000,71111,4444,287343
50,223999,71429,4464,287344
50,223999,71429,4464,287344
50,223999,71429,4464,287344
47,211001,75829,4739,287355
47,211001,75829,4739,287355
47,211001,75829,4739,287356
47,210001,76190,4761,287356
47,210001,76190,4761,287366
44,199000,80402,5025,287367
44,198000,80808,5050,287367
44,198000,80808,5050,287367
44,198000,80808,5050,287368
44,197001,81218,5076,287378
42,185999,86022,5376,287378
41,185001,86486,5405,287379
41,185001,86486,5405,287379
41,185001,86486,5405,287379
41,185001,86486,5405,287390
39,174000,91954,5747,287390
39,174000,91954,5747,287390
39,172999,92486,5780,287391
38,172999,92486,5780,287391
38,172999,92486,5780,287402
36,162001,98765,6172,287402
36,162001,98765,6172,287402
36,162001,98765,6172,287402
36,161000,99379,6211,287403
34,151000,105960,6622,287413
34,151000,105960,6622,287414
34,150000,106667,6666,287414
34,150000,106667,6666,287414
34,150000,106667,6666,287425
32,140000,114286,7142,287425
32,140000,114286,7142,287425
32,140000,114286,7142,287426
32,139000,115108,7194,287426
32,139000,115108,7194,287436
30,129000,124031,7751,287437
30,129000,124031,7751,287437
30,129000,124031,7751,287437
30,128000,125000,7812,287438
28,120000,133333,8333,287448
28,120000,133333,8333,287449
28,119000,134454,8403,287449
28,119000,134454,8403,287449
28,119000,134454,8403,287460
26,110000,145455,9090,287460
26,110000,145455,9090,287460
26,110000,145455,9090,287461
26,109000,146789,9174,287461
25,101000,158416,9901,287471
25,101000,158416,9901,287472
25,100000,160000,10000,287472
25,100000,160000,10000,287472
25,100000,160000,10000,287483
23,92000,173913,10869,287483
23,92000,173913,10869,287483
23,91000,175824,10989,287484
23,91000,175824,10989,287484
23,91000,175824,10989,287495
22,83000,192771,12048,287495
22,83000,192771,12048,287495
22,83000,192771,12048,287495
22,82000,195122,12195,287506
21,75000,213333,13333,287506
21,75000,213333,13333,287507
20,75000,213333,13333,287507
20,75000,213333,13333,287507
20,75000,213333,13333,287518
19,68000,235294,14705,287518
19,68000,235294,14705,287518
19,68000,235294,14705,287519
19,67000,238806,14925,287519
18,61000,262295,16393,287529
18,60000,266667,16666,287530
18,60000,266667,16666,287530
18,60000,266667,16666,287530
18,60000,266667,16666,287541
18,54000,296296,18518,287541
18,54000,296296,18518,287542
18,53000,301887,18867,287542
18,53000,301887,18867,287542
18,53000,301887,18867,287553
17,49000,326531,20408,287553
17,49000,326531,20408,287553
17,49000,326531,20408,287554
17,49000,326531,20408,287554
16,49000,326531,20408,287564
16,49000,326531,20408,287565
16,49000,326531,20408,287565
16,49000,326531,20408,287565
16,49000,326531,20408,287576
15,49000,326531,20408,287576
15,49000,326531,20408,287576
15,49000,326531,20408,287577
15,49000,326531,20408,287577
15,49000,326531,20408,287587
15,49000,326531,20408,287588
15,49000,326531,20408,287588
15,49000,326531,20408,287588
15,49000,326531,20408,287599
15,49000,326531,20408,287599
15,49000,326531,20408,287600
14,49000,326531,20408,287600
14,49000,326531,20408,287600
14,49000,326531,20408,287611
14,49000,326531,20408,287611
14,49000,326531,20408,287611
14,49000,326531,20408,287612
14,49000,326531,20408,287612
14,49000,326531,20408,287622
14,49000,326531,20408,287623
14,49000,326531,20408,287623
14,49000,326531,20408,287623
14,49000,326531,20408,287634
