Starting
Starting
Stepper Pin:14
1073494584
1073494248
    F_CPU=240000000
    TICKS_PER_S=16000000
.E (1809) wifi:Association refused temporarily, comeback time 299 mSec
E (2114) wifi:Association refused temporarily, comeback time 299 mSec
.E (2418) wifi:Association refused temporarily, comeback time 299 mSec
E (2722) wifi:Association refused temporarily, comeback time 299 mSec
E (3028) wifi:Association refused temporarily, comeback time 299 mSec
.E (3335) wifi:Association refused temporarily, comeback time 299 mSec
E (3644) wifi:Association refused temporarily, comeback time 299 mSec
E (3954) wifi:Association refused temporarily, comeback time 299 mSec
.E (4261) wifi:Association refused temporarily, comeback time 299 mSec
.Connected to Wifi, Connecting to server.
Connected!
OSSM Connected
X:OSSM
