Starting
Starting
Stepper Pin:14
1073494580
1073494244
    F_CPU=240000000
    TICKS_PER_S=16000000
.Connected to Wifi, Connecting to server.
Connected!

HARD MINIMUM LIMIT: 3625
HARD MAXIMUM LIMIT: 12

TOTAL HARD RANGE: 
3613

3625,49000,326531,20408,88478
3625,49000,326531,20408,88478
3625,49000,326531,20408,88479
3625,49000,326531,20408,88479
3625,49000,326531,20408,88479
3624,49000,326531,20408,88490
3624,49000,326531,20408,88490
3624,49000,326531,20408,88491
3624,49000,326531,20408,88491
3624,49000,326531,20408,88501
3623,49000,326531,20408,88502
3623,49000,326531,20408,88502
3623,49000,326531,20408,88502
3623,49000,326531,20408,88513
3623,49000,326531,20408,88513
3623,49000,326531,20408,88513
3623,49000,326531,20408,88514
3623,49000,326531,20408,88514
3623,49000,326531,20408,88525
3622,49000,326531,20408,88525
3622,49000,326531,20408,88525
3622,49000,326531,20408,88525
3622,49000,326531,20408,88536
3622,49000,326531,20408,88536
3622,49000,326531,20408,88536
3622,49000,326531,20408,88537
3622,49000,326531,20408,88537
3622,49000,326531,20408,88548
3621,49000,326531,20408,88548
3621,49000,326531,20408,88548
3621,49000,326531,20408,88549
3621,49000,326531,20408,88559
3621,49000,326531,20408,88559
3621,49000,326531,20408,88560
3621,49000,326531,20408,88560
3621,49000,326531,20408,88560
3620,49000,326531,20408,88571
3620,49000,326531,20408,88571
3620,49000,326531,20408,88571
3620,49000,326531,20408,88572
3620,49000,326531,20408,88582
3619,49000,326531,20408,88582
3619,49000,326531,20408,88583
3619,49000,326531,20408,88583
3619,49000,326531,20408,88594
3619,49000,326531,20408,88594
3619,49000,326531,20408,88594
3619,49000,326531,20408,88594
3619,49000,326531,20408,88595
3619,49000,326531,20408,88605
3618,49000,326531,20408,88606
3618,49000,326531,20408,88606
3618,49000,326531,20408,88606
3618,49000,326531,20408,88617
3618,49000,326531,20408,88617
3618,49000,326531,20408,88617
3618,49000,326531,20408,88618
3618,49000,326531,20408,88618
3618,49000,326531,20408,88628
3617,49000,326531,20408,88629
3617,49000,326531,20408,88629
3617,49000,326531,20408,88629
3617,49000,326531,20408,88640
3617,49000,326531,20408,88640
3617,49000,326531,20408,88640
3617,49000,326531,20408,88641
3617,49000,326531,20408,88641
3616,49000,326531,20408,88651
3616,49000,326531,20408,88652
3616,49000,326531,20408,88652
3616,49000,326531,20408,88652
3616,49000,326531,20408,88663
3616,52000,307692,19230,88663
3615,52000,307692,19230,88663
3615,53000,301887,18867,88664
3615,53000,301887,18867,88674
3615,59000,271186,16949,88675
3615,59000,271186,16949,88675
3615,59000,271186,16949,88675
3615,59000,271186,16949,88675
3615,60000,266667,16666,88686
3614,66000,242424,15151,88686
3614,66000,242424,15151,88687
3614,67000,238806,14925,88687
3614,67000,238806,14925,88698
3614,74000,216216,13513,88698
3614,74000,216216,13513,88698
3614,74000,216216,13513,88699
3614,74000,216216,13513,88699
3614,74000,216216,13513,88709
3613,82000,195122,12195,88710
3613,82000,195122,12195,88710
3613,82000,195122,12195,88710
3613,83000,192771,12048,88721
3612,90000,177778,11111,88721
3612,90000,177778,11111,88721
3612,91000,175824,10989,88722
3612,91000,175824,10989,88722
3612,91000,175824,10989,88733
3612,99000,161616,10101,88733
3612,99000,161616,10101,88733
3612,99000,161616,10101,88734
3612,100000,160000,10000,88744
3611,108000,148148,9259,88744
3611,108000,148148,9259,88745
3611,108000,148148,9259,88745
3611,108000,148148,9259,88745
3610,117000,136752,8547,88756
3610,117000,136752,8547,88756
3610,117000,136752,8547,88756
3610,117000,136752,8547,88757
3610,118000,135593,8474,88767
3608,127000,125984,7874,88768
3608,128000,125000,7812,88768
3608,128000,125000,7812,88768
3608,128000,125000,7812,88779
3607,138000,115942,7246,88779
3607,138000,115942,7246,88779
3607,138000,115942,7246,88779
3607,139000,115108,7194,88780
3607,139000,115108,7194,88790
3606,148000,108108,6756,88791
3606,148999,107383,6711,88791
3606,148999,107383,6711,88791
3606,148999,107383,6711,88802
3605,159000,100629,6289,88802
3605,159000,100629,6289,88802
3605,159000,100629,6289,88803
3605,160000,100000,6250,88803
3604,160000,100000,6250,88814
3603,171000,93567,5847,88814
3603,171000,93567,5847,88814
3603,171000,93567,5847,88814
3603,172000,93023,5813,88825
3601,182999,87432,5464,88825
3601,182999,87432,5464,88826
3601,183999,86957,5434,88826
3601,183999,86957,5434,88826
3601,183999,86957,5434,88837
3600,195001,82051,5128,88837
3599,195001,82051,5128,88837
3599,195001,82051,5128,88838
3599,197001,81218,5076,88838
3598,206999,77295,4830,88848
3598,209000,76555,4784,88849
3598,209000,76555,4784,88849
3597,209000,76555,4784,88849
3597,209000,76555,4784,88860
3595,221001,72398,4524,88860
3595,221001,72398,4524,88860
3595,222000,72072,4504,88861
3595,222000,72072,4504,88861
3595,222000,72072,4504,88871
3593,235000,68085,4255,88872
3593,235000,68085,4255,88872
3593,235000,68085,4255,88872
3593,235999,67797,4237,88883
3591,248000,64516,4032,88883
3591,248000,64516,4032,88884
3591,249000,64257,4016,88884
3591,249000,64257,4016,88884
3591,249000,64257,4016,88895
3588,262998,60837,3802,88895
3588,262998,60837,3802,88895
3588,262998,60837,3802,88896
3588,264000,60606,3787,88896
3586,276999,57762,3610,88906
3586,278000,57554,3597,88907
3586,278000,57554,3597,88907
3585,278000,57554,3597,88907
3585,278000,57554,3597,88918
3583,292997,54608,3413,88918
3583,292997,54608,3413,88918
3583,293999,54422,3401,88919
3583,293999,54422,3401,88919
3582,293999,54422,3401,88930
3580,309000,51780,3236,88930
3580,309000,51780,3236,88930
3580,309000,51780,3236,88930
3579,309999,51613,3225,88931
3577,323998,49383,3086,88941
3576,323998,49383,3086,88942
3576,324998,49231,3076,88942
3576,324998,49231,3076,88942
3576,324998,49231,3076,88953
3573,339999,47059,2941,88953
3573,339999,47059,2941,88953
3573,339999,47059,2941,88954
3573,341997,46784,2924,88954
3573,341997,46784,2924,88964
3570,357998,44693,2793,88965
3569,357998,44693,2793,88965
3569,357998,44693,2793,88965
3569,357998,44693,2793,88976
3566,373998,42781,2673,88976
3566,373998,42781,2673,88976
3566,374997,42667,2666,88977
3566,374997,42667,2666,88977
3565,374997,42667,2666,88988
3562,392003,40816,2551,88988
3562,392003,40816,2551,88988
3562,392003,40816,2551,88988
3562,393005,40712,2544,88989
3558,408998,39120,2445,88999
3558,408998,39120,2445,89000
3558,410004,39024,2439,89000
3557,410004,39024,2439,89000
3557,410004,39024,2439,89011
3553,426997,37471,2341,89011
3553,426997,37471,2341,89011
3553,426997,37471,2341,89012
3553,429000,37296,2331,89012
3553,429000,37296,2331,89022
3549,445001,35955,2247,89023
3549,446005,35874,2242,89023
3549,446005,35874,2242,89023
3549,446005,35874,2242,89034
3544,463997,34483,2155,89034
3544,463997,34483,2155,89034
3544,465997,34335,2145,89035
3544,465997,34335,2145,89035
3544,465997,34335,2145,89046
3539,483998,33058,2066,89046
3539,483998,33058,2066,89046
3539,483998,33058,2066,89046
3539,485997,32922,2057,89047
3534,503002,31809,1988,89057
3534,503002,31809,1988,89058
3534,505003,31683,1980,89058
3534,505003,31683,1980,89058
3533,505003,31683,1980,89069
3529,524006,30534,1908,89069
3528,524006,30534,1908,89069
3528,524006,30534,1908,89070
3528,525003,30476,1904,89070
3528,525003,30476,1904,89080
3523,542999,29466,1841,89081
3523,544996,29358,1834,89081
3523,544996,29358,1834,89081
3522,544996,29358,1834,89092
3517,563996,28369,1773,89092
3517,563996,28369,1773,89092
3517,565991,28269,1766,89093
3517,565991,28269,1766,89093
3516,565991,28269,1766,89103
3511,585995,27304,1706,89104
3511,585995,27304,1706,89104
3511,585995,27304,1706,89104
3510,587998,27211,1700,89105
3505,607003,26359,1647,89115
3504,607003,26359,1647,89116
3504,607995,26316,1644,89116
3504,607995,26316,1644,89116
3504,607995,26316,1644,89127
3498,629005,25437,1589,89127
3498,629005,25437,1589,89127
3498,629005,25437,1589,89128
3497,630989,25357,1584,89128
3497,630989,25357,1584,89138
3491,651997,24540,1533,89139
3491,651997,24540,1533,89139
3491,651997,24540,1533,89139
3491,651997,24540,1533,89150
3484,673004,23774,1485,89150
3484,673004,23774,1485,89150
3484,673004,23774,1485,89151
3484,674992,23704,1481,89151
3483,674992,23704,1481,89161
3477,696986,22956,1434,89162
3476,696986,22956,1434,89162
3476,696986,22956,1434,89162
3476,698995,22890,1430,89163
3469,719004,22253,1390,89173
3469,719004,22253,1390,89174
3469,721013,22191,1386,89174
3469,721013,22191,1386,89174
3468,721013,22191,1386,89185
3461,744013,21505,1344,89185
3461,744013,21505,1344,89185
3461,744013,21505,1344,89186
3461,745990,21448,1340,89186
3460,745990,21448,1340,89196
3453,768012,20833,1302,89197
3453,768012,20833,1302,89197
3452,768012,20833,1302,89197
3452,768012,20833,1302,89198
3445,790983,20228,1264,89208
3444,790983,20228,1264,89208
3444,792982,20177,1261,89209
3444,792982,20177,1261,89209
3444,792982,20177,1261,89220
3436,816993,19584,1224,89220
3436,816993,19584,1224,89220
3435,816993,19584,1224,89220
3435,819001,19536,1221,89221
3435,819001,19536,1221,89231
3427,840999,19025,1189,89232
3427,842993,18980,1186,89232
3426,842993,18980,1186,89232
3426,842993,18980,1186,89243
3418,867021,18454,1153,89243
3417,867021,18454,1153,89243
3417,867021,18454,1153,89244
3417,868998,18412,1150,89244
3417,868998,18412,1150,89254
3408,891017,17957,1122,89255
3408,893007,17917,1119,89255
3408,893007,17917,1119,89255
3407,893007,17917,1119,89256
3398,918010,17429,1089,89266
3398,918010,17429,1089,89266
3398,920016,17391,1086,89267
3398,920016,17391,1086,89267
3397,920016,17391,1086,89278
3388,945012,16931,1058,89278
3388,945012,16931,1058,89278
3388,945012,16931,1058,89278
3387,947026,16895,1055,89279
3387,947026,16895,1055,89289
3378,969991,16495,1030,89290
3377,972999,16444,1027,89290
3377,972999,16444,1027,89290
3377,972999,16444,1027,89301
3367,998004,16032,1002,89301
3367,998004,16032,1002,89301
3366,998004,16032,1002,89302
3366,1001001,15984,999,89302
3366,1001001,15984,999,89312
3356,1024000,15625,976,89313
3355,1027024,15579,973,89313
3355,1027024,15579,973,89313
3355,1027024,15579,973,89314
3345,1052978,15195,949,89324
3344,1052978,15195,949,89324
3344,1054991,15166,947,89325
3344,1054991,15166,947,89325
3343,1054991,15166,947,89335
3333,1082032,14787,924,89336
3332,1082032,14787,924,89336
3332,1082032,14787,924,89336
3332,1084011,14760,922,89337
3332,1084011,14760,922,89347
3321,1109032,14427,901,89348
3320,1111034,14401,900,89348
3320,1111034,14401,900,89348
3320,1111034,14401,900,89359
3309,1137980,14060,878,89359
3308,1137980,14060,878,89359
3308,1137980,14060,878,89360
3308,1140983,14023,876,89360
3307,1140983,14023,876,89370
3296,1166011,13722,857,89371
3296,1167968,13699,856,89371
3295,1167968,13699,856,89371
3295,1167968,13699,856,89372
3283,1195993,13378,836,89382
3283,1195993,13378,836,89382
3282,1195993,13378,836,89383
3282,1197963,13356,834,89383
3282,1197963,13356,834,89393
3270,1225960,13051,815,89394
3269,1225960,13051,815,89394
3269,1225960,13051,815,89394
3269,1228973,13019,813,89395
3268,1228973,13019,813,89405
3256,1255000,12749,796,89406
3255,1256972,12729,795,89406
3255,1256972,12729,795,89406
3255,1256972,12729,795,89417
3242,1285967,12442,777,89417
3242,1285967,12442,777,89417
3241,1285967,12442,777,89418
3241,1288971,12413,775,89418
3241,1288971,12413,775,89428
3228,1315032,12167,760,89429
3227,1316981,12149,759,89429
3227,1316981,12149,759,89429
3226,1316981,12149,759,89430
3213,1347028,11878,742,89440
3213,1347028,11878,742,89440
3212,1347028,11878,742,89441
3212,1348959,11861,741,89441
3212,1348959,11861,741,89451
3198,1378954,11603,725,89452
3198,1378954,11603,725,89452
3197,1378954,11603,725,89452
3197,1378954,11603,725,89453
3196,1380977,11586,724,89463
3182,1408947,11356,709,89464
3182,1411059,11339,708,89464
3182,1411059,11339,708,89464
3181,1411059,11339,708,89464
3167,1441052,11103,693,89475
3167,1441052,11103,693,89475
3166,1441052,11103,693,89476
3166,1444043,11080,692,89476
3165,1444043,11080,692,89486
3151,1473975,10855,678,89487
3150,1473975,10855,678,89487
3150,1473975,10855,678,89487
3149,1476969,10833,677,89488
3149,1476969,10833,677,89498
3134,1505032,10631,664,89499
3133,1508011,10610,663,89499
3133,1508011,10610,663,89499
3132,1508011,10610,663,89500
3117,1539053,10396,649,89510
3116,1539053,10396,649,89511
3116,1540980,10383,648,89511
3115,1540980,10383,648,89511
3115,1540980,10383,648,89522
3099,1572945,10172,635,89522
3099,1572945,10172,635,89522
3098,1574958,10159,634,89523
3098,1574958,10159,634,89523
3097,1574958,10159,634,89534
3081,1607071,9956,622,89534
3081,1607071,9956,622,89534
3080,1607071,9956,622,89535
3080,1609982,9938,621,89535
3063,1638002,9768,610,89545
3063,1641026,9750,609,89546
3062,1641026,9750,609,89546
3062,1641026,9750,609,89546
3061,1644061,9732,608,89547
3045,1672940,9564,597,89557
3044,1672940,9564,597,89558
3044,1675919,9547,596,89558
3043,1675919,9547,596,89558
3043,1675919,9547,596,89569
3025,1707942,9368,585,89569
3025,1707942,9368,585,89569
3024,1711047,9351,584,89570
3024,1711047,9351,584,89570
3023,1711047,9351,584,89581
3006,1744059,9174,573,89581
3005,1744059,9174,573,89581
3005,1744059,9174,573,89582
3004,1746916,9159,572,89582
3004,1746916,9159,572,89592
2986,1778964,8994,562,89593
2985,1778964,8994,562,89593
2985,1778964,8994,562,89593
2984,1781936,8979,561,89594
2983,1781936,8979,561,89604
2965,1815088,8815,550,89605
2965,1815088,8815,550,89605
2964,1815088,8815,550,89605
2964,1817975,8801,550,89606
2963,1817975,8801,550,89616
2944,1849070,8653,540,89617
2944,1852066,8639,539,89617
2943,1852066,8639,539,89617
2943,1852066,8639,539,89618
2924,1885014,8488,530,89628
2923,1885014,8488,530,89628
2923,1887906,8475,529,89629
2922,1887906,8475,529,89629
2922,1887906,8475,529,89629
2902,1921922,8325,520,89640
2902,1921922,8325,520,89640
2901,1921922,8325,520,89641
2901,1924928,8312,519,89641
2900,1924928,8312,519,89651
2880,1959104,8167,510,89652
2880,1959104,8167,510,89652
2879,1959104,8167,510,89652
2878,1961987,8155,509,89653
2878,1961987,8155,509,89663
2858,1993024,8028,501,89664
2857,1996008,8016,501,89664
2857,1996008,8016,501,89664
2856,1996008,8016,501,89665
2855,1999000,8004,500,89675
2835,2030972,7878,492,89675
2834,2034071,7866,491,89676
2834,2034071,7866,491,89676
2833,2034071,7866,491,89676
2832,2036919,7855,490,89687
2812,2067985,7737,483,89687
2811,2067985,7737,483,89688
2810,2072002,7722,482,89688
2810,2072002,7722,482,89688
2809,2072002,7722,482,89699
2788,2106095,7597,474,89699
2787,2106095,7597,474,89699
2787,2109983,7583,473,89700
2786,2109983,7583,473,89700
2764,2141901,7470,466,89711
2764,2145060,7459,466,89711
2763,2145060,7459,466,89711
2762,2145060,7459,466,89712
2762,2147939,7449,465,89722
2740,2180134,7339,458,89722
2739,2183108,7329,458,89723
2738,2183108,7329,458,89723
2738,2183108,7329,458,89723
2737,2186987,7316,457,89734
2714,2219140,7210,450,89734
2714,2219140,7210,450,89735
2713,2221914,7201,450,89735
2712,2221914,7201,450,89735
2712,2221914,7201,450,89746
2689,2257973,7086,442,89746
2688,2257973,7086,442,89746
2687,2260845,7077,442,89747
2687,2260845,7077,442,89747
2686,2260845,7077,442,89758
2663,2296871,6966,435,89758
2662,2296871,6966,435,89758
2661,2296871,6966,435,89759
2661,2299842,6957,434,89759
2660,2299842,6957,434,89769
2636,2337131,6846,427,89770
2636,2337131,6846,427,89770
2635,2337131,6846,427,89770
2634,2339865,6838,427,89771
2610,2372831,6743,421,89781
2610,2372831,6743,421,89782
2609,2376002,6734,420,89782
2608,2376002,6734,420,89782
2607,2376002,6734,420,89783
2583,2412909,6631,414,89793
2582,2412909,6631,414,89793
2581,2415824,6623,413,89794
2581,2415824,6623,413,89794
2580,2415824,6623,413,89805
2555,2452859,6523,407,89805
2554,2452859,6523,407,89805
2553,2452859,6523,407,89806
2553,2457002,6512,407,89806
2552,2457002,6512,407,89817
2527,2494154,6415,400,89817
2526,2494154,6415,400,89817
2525,2494154,6415,400,89818
2524,2496879,6408,400,89818
2523,2496879,6408,400,89828
2498,2534051,6314,394,89829
2497,2534051,6314,394,89829
2496,2534051,6314,394,89829
2495,2534051,6314,394,89830
2495,2538071,6304,394,89840
2469,2571934,6221,388,89841
2468,2574831,6214,388,89841
2467,2574831,6214,388,89841
2466,2574831,6214,388,89842
2465,2578150,6206,387,89852
2439,2613098,6123,382,89852
2438,2613098,6123,382,89853
2437,2616089,6116,382,89853
2437,2616089,6116,382,89853
2410,2653840,6029,376,89864
2409,2653840,6029,376,89864
2408,2653840,6029,376,89865
2407,2656925,6022,376,89865
2406,2656925,6022,376,89865
2379,2691790,5944,371,89876
2378,2694964,5937,371,89876
2378,2694964,5937,371,89876
2377,2694964,5937,371,89877
2376,2699055,5928,370,89887
2348,2733174,5854,365,89888
2347,2736914,5846,365,89888
2346,2736914,5846,365,89888
2346,2736914,5846,365,89888
2345,2740195,5839,364,89899
2317,2774887,5766,360,89899
2316,2774887,5766,360,89900
2315,2779225,5757,359,89900
2314,2779225,5757,359,89900
2313,2779225,5757,359,89911
2284,2816901,5680,355,89911
2283,2816901,5680,355,89912
2283,2820874,5672,354,89912
2282,2820874,5672,354,89912
2281,2820874,5672,354,89923
2252,2859185,5596,349,89923
2251,2859185,5596,349,89923
2250,2862766,5589,349,89924
2249,2862766,5589,349,89924
2248,2862766,5589,349,89935
2219,2902231,5513,344,89935
2218,2902231,5513,344,89935
2217,2902231,5513,344,89936
2216,2904866,5508,344,89936
2186,2941176,5440,340,89946
2185,2943882,5435,339,89947
2185,2943882,5435,339,89947
2184,2943882,5435,339,89947
2183,2943882,5435,339,89958
2152,2983961,5362,335,89958
2151,2983961,5362,335,89959
2150,2986746,5357,334,89959
2149,2986746,5357,334,89959
2149,2986746,5357,334,89970
2118,3025719,5288,330,89970
2117,3025719,5288,330,89970
2116,3029729,5281,330,89971
2115,3029729,5281,330,89971
2114,3029729,5281,330,89982
2083,3069250,5213,325,89982
2082,3069250,5213,325,89982
2081,3069250,5213,325,89983
2080,3072787,5207,325,89983
2079,3072787,5207,325,89993
2047,3112840,5140,321,89994
2046,3112840,5140,321,89994
2045,3112840,5140,321,89994
2044,3115871,5135,320,89995
2043,3115871,5135,320,90005
2011,3152088,5076,317,90006
2010,3155819,5070,316,90006
2009,3155819,5070,316,90006
2008,3155819,5070,316,90007
1976,3196165,5006,312,90017
1975,3196165,5006,312,90017
1974,3196165,5006,312,90018
1973,3200000,5000,312,90018
1972,3200000,5000,312,90018
1939,3240178,4938,308,90029
1938,3240178,4938,308,90029
1937,3240178,4938,308,90030
1936,3242805,4934,308,90030
1935,3242805,4934,308,90040
1901,3284072,4872,304,90041
1900,3284072,4872,304,90041
1899,3284072,4872,304,90041
1898,3284072,4872,304,90042
1897,3286771,4868,304,90052
1863,3324330,4813,300,90053
1862,3327787,4808,300,90053
1861,3327787,4808,300,90053
1860,3327787,4808,300,90054
1859,3331251,4803,300,90064
1825,3367712,4751,296,90064
1824,3371970,4745,296,90065
1823,3371970,4745,296,90065
1821,3371970,4745,296,90065
1820,3374815,4741,296,90076
1785,3412241,4689,293,90076
1784,3412241,4689,293,90077
1783,3415884,4684,292,90077
1782,3415884,4684,292,90077
1781,3415884,4684,292,90088
1746,3457217,4628,289,90088
1745,3457217,4628,289,90088
1744,3460208,4624,289,90089
1743,3460208,4624,289,90089
1707,3498032,4574,285,90100
1706,3501094,4570,285,90100
1705,3501094,4570,285,90100
1704,3501094,4570,285,90101
1703,3504929,4565,285,90101
1667,3542174,4517,282,90111
1665,3546099,4512,282,90112
1664,3546099,4512,282,90112
1663,3546099,4512,282,90113
1662,3550033,4507,281,90123
1625,3586640,4461,278,90123
1624,3590664,4456,278,90124
1623,3590664,4456,278,90124
1622,3590664,4456,278,90124
1621,3593890,4452,278,90135
1583,3632236,4405,275,90135
1582,3632236,4405,275,90136
1581,3636364,4400,275,90136
1580,3636364,4400,275,90136
1579,3636364,4400,275,90147
1541,3677316,4351,271,90147
1540,3677316,4351,271,90147
1539,3680699,4347,271,90148
1538,3680699,4347,271,90148
1537,3680699,4347,271,90159
1499,3721796,4299,268,90159
1498,3721796,4299,268,90159
1496,3721796,4299,268,90160
1495,3726129,4294,268,90160
1494,3726129,4294,268,90170
1456,3767365,4247,265,90171
1454,3767365,4247,265,90171
1453,3767365,4247,265,90171
1452,3770917,4243,265,90172
1413,3808617,4201,262,90182
1412,3808617,4201,262,90183
1411,3813155,4196,262,90183
1409,3813155,4196,262,90183
1408,3813155,4196,262,90184
1369,3853565,4152,259,90194
1368,3853565,4152,259,90194
1366,3858211,4147,259,90195
1365,3858211,4147,259,90195
1364,3858211,4147,259,90206
1324,3899586,4103,256,90206
1323,3899586,4103,256,90206
1321,3899586,4103,256,90207
1320,3904344,4098,256,90207
1319,3904344,4098,256,90217
1279,3944773,4056,253,90218
1277,3944773,4056,253,90218
1276,3944773,4056,253,90218
1275,3948667,4052,253,90219
1274,3948667,4052,253,90229
1233,3987042,4013,250,90230
1231,3991020,4009,250,90230
1230,3991020,4009,250,90230
1229,3991020,4009,250,90231
1228,3995006,4005,250,90241
1186,4033275,3967,247,90241
1185,4037345,3963,247,90242
1184,4037345,3963,247,90242
1183,4037345,3963,247,90242
1181,4037345,3963,247,90253
1139,4078511,3923,245,90253
1138,4078511,3923,245,90254
1137,4082674,3919,244,90254
1136,4082674,3919,244,90254
1094,4124774,3879,242,90265
1092,4124774,3879,242,90265
1091,4124774,3879,242,90265
1090,4124774,3879,242,90266
1088,4129032,3875,242,90276
1046,4166667,3840,240,90277
1044,4171011,3836,239,90277
1043,4171011,3836,239,90277
1042,4171011,3836,239,90278
1040,4175365,3832,239,90288
997,4212744,3798,237,90288
996,4217185,3794,237,90289
994,4217185,3794,237,90289
993,4217185,3794,237,90289
992,4217185,3794,237,90300
948,4258717,3757,234,90300
947,4258717,3757,234,90301
945,4263256,3753,234,90301
944,4263256,3753,234,90301
943,4263256,3753,234,90312
899,4305705,3716,232,90312
897,4305705,3716,232,90312
896,4309184,3713,232,90313
895,4309184,3713,232,90313
893,4309184,3713,232,90324
849,4352557,3676,229,90324
847,4352557,3676,229,90324
846,4352557,3676,229,90325
845,4356112,3673,229,90325
843,4356112,3673,229,90325
798,4398021,3638,227,90336
797,4398021,3638,227,90336
795,4398021,3638,227,90336
794,4401651,3635,227,90337
793,4401651,3635,227,90337
747,4440744,3603,225,90348
746,4444444,3600,225,90348
744,4444444,3600,225,90348
743,4444444,3600,225,90349
742,4448151,3597,224,90349
696,4486820,3566,222,90359
694,4486820,3566,222,90360
693,4490598,3563,222,90360
691,4490598,3563,222,90360
690,4490598,3563,222,90361
643,4533862,3529,220,90371
642,4533862,3529,220,90371
641,4536433,3527,220,90372
639,4536433,3527,220,90372
638,4536433,3527,220,90372
591,4580590,3493,218,90383
589,4580590,3493,218,90383
588,4580590,3493,218,90384
586,4584527,3490,218,90384
585,4584527,3490,218,90384
584,4584527,3490,218,90395
536,4626952,3458,216,90395
535,4626952,3458,216,90395
533,4629630,3456,216,90396
532,4629630,3456,216,90396
530,4629630,3456,216,90407
483,4672897,3424,214,90407
481,4672897,3424,214,90407
480,4672897,3424,214,90408
478,4676995,3421,213,90408
477,4676995,3421,213,90418
429,4719764,3390,211,90419
427,4719764,3390,211,90419
426,4719764,3390,211,90419
424,4723944,3387,211,90420
422,4723944,3387,211,90430
375,4766160,3357,209,90431
373,4766160,3357,209,90431
372,4766160,3357,209,90431
370,4766160,3357,209,90432
369,4770423,3354,209,90442
321,4809137,3327,207,90443
320,4813478,3324,207,90443
318,4813478,3324,207,90443
317,4813478,3324,207,90443
315,4816376,3322,207,90454
268,4855842,3295,205,90454
266,4855842,3295,205,90455
265,4860267,3292,205,90455
263,4860267,3292,205,90455
262,4860267,3292,205,90466
214,4901961,3264,204,90466
213,4901961,3264,204,90466
211,4906470,3261,203,90467
210,4906470,3261,203,90467
208,4906470,3261,203,90478
160,4948964,3233,202,90478
159,4948964,3233,202,90478
158,4948964,3233,202,90479
156,4948964,3233,202,90479
154,4948964,3233,202,90490
106,4948964,3233,202,90490
105,4948964,3233,202,90490
104,4948964,3233,202,90490
102,4948964,3233,202,90491
101,4948964,3233,202,90501
54,4948964,3233,202,90502
53,4948964,3233,202,90502
52,4948964,3233,202,90502
51,4948964,3233,202,90502
50,4948964,3233,202,90513
21,4948964,3233,202,90513
21,4948964,3233,202,90513
20,4948964,3233,202,90514
20,4948964,3233,202,90514
19,4948964,3233,202,90514
12,49000,326531,20408,93598
12,49000,326531,20408,93598
12,49000,326531,20408,93599
12,49000,326531,20408,93599
12,49000,326531,20408,93599
13,49000,326531,20408,93610
13,49000,326531,20408,93610
13,49000,326531,20408,93611
13,49000,326531,20408,93611
13,49000,326531,20408,93611
13,49000,326531,20408,93622
14,49000,326531,20408,93622
14,49000,326531,20408,93622
14,49000,326531,20408,93623
14,49000,326531,20408,93623
14,49000,326531,20408,93633
14,49000,326531,20408,93634
14,49000,326531,20408,93634
14,49000,326531,20408,93634
14,49000,326531,20408,93645
15,49000,326531,20408,93645
15,49000,326531,20408,93645
15,49000,326531,20408,93646
15,49000,326531,20408,93646
15,49000,326531,20408,93657
15,49000,326531,20408,93657
15,49000,326531,20408,93657
15,49000,326531,20408,93657
15,49000,326531,20408,93658
15,49000,326531,20408,93668
16,49000,326531,20408,93669
16,49000,326531,20408,93669
16,49000,326531,20408,93669
16,49000,326531,20408,93669
16,49000,326531,20408,93680
16,49000,326531,20408,93680
16,49000,326531,20408,93681
16,49000,326531,20408,93681
16,49000,326531,20408,93681
17,49000,326531,20408,93692
17,49000,326531,20408,93692
17,49000,326531,20408,93692
17,49000,326531,20408,93693
17,49000,326531,20408,93703
18,49000,326531,20408,93703
18,49000,326531,20408,93704
18,49000,326531,20408,93704
18,49000,326531,20408,93704
18,49000,326531,20408,93715
18,49000,326531,20408,93715
18,49000,326531,20408,93715
18,49000,326531,20408,93716
18,49000,326531,20408,93716
18,49000,326531,20408,93727
19,49000,326531,20408,93727
19,49000,326531,20408,93727
19,49000,326531,20408,93727
19,49000,326531,20408,93728
19,49000,326531,20408,93738
19,49000,326531,20408,93739
19,49000,326531,20408,93739
19,49000,326531,20408,93739
19,49000,326531,20408,93739
20,49000,326531,20408,93750
20,49000,326531,20408,93750
20,49000,326531,20408,93751
20,49000,326531,20408,93751
20,49000,326531,20408,93761
20,49000,326531,20408,93762
20,49000,326531,20408,93762
20,49000,326531,20408,93762
20,49000,326531,20408,93763
21,49000,326531,20408,93773
21,49000,326531,20408,93774
21,49000,326531,20408,93774
21,49000,326531,20408,93774
21,49000,326531,20408,93774
21,49000,326531,20408,93785
22,53000,301887,18867,93785
22,53000,301887,18867,93785
22,54000,296296,18518,93786
22,54000,296296,18518,93786
22,54000,296296,18518,93797
22,60000,266667,16666,93797
22,60000,266667,16666,93797
22,60000,266667,16666,93797
22,61000,262295,16393,93798
23,67000,238806,14925,93808
23,67000,238806,14925,93809
23,68000,235294,14705,93809
23,68000,235294,14705,93809
23,68000,235294,14705,93820
23,75000,213333,13333,93820
23,75000,213333,13333,93820
23,75000,213333,13333,93821
23,76000,210526,13157,93821
23,76000,210526,13157,93831
24,83000,192771,12048,93832
24,83000,192771,12048,93832
24,83000,192771,12048,93832
24,83000,192771,12048,93833
24,84000,190476,11904,93843
25,91000,175824,10989,93844
25,92000,173913,10869,93844
25,92000,173913,10869,93844
25,92000,173913,10869,93844
25,93000,172043,10752,93855
25,100000,160000,10000,93855
26,100000,160000,10000,93855
26,101000,158416,9901,93856
26,101000,158416,9901,93866
26,109000,146789,9174,93867
26,110000,145455,9090,93867
26,110000,145455,9090,93867
26,110000,145455,9090,93868
26,111000,144144,9009,93878
27,119000,134454,8403,93878
27,119000,134454,8403,93879
27,120000,133333,8333,93879
27,120000,133333,8333,93879
27,120000,133333,8333,93890
28,130000,123077,7692,93890
29,130000,123077,7692,93890
29,130000,123077,7692,93891
29,130000,123077,7692,93891
29,130000,123077,7692,93902
30,140000,114286,7142,93902
30,140000,114286,7142,93902
30,140000,114286,7142,93902
30,141000,113475,7092,93903
31,151000,105960,6622,93913
31,151000,105960,6622,93914
31,152000,105263,6578,93914
31,152000,105263,6578,93914
31,152000,105263,6578,93925
33,162001,98765,6172,93925
33,162001,98765,6172,93925
33,162001,98765,6172,93926
33,162999,98160,6135,93926
33,162999,98160,6135,93936
34,172999,92486,5780,93937
34,174000,91954,5747,93937
34,174000,91954,5747,93937
34,174000,91954,5747,93938
34,174999,91429,5714,93948
36,185999,86022,5376,93948
36,187001,85561,5347,93949
36,187001,85561,5347,93949
36,187001,85561,5347,93949
36,187001,85561,5347,93960
38,199000,80402,5025,93960
38,199000,80402,5025,93960
38,200000,80000,5000,93961
38,200000,80000,5000,93961
38,200000,80000,5000,93972
40,211999,75472,4717,93972
40,211999,75472,4717,93972
40,211999,75472,4717,93972
40,213001,75117,4694,93973
40,213001,75117,4694,93983
42,225000,71111,4444,93984
42,226001,70796,4424,93984
42,226001,70796,4424,93984
42,226001,70796,4424,93984
42,226999,70485,4405,93995
44,238999,66946,4184,93995
44,238999,66946,4184,93996
44,239999,66667,4166,93996
45,239999,66667,4166,93996
45,239999,66667,4166,94007
47,253000,63241,3952,94007
47,253000,63241,3952,94007
47,253000,63241,3952,94008
47,254001,62992,3937,94008
47,254001,62992,3937,94018
49,268002,59701,3731,94019
50,268002,59701,3731,94019
50,268002,59701,3731,94019
50,268002,59701,3731,94020
50,268998,59480,3717,94030
52,281998,56738,3546,94030
52,283001,56537,3533,94031
52,283001,56537,3533,94031
53,283001,56537,3533,94031
53,283001,56537,3533,94042
55,298002,53691,3355,94042
55,298002,53691,3355,94042
55,298998,53512,3344,94043
56,298998,53512,3344,94043
56,298998,53512,3344,94054
58,314003,50955,3184,94054
59,314003,50955,3184,94054
59,314003,50955,3184,94054
59,314998,50794,3174,94055
59,314998,50794,3174,94065
62,329001,48632,3039,94066
62,331003,48338,3021,94066
62,331003,48338,3021,94066
62,331003,48338,3021,94066
62,331998,48193,3012,94077
65,345998,46243,2890,94077
65,345998,46243,2890,94078
65,348000,45977,2873,94078
66,348000,45977,2873,94078
66,348000,45977,2873,94089
69,363001,44077,2754,94089
69,363001,44077,2754,94089
69,363001,44077,2754,94090
69,364997,43836,2739,94090
69,364997,43836,2739,94100
73,380998,41995,2624,94101
73,380998,41995,2624,94101
73,380998,41995,2624,94101
73,380998,41995,2624,94102
73,383004,41775,2610,94112
77,398000,40201,2512,94112
77,399002,40100,2506,94113
77,399002,40100,2506,94113
77,399002,40100,2506,94113
77,399002,40100,2506,94124
81,415995,38462,2403,94124
81,415995,38462,2403,94124
81,417995,38278,2392,94125
81,417995,38278,2392,94125
82,417995,38278,2392,94136
86,434995,36782,2298,94136
86,434995,36782,2298,94136
86,434995,36782,2298,94136
86,437003,36613,2288,94137
86,437003,36613,2288,94147
90,453001,35320,2207,94148
90,454998,35165,2197,94148
91,454998,35165,2197,94148
91,454998,35165,2197,94148
91,455996,35088,2193,94159
95,472995,33827,2114,94159
95,472995,33827,2114,94160
95,474004,33755,2109,94160
96,474004,33755,2109,94160
96,474004,33755,2109,94171
100,493005,32454,2028,94171
100,493005,32454,2028,94171
101,493005,32454,2028,94172
101,493995,32389,2024,94172
101,493995,32389,2024,94182
106,513001,31189,1949,94183
106,513001,31189,1949,94183
106,513001,31189,1949,94183
106,514999,31068,1941,94184
106,514999,31068,1941,94194
111,532003,30075,1879,94195
111,533992,29963,1872,94195
112,533992,29963,1872,94195
112,533992,29963,1872,94195
112,535995,29851,1865,94206
117,553997,28881,1805,94206
117,553997,28881,1805,94207
117,554997,28829,1801,94207
118,554997,28829,1801,94207
123,575002,27826,1739,94218
123,575002,27826,1739,94218
123,575002,27826,1739,94218
124,575002,27826,1739,94219
124,576992,27730,1733,94229
129,594995,26891,1680,94229
130,596993,26801,1675,94230
130,596993,26801,1675,94230
130,596993,26801,1675,94230
130,596993,26801,1675,94241
136,617999,25890,1618,94241
136,617999,25890,1618,94241
136,620011,25806,1612,94242
136,620011,25806,1612,94242
137,620011,25806,1612,94253
143,641000,24961,1560,94253
143,641000,24961,1560,94253
143,641000,24961,1560,94253
143,642003,24922,1557,94254
143,642003,24922,1557,94264
150,662005,24169,1510,94265
150,664011,24096,1506,94265
150,664011,24096,1506,94265
150,664011,24096,1506,94265
157,684990,23358,1459,94276
157,684990,23358,1459,94276
157,684990,23358,1459,94277
157,686990,23290,1455,94277
158,686990,23290,1455,94287
164,709000,22567,1410,94288
165,709000,22567,1410,94288
165,709000,22567,1410,94288
165,709000,22567,1410,94289
165,710985,22504,1406,94299
172,730994,21888,1368,94299
172,733003,21828,1364,94300
173,733003,21828,1364,94300
173,733003,21828,1364,94300
173,733003,21828,1364,94311
180,756001,21164,1322,94311
181,756001,21164,1322,94312
181,758006,21108,1319,94312
181,758006,21108,1319,94312
181,758006,21108,1319,94323
189,780983,20487,1280,94323
189,780983,20487,1280,94323
189,780983,20487,1280,94324
189,783009,20434,1277,94324
197,804020,19900,1243,94334
197,804020,19900,1243,94335
198,806005,19851,1240,94335
198,806005,19851,1240,94335
198,806005,19851,1240,94346
206,830005,19277,1204,94346
206,830005,19277,1204,94346
207,831990,19231,1201,94347
207,831990,19231,1201,94347
207,831990,19231,1201,94357
215,855981,18692,1168,94358
216,855981,18692,1168,94358
216,855981,18692,1168,94358
216,858001,18648,1165,94359
216,858001,18648,1165,94369
225,879991,18182,1136,94370
225,881980,18141,1133,94370
225,881980,18141,1133,94370
226,881980,18141,1133,94370
226,883978,18100,1131,94381
235,906978,17641,1102,94381
235,906978,17641,1102,94382
235,908988,17602,1100,94382
236,908988,17602,1100,94382
245,933979,17131,1070,94393
245,933979,17131,1070,94393
245,933979,17131,1070,94393
245,933979,17131,1070,94394
246,936001,17094,1068,94404
255,959003,16684,1042,94404
255,961019,16649,1040,94405
256,961019,16649,1040,94405
256,961019,16649,1040,94405
256,961019,16649,1040,94416
266,986984,16211,1013,94416
266,986984,16211,1013,94416
266,988997,16178,1011,94417
267,988997,16178,1011,94417
267,988997,16178,1011,94428
277,1014971,15764,985,94428
277,1014971,15764,985,94428
277,1014971,15764,985,94428
278,1016971,15733,983,94429
278,1016971,15733,983,94439
288,1040989,15370,960,94440
289,1043025,15340,958,94440
289,1043025,15340,958,94440
289,1043025,15340,958,94440
300,1070019,14953,934,94451
300,1070019,14953,934,94451
300,1070019,14953,934,94452
301,1072027,14925,932,94452
301,1072027,14925,932,94462
312,1098977,14559,909,94463
312,1098977,14559,909,94463
312,1098977,14559,909,94463
312,1098977,14559,909,94464
313,1101018,14532,908,94474
324,1125968,14210,888,94474
324,1128032,14184,886,94475
325,1128032,14184,886,94475
325,1128032,14184,886,94475
325,1128032,14184,886,94486
337,1155986,13841,865,94486
337,1155986,13841,865,94487
337,1157994,13817,863,94487
338,1157994,13817,863,94487
338,1157994,13817,863,94498
350,1185976,13491,843,94498
350,1185976,13491,843,94498
350,1185976,13491,843,94499
351,1188001,13468,841,94499
363,1213961,13180,823,94509
363,1213961,13180,823,94510
363,1215990,13158,822,94510
364,1215990,13158,822,94510
364,1215990,13158,822,94521
376,1243974,12862,803,94521
377,1243974,12862,803,94521
377,1246980,12831,801,94522
377,1246980,12831,801,94522
378,1246980,12831,801,94532
390,1276019,12539,783,94533
391,1276019,12539,783,94533
391,1276019,12539,783,94533
391,1277955,12520,782,94534
392,1277955,12520,782,94544
405,1303993,12270,766,94545
405,1306976,12242,765,94545
405,1306976,12242,765,94545
406,1306976,12242,765,94545
406,1309972,12214,763,94556
419,1336005,11976,748,94556
420,1336005,11976,748,94557
420,1339024,11949,746,94557
420,1339024,11949,746,94557
434,1367989,11696,731,94568
434,1367989,11696,731,94568
435,1367989,11696,731,94568
435,1367989,11696,731,94569
436,1371037,11670,729,94579
449,1397990,11445,715,94579
450,1399948,11429,714,94580
450,1399948,11429,714,94580
451,1399948,11429,714,94580
451,1399948,11429,714,94591
465,1429976,11189,699,94591
466,1429976,11189,699,94591
466,1433050,11165,697,94592
466,1433050,11165,697,94592
467,1433050,11165,697,94603
481,1463058,10936,683,94603
482,1463058,10936,683,94603
482,1463058,10936,683,94604
483,1466007,10914,682,94604
483,1466007,10914,682,94614
498,1497006,10688,668,94615
499,1497006,10688,668,94615
499,1497006,10688,668,94615
500,1498969,10674,667,94616
500,1498969,10674,667,94626
515,1527009,10478,654,94627
516,1529929,10458,653,94627
516,1529929,10458,653,94627
517,1529929,10458,653,94628
532,1560976,10250,640,94638
533,1560976,10250,640,94638
533,1564027,10230,639,94639
534,1564027,10230,639,94639
534,1564027,10230,639,94650
550,1595055,10031,626,94650
551,1595055,10031,626,94650
551,1595055,10031,626,94651
552,1597923,10013,625,94651
552,1597923,10013,625,94661
568,1629992,9816,613,94662
569,1629992,9816,613,94662
569,1629992,9816,613,94662
570,1632986,9798,612,94663
570,1632986,9798,612,94673
587,1661992,9627,601,94674
588,1664932,9610,600,94674
588,1664932,9610,600,94674
589,1664932,9610,600,94675
589,1667014,9598,599,94685
606,1697073,9428,589,94685
607,1699958,9412,588,94686
607,1699958,9412,588,94686
608,1699958,9412,588,94686
608,1701947,9401,587,94687
626,1731977,9238,577,94697
626,1731977,9238,577,94698
627,1734982,9222,576,94698
627,1734982,9222,576,94698
628,1734982,9222,576,94699
645,1767956,9050,565,94709
646,1767956,9050,565,94709
646,1769912,9040,565,94710
647,1769912,9040,565,94710
648,1769912,9040,565,94710
666,1803020,8874,554,94721
666,1803020,8874,554,94721
667,1803020,8874,554,94722
667,1806073,8859,553,94722
668,1806073,8859,553,94722
686,1839926,8696,543,94733
687,1839926,8696,543,94733
687,1839926,8696,543,94733
688,1843106,8681,542,94734
688,1843106,8681,542,94734
707,1873098,8542,533,94745
708,1875953,8529,533,94745
708,1875953,8529,533,94745
709,1875953,8529,533,94746
710,1879037,8515,532,94746
710,1879037,8515,532,94756
729,1909992,8377,523,94757
730,1912960,8364,522,94757
730,1912960,8364,522,94757
731,1912960,8364,522,94758
732,1915938,8351,521,94768
751,1946946,8218,513,94768
752,1950030,8205,512,94769
752,1950030,8205,512,94769
753,1950030,8205,512,94769
754,1952887,8193,512,94780
773,1983881,8065,504,94780
774,1983881,8065,504,94781
775,1987084,8052,503,94781
775,1987084,8052,503,94781
776,1987084,8052,503,94792
796,2020968,7917,494,94792
797,2020968,7917,494,94792
797,2024035,7905,494,94793
798,2024035,7905,494,94793
799,2024035,7905,494,94804
819,2058937,7771,485,94804
820,2058937,7771,485,94804
821,2058937,7771,485,94805
821,2062121,7759,484,94805
822,2062121,7759,484,94815
843,2096986,7630,476,94816
844,2096986,7630,476,94816
844,2096986,7630,476,94816
845,2100013,7619,476,94817
846,2100013,7619,476,94827
867,2131912,7505,469,94828
868,2135041,7494,468,94828
868,2135041,7494,468,94828
869,2135041,7494,468,94829
870,2137894,7484,467,94839
892,2170080,7373,460,94839
892,2173913,7360,460,94840
893,2173913,7360,460,94840
894,2173913,7360,460,94840
894,2176871,7350,459,94851
916,2209029,7243,452,94851
917,2209029,7243,452,94852
918,2212084,7233,452,94852
918,2212084,7233,452,94852
919,2212084,7233,452,94863
942,2248138,7117,444,94863
942,2248138,7117,444,94863
943,2250985,7108,444,94864
944,2250985,7108,444,94864
945,2250985,7108,444,94875
968,2287021,6996,437,94875
968,2287021,6996,437,94875
969,2287021,6996,437,94876
970,2290951,6984,436,94876
970,2290951,6984,436,94886
994,2326934,6876,429,94887
995,2326934,6876,429,94887
995,2326934,6876,429,94887
996,2326934,6876,429,94888
997,2329984,6867,429,94898
1021,2363019,6771,423,94899
1022,2366164,6762,422,94899
1022,2366164,6762,422,94899
1023,2366164,6762,422,94900
1024,2370019,6751,421,94910
1048,2403124,6658,416,94910
1049,2406015,6650,415,94911
1050,2406015,6650,415,94911
1050,2406015,6650,415,94911
1051,2410002,6639,414,94922
1076,2443121,6549,409,94922
1077,2443121,6549,409,94923
1077,2446857,6539,408,94923
1078,2446857,6539,408,94923
1079,2446857,6539,408,94934
1104,2482930,6444,402,94934
1105,2482930,6444,402,94934
1106,2487176,6433,402,94935
1107,2487176,6433,402,94935
1107,2487176,6433,402,94946
1133,2524057,6339,396,94946
1134,2524057,6339,396,94946
1135,2524057,6339,396,94947
1135,2526848,6332,395,94947
1161,2560819,6248,390,94958
1162,2564925,6238,389,94958
1163,2564925,6238,389,94958
1164,2564925,6238,389,94959
1165,2567806,6231,389,94959
1191,2602049,6149,384,94969
1192,2602049,6149,384,94970
1193,2605863,6140,383,94970
1193,2605863,6140,383,94970
1194,2605863,6140,383,94981
1221,2644191,6051,378,94981
1222,2644191,6051,378,94982
1223,2646816,6045,377,94982
1224,2646816,6045,377,94982
1224,2646816,6045,377,94993
1252,2685014,5959,372,94993
1252,2685014,5959,372,94993
1253,2685014,5959,372,94994
1254,2688172,5952,372,94994
1255,2688172,5952,372,95005
1283,2726188,5869,366,95005
1283,2726188,5869,366,95005
1284,2726188,5869,366,95006
1285,2729910,5861,366,95006
1286,2729910,5861,366,95016
1314,2764818,5787,361,95017
1315,2768166,5780,361,95017
1316,2768166,5780,361,95017
1316,2768166,5780,361,95018
1317,2772003,5772,360,95028
1346,2807018,5700,356,95029
1347,2809975,5694,355,95029
1348,2809975,5694,355,95029
1349,2809975,5694,355,95030
1377,2849003,5616,351,95040
1378,2849003,5616,351,95040
1379,2849003,5616,351,95041
1380,2852050,5610,350,95041
1381,2852050,5610,350,95052
1410,2891218,5534,345,95052
1411,2891218,5534,345,95052
1412,2891218,5534,345,95053
1413,2894880,5527,345,95053
1414,2894880,5527,345,95063
1444,2934165,5453,340,95064
1444,2934165,5453,340,95064
1445,2934165,5453,340,95064
1446,2934165,5453,340,95065
1447,2936858,5448,340,95075
1477,2972873,5382,336,95076
1478,2976190,5376,336,95076
1479,2976190,5376,336,95076
1480,2976190,5376,336,95077
1481,2980071,5369,335,95087
1512,3016023,5305,331,95087
1513,3016023,5305,331,95088
1514,3018868,5300,331,95088
1515,3018868,5300,331,95088
1515,3018868,5300,331,95099
1547,3059273,5230,326,95099
1547,3059273,5230,326,95100
1548,3062201,5225,326,95100
1549,3062201,5225,326,95100
1581,3097773,5165,322,95111
1582,3101978,5158,322,95111
1583,3101978,5158,322,95111
1584,3101978,5158,322,95112
1585,3104987,5153,322,95112
1616,3142184,5092,318,95122
1618,3145272,5087,317,95123
1619,3145272,5087,317,95123
1620,3145272,5087,317,95124
1621,3148986,5081,317,95134
1653,3184713,5024,314,95134
1654,3189157,5017,313,95135
1655,3189157,5017,313,95135
1656,3189157,5017,313,95135
1657,3191702,5013,313,95146
1690,3229062,4955,309,95146
1691,3229062,4955,309,95147
1692,3232323,4950,309,95147
1693,3232323,4950,309,95147
1694,3232323,4950,309,95158
1728,3273322,4888,305,95158
1729,3273322,4888,305,95158
1730,3276003,4884,305,95159
1731,3276003,4884,305,95159
1732,3276003,4884,305,95170
1766,3316750,4824,301,95170
1767,3316750,4824,301,95170
1768,3316750,4824,301,95171
1769,3320191,4819,301,95171
1770,3320191,4819,301,95181
1804,3361345,4760,297,95182
1805,3361345,4760,297,95182
1806,3361345,4760,297,95182
1807,3364172,4756,297,95183
1842,3401361,4704,294,95193
1843,3401361,4704,294,95194
1844,3404980,4699,293,95194
1845,3404980,4699,293,95194
1846,3404980,4699,293,95205
1881,3446048,4643,290,95205
1882,3446048,4643,290,95205
1883,3446048,4643,290,95206
1885,3449019,4639,289,95206
1886,3449019,4639,289,95217
1921,3489640,4585,286,95217
1922,3489640,4585,286,95217
1923,3489640,4585,286,95218
1925,3494213,4579,286,95218
1926,3494213,4579,286,95228
1962,3535130,4526,282,95229
1963,3535130,4526,282,95229
1964,3535130,4526,282,95229
1965,3535130,4526,282,95230
1966,3538257,4522,282,95240
2003,3576218,4474,279,95241
2004,3578618,4471,279,95241
2005,3578618,4471,279,95241
2006,3578618,4471,279,95242
2007,3582624,4466,279,95252
2044,3620729,4419,276,95252
2045,3620729,4419,276,95253
2046,3624009,4415,275,95253
2047,3624009,4415,275,95253
2085,3666361,4364,272,95264
2086,3666361,4364,272,95264
2087,3666361,4364,272,95265
2088,3668883,4361,272,95265
2090,3668883,4361,272,95265
2127,3707136,4316,269,95276
2129,3710575,4312,269,95276
2130,3710575,4312,269,95276
2131,3710575,4312,269,95277
2132,3714020,4308,269,95287
2170,3752345,4264,266,95288
2172,3755869,4260,266,95288
2173,3755869,4260,266,95288
2174,3755869,4260,266,95289
2175,3760282,4255,265,95299
2214,3796868,4214,263,95299
2215,3801378,4209,263,95300
2216,3801378,4209,263,95300
2218,3801378,4209,263,95300
2219,3801378,4209,263,95311
2258,3843382,4163,260,95311
2259,3843382,4163,260,95312
2260,3847079,4159,259,95312
2262,3847079,4159,259,95312
2263,3847079,4159,259,95323
2302,3888214,4115,257,95323
2304,3888214,4115,257,95323
2305,3888214,4115,257,95324
2306,3891997,4111,256,95324
2307,3891997,4111,256,95335
2348,3934104,4067,254,95335
2349,3934104,4067,254,95335
2350,3934104,4067,254,95336
2352,3937977,4063,253,95336
2392,3976143,4024,251,95346
2394,3980100,4020,251,95347
2395,3980100,4020,251,95347
2396,3980100,4020,251,95347
2397,3983072,4017,251,95348
2438,4022122,3978,248,95358
2440,4022122,3978,248,95359
2441,4025157,3975,248,95359
2442,4025157,3975,248,95359
2444,4025157,3975,248,95370
2485,4068141,3933,245,95370
2487,4068141,3933,245,95370
2488,4071247,3930,245,95371
2489,4071247,3930,245,95371
2490,4071247,3930,245,95382
2533,4113111,3890,243,95382
2534,4113111,3890,243,95382
2535,4113111,3890,243,95383
2537,4117344,3886,242,95383
2538,4117344,3886,242,95393
2581,4159085,3847,240,95394
2582,4159085,3847,240,95394
2583,4159085,3847,240,95394
2584,4163414,3843,240,95395
2586,4163414,3843,240,95405
2629,4201681,3808,238,95406
2630,4206099,3804,237,95406
2631,4206099,3804,237,95406
2633,4206099,3804,237,95407
2634,4209419,3801,237,95417
2678,4248540,3766,235,95417
2679,4251927,3763,235,95418
2680,4251927,3763,235,95418
2682,4251927,3763,235,95418
2726,4294149,3726,232,95429
2727,4294149,3726,232,95429
2728,4294149,3726,232,95430
2730,4297609,3723,232,95430
2731,4297609,3723,232,95440
2776,4339571,3687,230,95441
2777,4339571,3687,230,95441
2779,4339571,3687,230,95441
2780,4344285,3683,230,95442
2781,4344285,3683,230,95452
2826,4383562,3650,228,95453
2828,4387168,3647,227,95453
2829,4387168,3647,227,95453
2831,4387168,3647,227,95454
2832,4389575,3645,227,95464
2877,4428453,3613,225,95464
2879,4433361,3609,225,95465
2880,4433361,3609,225,95465
2882,4433361,3609,225,95465
2883,4437049,3606,225,95476
2929,4475524,3575,223,95476
2930,4475524,3575,223,95477
2932,4479283,3572,223,95477
2933,4479283,3572,223,95477
2935,4479283,3572,223,95488
2981,4522329,3538,221,95488
2982,4522329,3538,221,95488
2984,4526167,3535,220,95489
2985,4526167,3535,220,95489
3032,4564907,3505,219,95500
3034,4567514,3503,218,95500
3035,4567514,3503,218,95500
3037,4567514,3503,218,95501
3038,4571429,3500,218,95501
3085,4610951,3470,216,95511
3087,4614941,3467,216,95512
3088,4614941,3467,216,95512
3089,4614941,3467,216,95512
3091,4618938,3464,216,95523
3138,4657933,3435,214,95523
3140,4657933,3435,214,95524
3141,4662005,3432,214,95524
3143,4662005,3432,214,95524
3144,4662005,3432,214,95535
3191,4704499,3401,212,95535
3193,4704499,3401,212,95535
3194,4708652,3398,212,95536
3196,4708652,3398,212,95536
3197,4708652,3398,212,95547
3244,4750594,3368,210,95547
3246,4750594,3368,210,95547
3247,4750594,3368,210,95548
3249,4754829,3365,210,95548
3250,4754829,3365,210,95559
3298,4797601,3335,208,95559
3299,4797601,3335,208,95559
3301,4797601,3335,208,95560
3302,4800480,3333,208,95560
3303,4800480,3333,208,95570
3351,4844081,3303,206,95571
3352,4844081,3303,206,95571
3353,4844081,3303,206,95571
3355,4844081,3303,206,95572
3402,4886988,3274,204,95582
3403,4886988,3274,204,95583
3405,4891470,3271,204,95583
3406,4891470,3271,204,95583
3408,4891470,3271,204,95583
3455,4933703,3243,202,95594
3456,4933703,3243,202,95594
3458,4933703,3243,202,95595
3459,4936748,3241,202,95595
3461,4936748,3241,202,95606
3508,4936748,3241,202,95606
3509,4936748,3241,202,95606
3510,4936748,3241,202,95606
3511,4936748,3241,202,95607
3513,4936748,3241,202,95617
3560,4936748,3241,202,95617
3561,4936748,3241,202,95618
3562,4936748,3241,202,95618
3563,4936748,3241,202,95618
3565,4936748,3241,202,95629
3604,4936748,3241,202,95629
3604,4936748,3241,202,95629
3605,4936748,3241,202,95630
3606,4936748,3241,202,95630
3623,4936748,3241,202,95640
3623,4936748,3241,202,95641
3623,4936748,3241,202,95641
3624,4936748,3241,202,95641
3624,4936748,3241,202,95652
3625,49000,326531,20408,205011
3625,49000,326531,20408,205012
3625,49000,326531,20408,205012
3625,49000,326531,20408,205012
3625,49000,326531,20408,205023
3624,49000,326531,20408,205023
3624,49000,326531,20408,205024
3624,49000,326531,20408,205024
3624,49000,326531,20408,205024
3624,49000,326531,20408,205035
3624,49000,326531,20408,205035
3624,49000,326531,20408,205035
3624,49000,326531,20408,205036
3624,49000,326531,20408,205046
3623,49000,326531,20408,205046
3623,49000,326531,20408,205047
3623,49000,326531,20408,205047
3623,49000,326531,20408,205057
3622,49000,326531,20408,205058
3622,49000,326531,20408,205058
3622,49000,326531,20408,205058
3622,49000,326531,20408,205059
3622,49000,326531,20408,205069
3622,49000,326531,20408,205069
3622,49000,326531,20408,205070
3622,49000,326531,20408,205070
3622,49000,326531,20408,205081
3621,49000,326531,20408,205081
3621,49000,326531,20408,205081
3621,49000,326531,20408,205081
3621,49000,326531,20408,205092
3621,49000,326531,20408,205092
3621,49000,326531,20408,205093
3621,49000,326531,20408,205093
3621,49000,326531,20408,205103
3620,49000,326531,20408,205104
3620,49000,326531,20408,205104
3620,49000,326531,20408,205104
3620,49000,326531,20408,205105
3620,49000,326531,20408,205115
3620,49000,326531,20408,205115
3620,49000,326531,20408,205116
3620,49000,326531,20408,205116
3620,49000,326531,20408,205127
3619,49000,326531,20408,205127
3619,49000,326531,20408,205127
3619,49000,326531,20408,205127
3619,49000,326531,20408,205138
3618,49000,326531,20408,205138
3618,49000,326531,20408,205139
3618,49000,326531,20408,205139
3618,49000,326531,20408,205149
3618,49000,326531,20408,205150
3618,49000,326531,20408,205150
3618,49000,326531,20408,205150
3618,49000,326531,20408,205151
3617,49000,326531,20408,205161
3617,49000,326531,20408,205161
3617,49000,326531,20408,205162
3617,49000,326531,20408,205162
3617,49000,326531,20408,205173
3617,49000,326531,20408,205173
3617,49000,326531,20408,205173
3617,49000,326531,20408,205173
3617,49000,326531,20408,205184
3616,49000,326531,20408,205184
3616,49000,326531,20408,205185
3616,49000,326531,20408,205185
3616,49000,326531,20408,205185
3616,52000,307692,19230,205196
3616,52000,307692,19230,205196
3616,52000,307692,19230,205196
3616,52000,307692,19230,205197
3616,53000,301887,18867,205207
3615,59000,271186,16949,205207
3615,59000,271186,16949,205208
3615,59000,271186,16949,205208
3615,59000,271186,16949,205218
3615,66000,242424,15151,205219
3615,66000,242424,15151,205219
3615,66000,242424,15151,205219
3615,66000,242424,15151,205230
3614,73000,219178,13698,205230
3614,73000,219178,13698,205230
3614,74000,216216,13513,205231
3614,74000,216216,13513,205231
3613,81000,197531,12345,205242
3613,81000,197531,12345,205242
3613,81000,197531,12345,205242
3613,81000,197531,12345,205242
3613,82000,195122,12195,205253
3613,89000,179775,11235,205253
3613,89000,179775,11235,205254
3613,90000,177778,11111,205254
3613,90000,177778,11111,205264
3612,97000,164948,10309,205265
3612,98000,163265,10204,205265
3612,98000,163265,10204,205265
3612,98000,163265,10204,205276
3611,107000,149533,9345,205276
3611,107000,149533,9345,205276
3611,107000,149533,9345,205277
3611,108000,148148,9259,205277
3610,116000,137931,8620,205287
3610,117000,136752,8547,205288
3610,117000,136752,8547,205288
3610,117000,136752,8547,205288
3610,117000,136752,8547,205299
3609,126000,126984,7936,205299
3609,126000,126984,7936,205300
3609,127000,125984,7874,205300
3609,127000,125984,7874,205310
3608,136000,117647,7352,205311
3608,137000,116788,7299,205311
3608,137000,116788,7299,205311
3608,137000,116788,7299,205322
3606,146999,108844,6802,205322
3606,146999,108844,6802,205322
3606,146999,108844,6802,205323
3606,148000,108108,6756,205323
3606,148000,108108,6756,205334
3605,158000,101266,6329,205334
3605,158000,101266,6329,205334
3605,158000,101266,6329,205334
3605,159000,100629,6289,205345
3603,168999,94675,5917,205345
3603,168999,94675,5917,205346
3603,169999,94118,5882,205346
3603,169999,94118,5882,205356
3602,181000,88398,5524,205357
3602,182000,87912,5494,205357
3602,182000,87912,5494,205357
3602,182000,87912,5494,205358
3602,182999,87432,5464,205368
3600,192999,82902,5181,205368
3600,192999,82902,5181,205369
3600,194001,82474,5154,205369
3600,194001,82474,5154,205379
3598,206000,77670,4854,205380
3598,206000,77670,4854,205380
3598,206000,77670,4854,205380
3598,206000,77670,4854,205381
3596,219001,73059,4566,205391
3596,219001,73059,4566,205391
3596,220001,72727,4545,205392
3596,220001,72727,4545,205392
3596,220001,72727,4545,205403
3594,232998,68670,4291,205403
3594,232998,68670,4291,205403
3594,232998,68670,4291,205403
3594,234000,68376,4273,205404
3591,245999,65041,4065,205414
3591,245999,65041,4065,205415
3591,247001,64777,4048,205415
3591,247001,64777,4048,205415
3591,247001,64777,4048,205426
3589,260999,61303,3831,205426
3589,260999,61303,3831,205426
3589,261999,61069,3816,205427
3589,261999,61069,3816,205427
3586,274001,58394,3649,205438
3586,276000,57971,3623,205438
3586,276000,57971,3623,205438
3586,276000,57971,3623,205438
3586,276999,57762,3610,205449
3583,290002,55172,3448,205449
3583,290002,55172,3448,205450
3583,290999,54983,3436,205450
3583,290999,54983,3436,205460
3580,305998,52288,3268,205461
3580,305998,52288,3268,205461
3580,305998,52288,3268,205461
3580,305998,52288,3268,205462
3580,307002,52117,3257,205472
3577,321002,49844,3115,205472
3577,322003,49689,3105,205473
3577,322003,49689,3105,205473
3577,322003,49689,3105,205484
3574,338002,47337,2958,205484
3574,338002,47337,2958,205484
3574,338002,47337,2958,205484
3573,338997,47198,2949,205485
3570,352998,45326,2832,205495
3570,352998,45326,2832,205496
3570,355003,45070,2816,205496
3570,355003,45070,2816,205496
3570,355003,45070,2816,205507
3567,370997,43127,2695,205507
3566,370997,43127,2695,205507
3566,370997,43127,2695,205508
3566,371998,43011,2688,205508
3563,386997,41344,2584,205518
3563,389001,41131,2570,205519
3563,389001,41131,2570,205519
3562,389001,41131,2570,205519
3562,389001,41131,2570,205530
3559,405002,39506,2469,205530
3558,405002,39506,2469,205530
3558,407000,39312,2457,205531
3558,407000,39312,2457,205541
3554,423001,37825,2364,205542
3554,423998,37736,2358,205542
3554,423998,37736,2358,205542
3554,423998,37736,2358,205542
3554,425996,37559,2347,205553
3550,442001,36199,2262,205553
3550,442001,36199,2262,205554
3550,443005,36117,2257,205554
3549,443005,36117,2257,205564
3545,461002,34707,2169,205565
3545,461002,34707,2169,205565
3545,461002,34707,2169,205565
3545,461002,34707,2169,205566
3545,463003,34557,2159,205576
3540,478999,33403,2087,205576
3540,481000,33264,2079,205577
3540,481000,33264,2079,205577
3540,481000,33264,2079,205588
3535,500000,32000,2000,205588
3535,500000,32000,2000,205588
3535,500000,32000,2000,205588
3535,501002,31936,1996,205589
3530,518001,30888,1930,205599
3530,518001,30888,1930,205600
3530,520004,30769,1923,205600
3529,520004,30769,1923,205600
3529,520004,30769,1923,205611
3524,538993,29685,1855,205611
3524,538993,29685,1855,205611
3524,538993,29685,1855,205612
3524,540997,29575,1848,205612
3518,558991,28623,1788,205622
3518,561010,28520,1782,205623
3518,561010,28520,1782,205623
3518,561010,28520,1782,205623
3518,561010,28520,1782,205634
3512,580994,27539,1721,205634
3512,580994,27539,1721,205634
3512,583005,27444,1715,205635
3512,583005,27444,1715,205645
3506,601007,26622,1663,205646
3506,603000,26534,1658,205646
3506,603000,26534,1658,205646
3506,603000,26534,1658,205646
3505,605006,26446,1652,205657
3499,623004,25682,1605,205657
3499,623004,25682,1605,205658
3499,625000,25600,1600,205658
3499,625000,25600,1600,205668
3493,643993,24845,1552,205669
3493,645995,24768,1548,205669
3492,645995,24768,1548,205669
3492,645995,24768,1548,205670
3486,668003,23952,1497,205680
3486,668003,23952,1497,205680
3485,668003,23952,1497,205681
3485,669989,23881,1492,205681
3485,669989,23881,1492,205691
3479,690995,23155,1447,205692
3478,690995,23155,1447,205692
3478,690995,23155,1447,205692
3478,690995,23155,1447,205693
3471,713012,22440,1402,205703
3471,713012,22440,1402,205703
3471,714988,22378,1398,205704
3470,714988,22378,1398,205704
3470,714988,22378,1398,205715
3463,736988,21710,1356,205715
3463,736988,21710,1356,205715
3463,736988,21710,1356,205716
3463,738996,21651,1353,205726
3455,759987,21053,1315,205726
3455,762014,20997,1312,205727
3455,762014,20997,1312,205727
3455,762014,20997,1312,205727
3454,764015,20942,1308,205738
3447,785006,20382,1273,205738
3447,785006,20382,1273,205738
3446,787014,20330,1270,205739
3446,787014,20330,1270,205749
3438,807999,19802,1237,205750
3438,810004,19753,1234,205750
3438,810004,19753,1234,205750
3437,810004,19753,1234,205751
3437,813008,19680,1230,205761
3429,833985,19185,1199,205761
3429,835989,19139,1196,205762
3429,835989,19139,1196,205762
3428,835989,19139,1196,205772
3420,859984,18605,1162,205773
3420,859984,18605,1162,205773
3420,859984,18605,1162,205773
3419,862023,18561,1160,205774
3411,883978,18100,1131,205784
3410,883978,18100,1131,205785
3410,887016,18038,1127,205785
3410,887016,18038,1127,205785
3410,887016,18038,1127,205796
3401,911006,17563,1097,205796
3401,911006,17563,1097,205796
3400,911006,17563,1097,205797
3400,912981,17525,1095,205797
3391,936001,17094,1068,205807
3391,937976,17058,1066,205808
3390,937976,17058,1066,205808
3390,937976,17058,1066,205808
3390,937976,17058,1066,205819
3380,963972,16598,1037,205819
3380,963972,16598,1037,205820
3380,966009,16563,1035,205820
3380,966009,16563,1035,205830
3370,988997,16178,1011,205831
3370,991019,16145,1009,205831
3369,991019,16145,1009,205831
3369,991019,16145,1009,205832
3369,993974,16097,1006,205842
3359,1016971,15733,983,205842
3359,1016971,15733,983,205843
3358,1020018,15686,980,205843
3358,1020018,15686,980,205853
3348,1046025,15296,956,205854
3347,1046025,15296,956,205854
3347,1046025,15296,956,205854
3347,1046025,15296,956,205855
3347,1048012,15267,954,205865
3336,1072027,14925,932,205865
3336,1074980,14884,930,205866
3335,1074980,14884,930,205866
3335,1074980,14884,930,205877
3324,1101018,14532,908,205877
3324,1101018,14532,908,205877
3324,1101018,14532,908,205877
3323,1103981,14493,905,205878
3312,1128032,14184,886,205888
3312,1128032,14184,886,205889
3312,1130982,14147,884,205889
3311,1130982,14147,884,205889
3311,1130982,14147,884,205900
3300,1157994,13817,863,205900
3299,1157994,13817,863,205900
3299,1161019,13781,861,205901
3299,1161019,13781,861,205901
3287,1185976,13491,843,205912
3287,1188001,13468,841,205912
3286,1188001,13468,841,205912
3286,1188001,13468,841,205912
3286,1191008,13434,839,205923
3274,1215990,13158,822,205923
3273,1215990,13158,822,205924
3273,1218955,13126,820,205924
3273,1218955,13126,820,205934
3260,1246980,12831,801,205935
3260,1246980,12831,801,205935
3260,1246980,12831,801,205935
3259,1246980,12831,801,205936
3259,1250000,12800,800,205946
3246,1276019,12539,783,205946
3246,1277955,12520,782,205947
3246,1277955,12520,782,205947
3245,1277955,12520,782,205958
3232,1306976,12242,765,205958
3232,1306976,12242,765,205958
3232,1306976,12242,765,205958
3231,1309972,12214,763,205959
3231,1309972,12214,763,205969
3218,1336005,11976,748,205970
3217,1339024,11949,746,205970
3217,1339024,11949,746,205970
3216,1339024,11949,746,205981
3203,1367989,11696,731,205981
3202,1367989,11696,731,205981
3202,1367989,11696,731,205982
3202,1371037,11670,729,205982
3188,1397990,11445,715,205992
3187,1399948,11429,714,205993
3187,1399948,11429,714,205993
3187,1399948,11429,714,205993
3186,1399948,11429,714,206004
3172,1429976,11189,699,206004
3172,1429976,11189,699,206004
3171,1433050,11165,697,206005
3171,1433050,11165,697,206005
3156,1461054,10951,684,206016
3156,1463058,10936,683,206016
3155,1463058,10936,683,206016
3155,1463058,10936,683,206017
3154,1466007,10914,682,206027
3139,1493931,10710,669,206028
3139,1497006,10688,668,206028
3138,1497006,10688,668,206028
3138,1497006,10688,668,206029
3123,1527009,10478,654,206039
3122,1527009,10478,654,206039
3122,1529929,10458,653,206040
3121,1529929,10458,653,206040
3121,1529929,10458,653,206051
3105,1560976,10250,640,206051
3105,1560976,10250,640,206051
3104,1560976,10250,640,206052
3104,1564027,10230,639,206052
3088,1592040,10050,628,206062
3087,1595055,10031,626,206063
3087,1595055,10031,626,206063
3086,1595055,10031,626,206063
3086,1597923,10013,625,206074
3070,1627008,9834,614,206074
3069,1627008,9834,614,206075
3069,1629992,9816,613,206075
3068,1629992,9816,613,206075
3052,1661992,9627,601,206086
3051,1661992,9627,601,206086
3050,1661992,9627,601,206086
3050,1664932,9610,600,206087
3049,1664932,9610,600,206097
3032,1697073,9428,589,206098
3032,1697073,9428,589,206098
3031,1697073,9428,589,206098
3031,1697073,9428,589,206099
3030,1699958,9412,588,206109
3013,1728982,9254,578,206110
3012,1731977,9238,577,206110
3012,1731977,9238,577,206110
3011,1731977,9238,577,206111
2994,1765030,9065,566,206121
2993,1765030,9065,566,206121
2992,1767956,9050,565,206122
2992,1767956,9050,565,206122
2991,1767956,9050,565,206133
2973,1799978,8889,555,206133
2973,1799978,8889,555,206133
2972,1799978,8889,555,206134
2972,1803020,8874,554,206134
2971,1803020,8874,554,206144
2953,1836969,8710,544,206145
2952,1836969,8710,544,206145
2952,1836969,8710,544,206145
2951,1839926,8696,543,206146
2932,1870033,8556,534,206156
2932,1870033,8556,534,206157
2931,1873098,8542,533,206157
2930,1873098,8542,533,206157
2930,1873098,8542,533,206168
2911,1907032,8390,524,206168
2910,1907032,8390,524,206168
2910,1909992,8377,523,206169
2909,1909992,8377,523,206169
2908,1909992,8377,523,206180
2889,1942927,8235,514,206180
2888,1942927,8235,514,206180
2888,1942927,8235,514,206181
2887,1946946,8218,513,206181
2867,1977995,8089,505,206191
2867,1980934,8077,504,206192
2866,1980934,8077,504,206192
2866,1980934,8077,504,206192
2865,1983881,8065,504,206203
2845,2015113,7940,496,206203
2844,2015113,7940,496,206204
2843,2017909,7929,495,206204
2843,2017909,7929,495,206204
2842,2017909,7929,495,206215
2822,2053125,7793,487,206215
2821,2053125,7793,487,206215
2820,2056027,7782,486,206216
2820,2056027,7782,486,206216
2799,2086866,7667,479,206227
2798,2090957,7652,478,206227
2797,2090957,7652,478,206227
2797,2090957,7652,478,206228
2796,2093967,7641,477,206238
2774,2125963,7526,470,206239
2774,2129075,7515,469,206239
2773,2129075,7515,469,206239
2772,2129075,7515,469,206240
2772,2131912,7505,469,206250
2750,2163917,7394,462,206250
2749,2167141,7383,461,206251
2748,2167141,7383,461,206251
2748,2167141,7383,461,206251
2726,2202946,7263,453,206262
2725,2202946,7263,453,206262
2724,2202946,7263,453,206263
2724,2205984,7253,453,206263
2723,2205984,7253,453,206274
2700,2242152,7136,446,206274
2699,2242152,7136,446,206274
2699,2242152,7136,446,206275
2698,2244984,7127,445,206275
2697,2244984,7127,445,206285
2674,2277904,7024,439,206286
2673,2281152,7014,438,206286
2673,2281152,7014,438,206286
2672,2281152,7014,438,206287
2649,2317161,6905,431,206297
2648,2317161,6905,431,206298
2647,2319849,6897,431,206298
2646,2319849,6897,431,206298
2646,2319849,6897,431,206309
2622,2357101,6788,424,206309
2621,2357101,6788,424,206309
2621,2357101,6788,424,206310
2620,2359882,6780,423,206310
2619,2359882,6780,423,206321
2595,2395927,6678,417,206321
2594,2395927,6678,417,206321
2593,2395927,6678,417,206322
2593,2399880,6667,416,206322
2568,2433090,6576,411,206332
2567,2433090,6576,411,206333
2566,2436054,6568,410,206333
2566,2436054,6568,410,206333
2565,2436054,6568,410,206344
2540,2472952,6470,404,206344
2539,2472952,6470,404,206344
2539,2477164,6459,403,206345
2538,2477164,6459,403,206345
2537,2477164,6459,403,206356
2512,2514142,6364,397,206356
2511,2514142,6364,397,206356
2510,2514142,6364,397,206357
2509,2516910,6357,397,206367
2484,2551020,6272,392,206367
2483,2555094,6262,391,206368
2482,2555094,6262,391,206368
2481,2555094,6262,391,206368
2480,2557954,6255,390,206379
2454,2591933,6173,385,206379
2453,2591933,6173,385,206380
2453,2596138,6163,385,206380
2452,2596138,6163,385,206380
2451,2596138,6163,385,206391
2424,2632878,6077,379,206391
2424,2632878,6077,379,206391
2423,2636783,6068,379,206392
2422,2636783,6068,379,206402
2395,2671119,5990,374,206403
2394,2675138,5981,373,206403
2393,2675138,5981,373,206403
2392,2675138,5981,373,206404
2392,2677824,5975,373,206414
2364,2712784,5898,368,206415
2363,2716007,5891,368,206415
2362,2716007,5891,368,206415
2361,2716007,5891,368,206415
2361,2720163,5882,367,206426
2333,2753873,5810,363,206426
2332,2753873,5810,363,206427
2331,2758145,5801,362,206427
2330,2758145,5801,362,206438
2301,2796225,5722,357,206438
2300,2796225,5722,357,206438
2299,2796225,5722,357,206439
2299,2800140,5714,357,206439
2298,2800140,5714,357,206450
2269,2837886,5638,352,206450
2268,2837886,5638,352,206450
2267,2837886,5638,352,206451
2266,2841918,5630,351,206451
2265,2841918,5630,351,206461
2236,2880807,5554,347,206462
2235,2880807,5554,347,206462
2234,2880807,5554,347,206462
2233,2883922,5548,346,206463
2203,2920241,5479,342,206473
2202,2920241,5479,342,206474
2201,2922908,5474,342,206474
2201,2922908,5474,342,206474
2200,2922908,5474,342,206485
2170,2961866,5402,337,206485
2169,2961866,5402,337,206485
2168,2966259,5394,337,206486
2167,2966259,5394,337,206486
2166,2966259,5394,337,206497
2135,3005259,5324,332,206497
2134,3005259,5324,332,206497
2133,3005259,5324,332,206498
2132,3009216,5317,332,206498
2101,3044140,5256,328,206508
2100,3048200,5249,328,206509
2099,3048200,5249,328,206509
2098,3048200,5249,328,206509
2098,3052270,5242,327,206520
2066,3087015,5183,323,206520
2065,3087015,5183,323,206521
2064,3091190,5176,323,206521
2063,3091190,5176,323,206521
2062,3091190,5176,323,206532
2030,3131115,5110,319,206532
2029,3131115,5110,319,206532
2028,3134182,5105,319,206533
2027,3134182,5105,319,206543
1995,3170828,5046,315,206544
1994,3173973,5041,315,206544
1993,3173973,5041,315,206544
1992,3173973,5041,315,206545
1991,3177756,5035,314,206555
1959,3214142,4978,311,206555
1958,3218021,4972,310,206556
1957,3218021,4972,310,206556
1956,3218021,4972,310,206556
1955,3221260,4967,310,206567
1921,3257992,4911,306,206567
1920,3257992,4911,306,206568
1919,3261978,4905,306,206568
1918,3261978,4905,306,206579
1885,3301692,4846,302,206579
1884,3301692,4846,302,206579
1883,3301692,4846,302,206579
1882,3305785,4840,302,206580
1881,3305785,4840,302,206590
1846,3345880,4782,298,206591
1845,3345880,4782,298,206591
1844,3345880,4782,298,206591
1843,3345880,4782,298,206592
1842,3350084,4776,298,206602
1807,3386243,4725,295,206603
1806,3389831,4720,295,206603
1805,3389831,4720,295,206603
1804,3389831,4720,295,206614
1769,3431267,4663,291,206614
1768,3431267,4663,291,206614
1767,3434213,4659,291,206615
1766,3434213,4659,291,206615
1765,3434213,4659,291,206626
1729,3475239,4604,287,206626
1728,3475239,4604,287,206626
1727,3475239,4604,287,206627
1726,3479017,4599,287,206627
1725,3479017,4599,287,206637
1689,3520352,4545,284,206638
1688,3520352,4545,284,206638
1687,3520352,4545,284,206638
1686,3524229,4540,283,206649
1649,3561095,4493,280,206649
1648,3561095,4493,280,206650
1647,3565062,4488,280,206650
1646,3565062,4488,280,206650
1645,3565062,4488,280,206661
1608,3606040,4437,277,206661
1607,3606040,4437,277,206661
1606,3609294,4433,277,206662
1605,3609294,4433,277,206662
1567,3647139,4387,274,206673
1566,3651301,4382,273,206673
1565,3651301,4382,273,206673
1564,3651301,4382,273,206674
1563,3653802,4379,273,206684
1525,3691740,4334,270,206684
1524,3696004,4329,270,206685
1523,3696004,4329,270,206685
1521,3696004,4329,270,206685
1520,3699422,4325,270,206696
1482,3736572,4282,267,206696
1481,3736572,4282,267,206697
1480,3740940,4277,267,206697
1479,3740940,4277,267,206697
1440,3781612,4231,264,206708
1439,3781612,4231,264,206708
1438,3781612,4231,264,206708
1436,3786086,4226,264,206709
1435,3786086,4226,264,206719
1396,3824092,4184,261,206720
1395,3827751,4180,261,206720
1394,3827751,4180,261,206720
1392,3827751,4180,261,206721
1391,3832335,4175,260,206731
1352,3869407,4135,258,206732
1350,3873154,4131,258,206732
1349,3873154,4131,258,206732
1348,3873154,4131,258,206732
1308,3914852,4087,255,206743
1307,3914852,4087,255,206743
1305,3914852,4087,255,206744
1304,3918687,4083,255,206744
1303,3918687,4083,255,206755
1262,3961377,4039,252,206755
1261,3961377,4039,252,206755
1260,3961377,4039,252,206756
1258,3964321,4036,252,206756
1257,3964321,4036,252,206766
1216,4006009,3994,249,206767
1215,4006009,3994,249,206767
1213,4006009,3994,249,206767
1212,4010025,3990,249,206768
1171,4047559,3953,247,206778
1169,4047559,3953,247,206779
1168,4051659,3949,246,206779
1167,4051659,3949,246,206779
1166,4051659,3949,246,206790
1124,4094166,3908,244,206790
1122,4094166,3908,244,206790
1121,4098361,3904,244,206791
1120,4098361,3904,244,206791
1118,4098361,3904,244,206802
1076,4139715,3865,241,206802
1075,4139715,3865,241,206802
1073,4139715,3865,241,206803
1072,4144004,3861,241,206803
1029,4181913,3826,239,206813
1028,4186290,3822,238,206814
1027,4186290,3822,238,206814
1025,4186290,3822,238,206814
1024,4189578,3819,238,206825
981,4229448,3783,236,206825
979,4229448,3783,236,206826
978,4231685,3781,236,206826
977,4231685,3781,236,206826
975,4231685,3781,236,206837
931,4274646,3743,233,206837
930,4274646,3743,233,206837
929,4279219,3739,233,206838
927,4279219,3739,233,206838
926,4279219,3739,233,206849
882,4320821,3703,231,206849
880,4320821,3703,231,206849
879,4320821,3703,231,206850
877,4325493,3699,231,206850
876,4325493,3699,231,206861
831,4366812,3664,229,206861
830,4366812,3664,229,206861
828,4366812,3664,229,206862
827,4371585,3660,228,206862
782,4410143,3628,226,206872
780,4410143,3628,226,206873
779,4413793,3625,226,206873
778,4413793,3625,226,206873
776,4413793,3625,226,206874
730,4455583,3591,224,206884
729,4455583,3591,224,206885
728,4460552,3587,224,206885
726,4460552,3587,224,206885
725,4460552,3587,224,206896
679,4503237,3553,222,206896
677,4503237,3553,222,206896
676,4503237,3553,222,206897
674,4505773,3551,221,206897
673,4505773,3551,221,206908
626,4549332,3517,219,206908
625,4549332,3517,219,206908
623,4549332,3517,219,206909
622,4553216,3514,219,206909
620,4553216,3514,219,206919
573,4596380,3481,217,206920
572,4596380,3481,217,206920
570,4596380,3481,217,206920
569,4596380,3481,217,206921
567,4599023,3479,217,206931
520,4637681,3450,215,206932
519,4641717,3447,215,206932
517,4641717,3447,215,206932
516,4641717,3447,215,206932
514,4645761,3444,215,206943
467,4685212,3415,213,206943
465,4685212,3415,213,206944
464,4689332,3412,213,206944
462,4689332,3412,213,206944
415,4730928,3382,211,206955
413,4730928,3382,211,206955
412,4730928,3382,211,206956
410,4735129,3379,211,206956
409,4735129,3379,211,206956
361,4777546,3349,209,206967
359,4777546,3349,209,206967
358,4777546,3349,209,206967
356,4781829,3346,209,206968
355,4781829,3346,209,206978
308,4820729,3319,207,206979
306,4825090,3316,207,206979
305,4825090,3316,207,206979
303,4825090,3316,207,206980
302,4829460,3313,207,206990
254,4867660,3287,205,206991
253,4870624,3285,205,206991
251,4870624,3285,205,206991
250,4870624,3285,205,206991
248,4875076,3282,205,207002
201,4914005,3256,203,207002
199,4914005,3256,203,207003
198,4918537,3253,203,207003
197,4918537,3253,203,207003
195,4918537,3253,203,207014
148,4918537,3253,203,207014
147,4918537,3253,203,207014
145,4918537,3253,203,207015
144,4918537,3253,203,207015
97,4918537,3253,203,207025
96,4918537,3253,203,207026
94,4918537,3253,203,207026
93,4918537,3253,203,207026
92,4918537,3253,203,207027
47,4918537,3253,203,207037
46,4918537,3253,203,207037
45,4918537,3253,203,207038
44,4918537,3253,203,207038
43,4918537,3253,203,207038
18,4918537,3253,203,207049
18,4918537,3253,203,207049
18,4918537,3253,203,207049
17,4918537,3253,203,207049
17,4918537,3253,203,207050
