Starting
Starting
Stepper Pin:14
1073494580
1073494244
    F_CPU=240000000
    TICKS_PER_S=16000000
.Connected to Wifi, Connecting to server.
Connected!

HARD MINIMUM LIMIT: 49
HARD MAXIMUM LIMIT: -3582

TOTAL HARD RANGE: 
3631

49,4973578,3217,201,66958
49,4970488,3219,201,66958
49,4970488,3219,201,66958
49,4970488,3219,201,66959
49,4965860,3222,201,66959
49,4965860,3222,201,66959
33,4923077,3250,203,66970
32,4923077,3250,203,66970
31,4923077,3250,203,66971
30,4918537,3253,203,66971
29,4918537,3253,203,66971
28,4918537,3253,203,66982
-16,4876562,3281,205,66982
-17,4876562,3281,205,66983
-19,4872107,3284,205,66983
-21,4872107,3284,205,66983
-23,4867660,3287,205,66994
-75,4829460,3313,207,66994
-77,4825090,3316,207,66995
-79,4825090,3316,207,66995
-80,4825090,3316,207,66996
-82,4820729,3319,207,67006
-133,4781829,3346,209,67006
-135,4777546,3349,209,67007
-137,4777546,3349,209,67007
-138,4777546,3349,209,67008
-140,4774694,3351,209,67018
-191,4735129,3379,211,67018
-193,4730928,3382,211,67019
-194,4730928,3382,211,67019
-196,4730928,3382,211,67020
-198,4726736,3385,211,67030
-248,4687958,3413,213,67031
-250,4685212,3415,213,67031
-252,4685212,3415,213,67031
-254,4685212,3415,213,67032
-255,4681100,3418,213,67042
-306,4641717,3447,215,67043
-307,4637681,3450,215,67043
-309,4637681,3450,215,67043
-311,4637681,3450,215,67044
-313,4633652,3453,215,67054
-362,4595060,3482,217,67055
-364,4591105,3485,217,67055
-366,4591105,3485,217,67055
-367,4587156,3488,218,67056
-369,4587156,3488,218,67067
-418,4544164,3521,220,67067
-420,4544164,3521,220,67067
-421,4544164,3521,220,67068
-423,4540295,3524,220,67068
-425,4540295,3524,220,67079
-472,4498173,3557,222,67079
-474,4498173,3557,222,67079
-476,4498173,3557,222,67080
-478,4494382,3560,222,67080
-479,4494382,3560,222,67091
-527,4450626,3595,224,67091
-528,4450626,3595,224,67091
-530,4450626,3595,224,67092
-532,4446915,3598,224,67092
-533,4446915,3598,224,67103
-580,4404074,3633,227,67103
-582,4404074,3633,227,67103
-583,4400440,3636,227,67104
-585,4400440,3636,227,67104
-587,4400440,3636,227,67115
-634,4358485,3671,229,67115
-635,4358485,3671,229,67115
-637,4353741,3675,229,67116
-639,4353741,3675,229,67116
-640,4353741,3675,229,67127
-686,4311506,3711,231,67127
-687,4311506,3711,231,67128
-689,4306864,3715,232,67128
-691,4306864,3715,232,67128
-692,4306864,3715,232,67139
-738,4265529,3751,234,67139
-739,4265529,3751,234,67140
-741,4260985,3755,234,67140
-742,4260985,3755,234,67140
-744,4260985,3755,234,67151
-789,4219409,3792,237,67151
-791,4219409,3792,237,67152
-793,4214963,3796,237,67152
-794,4214963,3796,237,67153
-796,4210526,3800,237,67163
-841,4172099,3835,239,67164
-843,4167752,3839,239,67164
-844,4167752,3839,239,67164
-846,4167752,3839,239,67165
-847,4164498,3842,240,67175
-892,4125838,3878,242,67176
-894,4121587,3882,242,67176
-895,4121587,3882,242,67176
-897,4121587,3882,242,67177
-898,4118404,3885,242,67187
-943,4079551,3922,245,67188
-944,4076433,3925,245,67188
-946,4076433,3925,245,67188
-947,4072283,3929,245,67189
-949,4072283,3929,245,67199
-993,4034291,3966,247,67200
-994,4030227,3970,248,67200
-996,4030227,3970,248,67200
-997,4026170,3974,248,67201
-999,4026170,3974,248,67211
-1042,3984064,4016,251,67212
-1044,3984064,4016,251,67212
-1045,3984064,4016,251,67212
-1046,3980100,4020,251,67213
-1089,3941858,4059,253,67223
-1090,3937977,4063,253,67224
-1092,3937977,4063,253,67224
-1093,3937977,4063,253,67225
-1094,3934104,4067,254,67235
-1136,3895788,4107,256,67235
-1138,3891997,4111,256,67236
-1139,3891997,4111,256,67236
-1141,3891997,4111,256,67237
-1142,3888214,4115,257,67247
-1183,3849856,4156,259,67247
-1185,3847079,4159,259,67248
-1186,3847079,4159,259,67248
-1187,3847079,4159,259,67249
-1189,3843382,4163,260,67259
-1230,3804994,4205,262,67260
-1232,3801378,4209,263,67260
-1233,3801378,4209,263,67260
-1235,3801378,4209,263,67261
-1276,3759398,4256,266,67271
-1277,3754987,4261,266,67272
-1278,3754987,4261,266,67272
-1280,3754987,4261,266,67273
-1281,3752345,4264,266,67283
-1321,3714020,4308,269,67283
-1323,3709715,4313,269,67284
-1324,3709715,4313,269,67284
-1325,3709715,4313,269,67285
-1327,3706278,4317,269,67295
-1367,3668883,4361,272,67295
-1368,3664682,4366,272,67296
-1369,3664682,4366,272,67296
-1371,3664682,4366,272,67297
-1372,3661327,4370,273,67307
-1411,3623188,4416,276,67308
-1413,3619910,4420,276,67308
-1414,3619910,4420,276,67308
-1415,3619910,4420,276,67309
-1456,3577818,4472,279,67320
-1457,3574620,4476,279,67320
-1459,3574620,4476,279,67320
-1460,3574620,4476,279,67321
-1461,3570632,4481,280,67321
-1500,3532789,4529,283,67332
-1501,3529671,4533,283,67332
-1502,3529671,4533,283,67332
-1504,3529671,4533,283,67333
-1505,3525782,4538,283,67343
-1543,3488879,4586,286,67344
-1544,3485080,4591,286,67344
-1545,3485080,4591,286,67344
-1547,3481288,4596,287,67345
-1548,3481288,4596,287,67355
-1585,3443823,4646,290,67356
-1586,3440120,4651,290,67356
-1588,3440120,4651,290,67357
-1589,3435688,4657,291,67357
-1591,3435688,4657,291,67368
-1628,3396307,4711,294,67368
-1629,3396307,4711,294,67368
-1631,3396307,4711,294,67369
-1632,3391986,4717,294,67369
-1668,3355001,4769,298,67380
-1669,3350785,4775,298,67380
-1670,3350785,4775,298,67380
-1671,3347981,4779,298,67381
-1673,3347981,4779,298,67391
-1708,3311258,4832,302,67392
-1709,3307152,4838,302,67392
-1711,3307152,4838,302,67392
-1712,3303055,4844,302,67393
-1713,3303055,4844,302,67403
-1748,3267307,4897,306,67404
-1750,3263308,4903,306,67404
-1751,3263308,4903,306,67404
-1752,3259320,4909,306,67405
-1753,3259320,4909,306,67415
-1788,3219316,4970,310,67416
-1789,3219316,4970,310,67416
-1791,3219316,4970,310,67416
-1792,3214788,4977,311,67417
-1826,3179018,5033,314,67427
-1828,3175233,5039,314,67428
-1829,3175233,5039,314,67428
-1830,3175233,5039,314,67429
-1831,3172086,5044,315,67439
-1865,3134796,5104,319,67439
-1866,3131728,5109,319,67440
-1867,3131728,5109,319,67440
-1869,3131728,5109,319,67441
-1870,3128055,5115,319,67451
-1904,3091787,5175,323,67451
-1905,3088207,5181,323,67452
-1906,3088207,5181,323,67452
-1907,3088207,5181,323,67453
-1908,3084040,5188,324,67463
-1942,3048200,5249,328,67464
-1943,3044719,5255,328,67464
-1944,3044719,5255,328,67464
-1945,3044719,5255,328,67465
-1978,3005259,5324,332,67475
-1980,3005259,5324,332,67476
-1981,3001876,5330,333,67476
-1982,3001876,5330,333,67476
-1983,2997939,5337,333,67487
-2014,2961866,5402,337,67487
-2016,2961866,5402,337,67488
-2017,2959127,5407,337,67488
-2018,2959127,5407,337,67488
-2019,2954755,5415,338,67499
-2051,2920241,5479,342,67499
-2052,2915983,5487,342,67500
-2053,2915983,5487,342,67500
-2054,2915983,5487,342,67500
-2055,2911738,5495,343,67511
-2086,2877180,5561,347,67511
-2087,2873047,5569,348,67512
-2088,2873047,5569,348,67512
-2089,2873047,5569,348,67513
-2119,2833865,5646,352,67523
-2120,2833865,5646,352,67523
-2121,2830856,5652,353,67524
-2122,2830856,5652,353,67524
-2123,2830856,5652,353,67535
-2154,2791834,5731,358,67535
-2155,2791834,5731,358,67535
-2156,2788914,5737,358,67536
-2157,2788914,5737,358,67536
-2158,2788914,5737,358,67547
-2187,2750086,5818,363,67547
-2188,2750086,5818,363,67548
-2189,2746781,5825,364,67548
-2190,2746781,5825,364,67548
-2191,2746781,5825,364,67559
-2221,2708192,5908,369,67559
-2222,2708192,5908,369,67560
-2223,2704987,5915,369,67560
-2224,2704987,5915,369,67560
-2253,2667111,5999,374,67571
-2254,2667111,5999,374,67571
-2255,2663116,6008,375,67572
-2256,2663116,6008,375,67572
-2257,2663116,6008,375,67583
-2286,2625103,6095,380,67583
-2287,2625103,6095,380,67583
-2288,2622091,6102,381,67584
-2289,2622091,6102,381,67584
-2290,2622091,6102,381,67595
-2318,2583979,6192,387,67595
-2319,2583979,6192,387,67595
-2320,2581061,6199,387,67596
-2321,2581061,6199,387,67596
-2322,2581061,6199,387,67607
-2350,2542912,6292,393,67607
-2351,2542912,6292,393,67608
-2352,2540086,6299,393,67608
-2353,2540086,6299,393,67608
-2379,2501955,6395,399,67619
-2380,2501955,6395,399,67619
-2381,2501955,6395,399,67620
-2382,2498829,6403,400,67620
-2383,2498829,6403,400,67631
-2411,2461917,6499,406,67631
-2411,2461917,6499,406,67631
-2412,2461917,6499,406,67632
-2413,2458135,6509,406,67632
-2414,2458135,6509,406,67643
-2440,2420941,6609,413,67643
-2441,2420941,6609,413,67643
-2442,2418014,6617,413,67644
-2443,2418014,6617,413,67644
-2444,2418014,6617,413,67655
-2470,2380952,6720,420,67655
-2471,2380952,6720,420,67655
-2472,2378121,6728,420,67656
-2473,2378121,6728,420,67656
-2498,2340892,6835,427,67667
-2499,2340892,6835,427,67667
-2500,2340892,6835,427,67668
-2501,2338156,6843,427,67668
-2501,2338156,6843,427,67679
-2526,2302158,6950,434,67679
-2527,2302158,6950,434,67679
-2528,2302158,6950,434,67680
-2529,2297860,6963,435,67680
-2530,2297860,6963,435,67691
-2554,2262124,7073,442,67691
-2555,2262124,7073,442,67691
-2556,2258930,7083,442,67692
-2557,2258930,7083,442,67692
-2557,2258930,7083,442,67703
-2581,2223149,7197,449,67703
-2582,2223149,7197,449,67703
-2583,2220064,7207,450,67704
-2584,2220064,7207,450,67704
-2585,2220064,7207,450,67715
-2608,2184002,7326,457,67715
-2609,2184002,7326,457,67716
-2610,2181025,7336,458,67716
-2611,2181025,7336,458,67726
-2634,2145060,7459,466,67727
-2635,2145060,7459,466,67727
-2635,2145060,7459,466,67728
-2636,2141901,7470,466,67728
-2637,2141901,7470,466,67738
-2660,2106927,7594,474,67739
-2661,2106927,7594,474,67739
-2662,2106927,7594,474,67740
-2662,2103879,7605,475,67740
-2663,2103879,7605,475,67751
-2686,2069055,7733,483,67751
-2687,2069055,7733,483,67751
-2688,2069055,7733,483,67752
-2688,2066116,7744,484,67752
-2689,2066116,7744,484,67763
-2712,2030972,7878,492,67763
-2712,2030972,7878,492,67763
-2713,2030972,7878,492,67764
-2714,2027883,7890,493,67774
-2735,1996008,8016,501,67775
-2736,1993024,8028,501,67775
-2736,1993024,8028,501,67775
-2737,1990050,8040,502,67776
-2738,1990050,8040,502,67786
-2759,1955990,8180,511,67787
-2760,1955990,8180,511,67787
-2760,1955990,8180,511,67788
-2761,1952887,8193,512,67788
-2762,1952887,8193,512,67798
-2782,1918925,8338,521,67799
-2783,1918925,8338,521,67799
-2784,1915938,8351,521,67800
-2785,1915938,8351,521,67800
-2785,1915938,8351,521,67811
-2805,1881910,8502,531,67811
-2806,1881910,8502,531,67812
-2807,1879037,8515,532,67812
-2807,1879037,8515,532,67812
-2827,1845018,8672,542,67823
-2828,1845018,8672,542,67823
-2828,1845018,8672,542,67824
-2829,1842045,8686,542,67824
-2830,1842045,8686,542,67835
-2850,1808932,8845,552,67835
-2850,1808932,8845,552,67835
-2851,1808932,8845,552,67836
-2852,1806073,8859,553,67836
-2852,1806073,8859,553,67847
-2872,1773050,9024,564,67847
-2872,1773050,9024,564,67847
-2873,1769912,9040,565,67848
-2874,1769912,9040,565,67848
-2874,1769912,9040,565,67859
-2893,1737054,9211,575,67859
-2894,1737054,9211,575,67860
-2895,1734041,9227,576,67860
-2895,1734041,9227,576,67860
-2896,1734041,9227,576,67871
-2914,1701947,9401,587,67871
-2915,1701947,9401,587,67872
-2916,1699055,9417,588,67872
-2916,1699055,9417,588,67872
-2935,1667014,9598,599,67883
-2936,1667014,9598,599,67883
-2936,1667014,9598,599,67884
-2937,1664067,9615,600,67884
-2937,1664067,9615,600,67895
-2956,1631987,9804,612,67895
-2956,1631987,9804,612,67895
-2957,1628996,9822,613,67896
-2957,1628996,9822,613,67896
-2958,1628996,9822,613,67907
-2975,1596966,10019,626,67907
-2975,1596966,10019,626,67907
-2976,1593943,10038,627,67908
-2977,1593943,10038,627,67908
-2994,1562958,10237,639,67919
-2995,1562958,10237,639,67919
-2995,1562958,10237,639,67920
-2996,1560062,10256,641,67920
-2996,1560062,10256,641,67930
-3013,1529052,10464,654,67931
-3014,1529052,10464,654,67931
-3014,1529052,10464,654,67932
-3015,1525990,10485,655,67932
-3016,1525990,10485,655,67943
-3032,1495048,10702,668,67943
-3033,1495048,10702,668,67943
-3033,1495048,10702,668,67944
-3034,1491981,10724,670,67954
-3049,1464933,10922,682,67955
-3050,1461988,10944,684,67955
-3050,1461988,10944,684,67955
-3051,1461988,10944,684,67956
-3051,1459055,10966,685,67966
-3067,1432024,11173,698,67967
-3067,1428954,11197,699,67967
-3067,1428954,11197,699,67967
-3068,1428954,11197,699,67978
-3083,1398968,11437,714,67978
-3084,1398968,11437,714,67979
-3084,1396039,11461,716,67979
-3085,1396039,11461,716,67979
-3085,1396039,11461,716,67990
-3100,1366004,11713,732,67990
-3101,1366004,11713,732,67990
-3101,1364024,11730,733,67991
-3102,1364024,11730,733,68001
-3116,1337010,11967,747,68002
-3117,1334000,11994,749,68002
-3117,1334000,11994,749,68002
-3118,1334000,11994,749,68003
-3118,1332001,12012,750,68013
-3132,1304951,12261,766,68013
-3133,1301977,12289,768,68014
-3133,1301977,12289,768,68014
-3134,1301977,12289,768,68025
-3148,1273987,12559,784,68025
-3148,1273987,12559,784,68025
-3149,1273987,12559,784,68026
-3149,1270951,12589,786,68026
-3150,1270951,12589,786,68036
-3163,1245039,12851,803,68037
-3164,1242043,12882,805,68037
-3164,1242043,12882,805,68037
-3165,1242043,12882,805,68048
-3178,1213961,13180,823,68048
-3179,1213961,13180,823,68048
-3179,1212029,13201,825,68049
-3180,1212029,13201,825,68049
-3180,1212029,13201,825,68060
-3193,1183957,13514,844,68060
-3193,1183957,13514,844,68060
-3193,1183957,13514,844,68061
-3194,1180986,13548,846,68071
-3206,1155986,13841,865,68071
-3207,1152987,13877,867,68072
-3207,1152987,13877,867,68072
-3207,1152987,13877,867,68072
-3220,1125968,14210,888,68083
-3220,1125968,14210,888,68083
-3221,1125968,14210,888,68084
-3221,1123990,14235,889,68084
-3222,1123990,14235,889,68094
-3234,1097017,14585,911,68095
-3234,1097017,14585,911,68095
-3235,1097017,14585,911,68095
-3235,1097017,14585,911,68096
-3247,1070019,14953,934,68106
-3247,1070019,14953,934,68107
-3248,1067022,14995,937,68107
-3248,1067022,14995,937,68107
-3248,1067022,14995,937,68118
-3260,1040989,15370,960,68118
-3260,1040989,15370,960,68118
-3261,1038017,15414,963,68119
-3261,1038017,15414,963,68119
-3272,1014971,15764,985,68130
-3272,1012018,15810,988,68130
-3272,1012018,15810,988,68130
-3272,1012018,15810,988,68131
-3273,1009973,15842,990,68141
-3282,986984,16211,1013,68141
-3283,984010,16260,1016,68142
-3283,984010,16260,1016,68142
-3283,984010,16260,1016,68142
-3294,959003,16684,1042,68153
-3294,959003,16684,1042,68153
-3294,959003,16684,1042,68154
-3294,956023,16736,1046,68154
-3294,956023,16736,1046,68164
-3304,930990,17186,1074,68165
-3304,930990,17186,1074,68165
-3304,930990,17186,1074,68165
-3305,928990,17223,1076,68166
-3315,906002,17660,1103,68176
-3315,906002,17660,1103,68177
-3315,904006,17699,1106,68177
-3316,904006,17699,1106,68177
-3316,904006,17699,1106,68188
-3326,878976,18203,1137,68188
-3326,878976,18203,1137,68188
-3327,877001,18244,1140,68189
-3327,877001,18244,1140,68199
-3337,855021,18713,1169,68200
-3337,853015,18757,1172,68200
-3337,853015,18757,1172,68200
-3337,853015,18757,1172,68201
-3338,851019,18801,1175,68211
-3347,829016,19300,1206,68212
-3347,827002,19347,1209,68212
-3347,827002,19347,1209,68212
-3348,827002,19347,1209,68223
-3357,803011,19925,1245,68223
-3357,803011,19925,1245,68223
-3357,803011,19925,1245,68224
-3357,801001,19975,1248,68224
-3358,801001,19975,1248,68235
-3366,777983,20566,1285,68235
-3367,777983,20566,1285,68235
-3367,777983,20566,1285,68235
-3367,775983,20619,1288,68246
-3375,755002,21192,1324,68246
-3376,755002,21192,1324,68247
-3376,753012,21248,1328,68247
-3376,753012,21248,1328,68247
-3376,753012,21248,1328,68258
-3384,729994,21918,1369,68258
-3384,729994,21918,1369,68258
-3385,728001,21978,1373,68259
-3385,728001,21978,1373,68269
-3393,707996,22599,1412,68270
-3393,705997,22663,1416,68270
-3393,705997,22663,1416,68270
-3393,705997,22663,1416,68271
-3394,704008,22727,1420,68281
-3401,683995,23392,1462,68281
-3402,682012,23460,1466,68282
-3402,682012,23460,1466,68282
-3402,682012,23460,1466,68293
-3409,660993,24206,1512,68293
-3410,660993,24206,1512,68293
-3410,660993,24206,1512,68294
-3410,659006,24279,1517,68294
-3410,659006,24279,1517,68304
-3418,639003,25039,1564,68305
-3418,638009,25078,1567,68305
-3418,638009,25078,1567,68305
-3418,638009,25078,1567,68316
-3425,616998,25932,1620,68316
-3426,616998,25932,1620,68316
-3426,615006,26016,1626,68317
-3426,615006,26016,1626,68317
-3433,595992,26846,1677,68328
-3433,594001,26936,1683,68328
-3433,594001,26936,1683,68328
-3434,594001,26936,1683,68329
-3434,592001,27027,1689,68339
-3440,573991,27875,1742,68339
-3441,572001,27972,1748,68340
-3441,572001,27972,1748,68340
-3441,572001,27972,1748,68340
-3447,551991,28986,1811,68351
-3448,551991,28986,1811,68351
-3448,551991,28986,1811,68352
-3448,551002,29038,1814,68352
-3448,551002,29038,1814,68362
-3455,530997,30132,1883,68363
-3455,530997,30132,1883,68363
-3455,530997,30132,1883,68363
-3455,528996,30246,1890,68364
-3461,512000,31250,1953,68374
-3461,512000,31250,1953,68375
-3461,509993,31373,1960,68375
-3462,509993,31373,1960,68375
-3462,509993,31373,1960,68386
-3467,490993,32587,2036,68386
-3468,490993,32587,2036,68387
-3468,490001,32653,2040,68387
-3468,490001,32653,2040,68387
-3474,471004,33970,2123,68398
-3474,471004,33970,2123,68398
-3474,471004,33970,2123,68398
-3474,471004,33970,2123,68399
-3474,469994,34043,2127,68409
-3480,453001,35320,2207,68410
-3480,452003,35398,2212,68410
-3480,452003,35398,2212,68410
-3480,452003,35398,2212,68421
-3485,434004,36866,2304,68421
-3485,434004,36866,2304,68421
-3485,434004,36866,2304,68422
-3486,432000,37037,2314,68422
-3486,432000,37037,2314,68433
-3491,415002,38554,2409,68433
-3491,415002,38554,2409,68433
-3491,415002,38554,2409,68433
-3491,412999,38741,2421,68444
-3496,398000,40201,2512,68444
-3496,398000,40201,2512,68445
-3496,396000,40404,2525,68445
-3496,396000,40404,2525,68445
-3496,396000,40404,2525,68456
-3501,380002,42105,2631,68456
-3501,380002,42105,2631,68456
-3501,378000,42328,2645,68457
-3501,378000,42328,2645,68467
-3506,363001,44077,2754,68468
-3506,361999,44199,2762,68468
-3506,361999,44199,2762,68468
-3506,361999,44199,2762,68469
-3506,360004,44444,2777,68479
-3510,345998,46243,2890,68479
-3510,343997,46512,2907,68480
-3511,343997,46512,2907,68480
-3511,343997,46512,2907,68491
-3515,329001,48632,3039,68491
-3515,329001,48632,3039,68491
-3515,329001,48632,3039,68492
-3515,328003,48780,3048,68492
-3515,328003,48780,3048,68502
-3519,312000,51282,3205,68503
-3519,312000,51282,3205,68503
-3519,312000,51282,3205,68503
-3519,311000,51447,3215,68514
-3523,298002,53691,3355,68514
-3523,298002,53691,3355,68515
-3523,296000,54054,3378,68515
-3523,296000,54054,3378,68515
-3523,296000,54054,3378,68526
-3527,281998,56738,3546,68526
-3527,281998,56738,3546,68526
-3527,281998,56738,3546,68527
-3527,279999,57143,3571,68537
-3530,268002,59701,3731,68537
-3530,266002,60150,3759,68538
-3530,266002,60150,3759,68538
-3531,266002,60150,3759,68538
-3534,253000,63241,3952,68549
-3534,253000,63241,3952,68549
-3534,253000,63241,3952,68550
-3534,251000,63745,3984,68550
-3534,251000,63745,3984,68560
-3537,238000,67227,4201,68561
-3537,238000,67227,4201,68561
-3537,238000,67227,4201,68561
-3537,236998,67511,4219,68562
-3540,225000,71111,4444,68572
-3540,225000,71111,4444,68573
-3540,223999,71429,4464,68573
-3540,223999,71429,4464,68573
-3540,223999,71429,4464,68584
-3543,211001,75829,4739,68584
-3543,211001,75829,4739,68584
-3543,210001,76190,4761,68585
-3543,210001,76190,4761,68585
-3546,199000,80402,5025,68596
-3546,198000,80808,5050,68596
-3546,198000,80808,5050,68596
-3546,198000,80808,5050,68597
-3546,197001,81218,5076,68607
-3548,185999,86022,5376,68607
-3549,185001,86486,5405,68608
-3549,185001,86486,5405,68608
-3549,185001,86486,5405,68619
-3551,174000,91954,5747,68619
-3551,174000,91954,5747,68619
-3551,174000,91954,5747,68620
-3552,172999,92486,5780,68620
-3552,172999,92486,5780,68630
-3554,162001,98765,6172,68631
-3554,162001,98765,6172,68631
-3554,162001,98765,6172,68631
-3554,161000,99379,6211,68642
-3556,151000,105960,6622,68642
-3556,151000,105960,6622,68643
-3556,150000,106667,6666,68643
-3556,150000,106667,6666,68643
-3556,150000,106667,6666,68654
-3558,140000,114286,7142,68654
-3558,140000,114286,7142,68654
-3558,140000,114286,7142,68655
-3558,139000,115108,7194,68665
-3560,130000,123077,7692,68666
-3560,129000,124031,7751,68666
-3560,129000,124031,7751,68666
-3560,129000,124031,7751,68677
-3562,119000,134454,8403,68677
-3562,119000,134454,8403,68677
-3562,119000,134454,8403,68678
-3562,118000,135593,8474,68678
-3564,110000,145455,9090,68689
-3564,109000,146789,9174,68689
-3564,109000,146789,9174,68689
-3564,109000,146789,9174,68689
-3564,108000,148148,9259,68700
-3565,100000,160000,10000,68700
-3565,100000,160000,10000,68701
-3565,100000,160000,10000,68701
-3565,100000,160000,10000,68712
-3566,91000,175824,10989,68712
-3566,91000,175824,10989,68712
-3567,91000,175824,10989,68713
-3567,91000,175824,10989,68723
-3568,83000,192771,12048,68723
-3568,83000,192771,12048,68724
-3568,83000,192771,12048,68724
-3568,83000,192771,12048,68724
-3568,83000,192771,12048,68735
-3569,75000,213333,13333,68735
-3569,75000,213333,13333,68736
-3569,74000,216216,13513,68736
-3569,74000,216216,13513,68746
-3570,68000,235294,14705,68747
-3570,67000,238806,14925,68747
-3570,67000,238806,14925,68747
-3571,67000,238806,14925,68758
-3571,60000,266667,16666,68758
-3572,60000,266667,16666,68759
-3572,60000,266667,16666,68759
-3572,60000,266667,16666,68759
-3572,54000,296296,18518,68770
-3572,53000,301887,18867,68770
-3572,53000,301887,18867,68770
-3573,53000,301887,18867,68771
-3573,52000,307692,19230,68781
-3573,49000,326531,20408,68782
-3573,49000,326531,20408,68782
-3573,49000,326531,20408,68782
-3573,49000,326531,20408,68793
-3574,49000,326531,20408,68793
-3574,49000,326531,20408,68793
-3574,49000,326531,20408,68794
-3574,49000,326531,20408,68794
-3575,49000,326531,20408,68805
-3575,49000,326531,20408,68805
-3575,49000,326531,20408,68805
-3575,49000,326531,20408,68805
-3575,49000,326531,20408,68816
-3575,49000,326531,20408,68816
-3575,49000,326531,20408,68817
-3575,49000,326531,20408,68817
-3575,49000,326531,20408,68828
-3576,49000,326531,20408,68828
-3576,49000,326531,20408,68828
-3576,49000,326531,20408,68828
-3576,49000,326531,20408,68829
-3576,49000,326531,20408,68839
-3576,49000,326531,20408,68840
-3576,49000,326531,20408,68840
-3577,49000,326531,20408,68840
-3577,49000,326531,20408,68851
-3577,49000,326531,20408,68851
-3577,49000,326531,20408,68851
-3577,49000,326531,20408,68852
-3577,49000,326531,20408,68862
-3578,49000,326531,20408,68863
-3578,49000,326531,20408,68863
-3578,49000,326531,20408,68863
-3578,49000,326531,20408,68874
-3578,49000,326531,20408,68874
-3578,49000,326531,20408,68874
-3578,49000,326531,20408,68875
-3578,49000,326531,20408,68875
-3578,49000,326531,20408,68886
-3579,49000,326531,20408,68886
-3579,49000,326531,20408,68886
-3579,49000,326531,20408,68887
-3579,49000,326531,20408,68897
-3579,49000,326531,20408,68897
-3579,49000,326531,20408,68898
-3579,49000,326531,20408,68898
-3579,49000,326531,20408,68909
-3580,49000,326531,20408,68909
-3580,49000,326531,20408,68909
-3580,49000,326531,20408,68910
-3580,49000,326531,20408,68910
-3580,49000,326531,20408,68920
-3580,49000,326531,20408,68921
-3580,49000,326531,20408,68921
-3580,49000,326531,20408,68921
-3580,49000,326531,20408,68932
-3581,49000,326531,20408,68932
-3581,49000,326531,20408,68932
-3581,49000,326531,20408,68933
-3581,49000,326531,20408,68943
-3582,49000,326531,20408,68944
-3582,49000,326531,20408,68944
-3582,49000,326531,20408,68944
-3582,49000,326531,20408,68945
-3582,49000,326531,20408,68955
-3582,49000,326531,20408,68955
-3582,49000,326531,20408,68956
-3582,49000,326531,20408,68956
-3582,49000,326531,20408,68967
-3582,4970488,3219,201,72385
-3582,4970488,3219,201,72385
-3582,4970488,3219,201,72386
-3582,4965860,3222,201,72386
-3582,4965860,3222,201,72386
-3582,4965860,3222,201,72397
-3567,4923077,3250,203,72397
-3566,4923077,3250,203,72398
-3565,4918537,3253,203,72398
-3564,4918537,3253,203,72398
-3523,4876562,3281,205,72409
-3521,4876562,3281,205,72409
-3519,4876562,3281,205,72410
-3517,4872107,3284,205,72410
-3516,4872107,3284,205,72421
-3464,4829460,3313,207,72421
-3462,4829460,3313,207,72421
-3460,4825090,3316,207,72422
-3458,4825090,3316,207,72422
-3456,4825090,3316,207,72433
-3405,4781829,3346,209,72433
-3403,4781829,3346,209,72434
-3401,4777546,3349,209,72434
-3399,4777546,3349,209,72434
-3397,4774694,3351,209,72445
-3346,4735129,3379,211,72445
-3344,4730928,3382,211,72446
-3342,4730928,3382,211,72446
-3340,4730928,3382,211,72446
-3339,4726736,3385,211,72457
-3288,4687958,3413,213,72457
-3286,4685212,3415,213,72458
-3285,4685212,3415,213,72458
-3283,4685212,3415,213,72469
-3233,4641717,3447,215,72469
-3231,4641717,3447,215,72469
-3229,4637681,3450,215,72470
-3227,4637681,3450,215,72470
-3226,4637681,3450,215,72481
-3175,4595060,3482,217,72481
-3174,4595060,3482,217,72482
-3172,4591105,3485,217,72482
-3170,4591105,3485,217,72482
-3168,4587156,3488,218,72493
-3119,4548039,3518,219,72493
-3117,4544164,3521,220,72494
-3115,4544164,3521,220,72494
-3114,4544164,3521,220,72495
-3112,4540295,3524,220,72505
-3064,4501970,3554,222,72506
-3062,4498173,3557,222,72506
-3060,4498173,3557,222,72506
-3059,4498173,3557,222,72507
-3011,4455583,3591,224,72517
-3009,4455583,3591,224,72518
-3008,4450626,3595,224,72518
-3006,4450626,3595,224,72518
-3004,4450626,3595,224,72529
-2957,4407713,3630,226,72529
-2956,4407713,3630,226,72530
-2954,4404074,3633,227,72530
-2952,4404074,3633,227,72530
-2951,4404074,3633,227,72541
-2904,4362050,3668,229,72541
-2902,4362050,3668,229,72542
-2901,4358485,3671,229,72542
-2899,4358485,3671,229,72542
-2897,4353741,3675,229,72553
-2851,4314995,3708,231,72553
-2849,4311506,3711,231,72554
-2848,4311506,3711,231,72554
-2846,4311506,3711,231,72554
-2800,4268943,3748,234,72565
-2798,4268943,3748,234,72565
-2797,4265529,3751,234,72566
-2795,4265529,3751,234,72566
-2794,4265529,3751,234,72577
-2748,4221636,3790,236,72577
-2747,4221636,3790,236,72577
-2745,4219409,3792,237,72578
-2743,4219409,3792,237,72578
-2742,4219409,3792,237,72589
-2697,4176455,3831,239,72589
-2695,4176455,3831,239,72590
-2694,4172099,3835,239,72590
-2692,4172099,3835,239,72590
-2690,4172099,3835,239,72601
-2646,4130098,3874,242,72601
-2644,4130098,3874,242,72602
-2643,4125838,3878,242,72602
-2641,4125838,3878,242,72602
-2596,4083716,3918,244,72613
-2595,4083716,3918,244,72613
-2593,4083716,3918,244,72614
-2592,4079551,3922,245,72614
-2590,4079551,3922,245,72625
-2547,4038364,3962,247,72625
-2546,4038364,3962,247,72625
-2544,4038364,3962,247,72626
-2543,4034291,3966,247,72626
-2541,4034291,3966,247,72637
-2499,3992016,4008,250,72637
-2497,3992016,4008,250,72637
-2496,3992016,4008,250,72638
-2494,3988036,4012,250,72638
-2493,3988036,4012,250,72649
-2450,3945746,4055,253,72649
-2449,3945746,4055,253,72649
-2447,3941858,4059,253,72650
-2446,3941858,4059,253,72650
-2404,3904344,4098,256,72661
-2402,3899586,4103,256,72661
-2401,3899586,4103,256,72661
-2399,3895788,4107,256,72662
-2398,3895788,4107,256,72672
-2357,3853565,4152,259,72673
-2355,3853565,4152,259,72673
-2354,3853565,4152,259,72673
-2352,3849856,4156,259,72674
-2351,3849856,4156,259,72684
-2310,3808617,4201,262,72685
-2308,3808617,4201,262,72685
-2307,3808617,4201,262,72686
-2306,3804994,4205,262,72686
-2304,3804994,4205,262,72696
-2263,3762935,4252,265,72697
-2262,3762935,4252,265,72697
-2261,3762935,4252,265,72698
-2259,3759398,4256,266,72698
-2219,3720930,4300,268,72709
-2218,3718336,4303,268,72709
-2216,3718336,4303,268,72709
-2215,3718336,4303,268,72710
-2213,3714020,4308,269,72720
-2174,3675626,4353,272,72721
-2173,3672252,4357,272,72721
-2171,3672252,4357,272,72721
-2170,3672252,4357,272,72722
-2168,3668883,4361,272,72732
-2129,3631412,4406,275,72733
-2128,3627295,4411,275,72733
-2126,3627295,4411,275,72733
-2125,3627295,4411,275,72734
-2124,3623188,4416,276,72744
-2085,3585836,4462,278,72745
-2083,3581822,4467,279,72745
-2082,3581822,4467,279,72745
-2081,3577818,4472,279,72746
-2042,3541390,4518,282,72756
-2041,3536693,4524,282,72757
-2039,3536693,4524,282,72757
-2038,3536693,4524,282,72757
-2037,3532789,4529,283,72768
-1998,3495740,4577,286,72768
-1997,3491925,4582,286,72769
-1996,3491925,4582,286,72769
-1995,3491925,4582,286,72770
-1993,3488879,4586,286,72780
-1956,3451251,4636,289,72780
-1955,3448276,4640,290,72781
-1953,3448276,4640,290,72781
-1952,3448276,4640,290,72782
-1951,3443823,4646,290,72792
-1914,3407155,4696,293,72793
-1913,3402807,4702,293,72793
-1912,3402807,4702,293,72793
-1911,3402807,4702,293,72794
-1875,3362051,4759,297,72804
-1873,3362051,4759,297,72805
-1872,3359227,4763,297,72805
-1871,3359227,4763,297,72805
-1870,3359227,4763,297,72816
-1833,3318125,4822,301,72816
-1832,3318125,4822,301,72817
-1831,3314002,4828,301,72817
-1830,3314002,4828,301,72817
-1829,3311258,4832,302,72828
-1793,3273992,4887,305,72828
-1792,3273992,4887,305,72829
-1791,3269978,4893,305,72829
-1790,3269978,4893,305,72829
-1788,3267307,4897,306,72840
-1753,3229713,4954,309,72840
-1752,3225806,4960,310,72841
-1751,3225806,4960,310,72841
-1750,3225806,4960,310,72842
-1715,3185982,5022,313,72852
-1714,3185982,5022,313,72853
-1712,3182180,5028,314,72853
-1711,3182180,5028,314,72853
-1710,3182180,5028,314,72864
-1676,3142184,5092,318,72864
-1675,3142184,5092,318,72865
-1674,3139101,5097,318,72865
-1672,3139101,5097,318,72865
-1671,3139101,5097,318,72876
-1637,3098973,5163,322,72876
-1636,3098973,5163,322,72877
-1635,3094778,5170,323,72877
-1634,3094778,5170,323,72877
-1633,3094778,5170,323,72888
-1599,3055768,5236,327,72888
-1598,3055768,5236,327,72889
-1597,3052270,5242,327,72889
-1596,3052270,5242,327,72889
-1563,3012048,5312,332,72900
-1561,3012048,5312,332,72900
-1560,3012048,5312,332,72901
-1559,3009216,5317,332,72901
-1558,3009216,5317,332,72912
-1526,2969011,5389,336,72912
-1525,2969011,5389,336,72912
-1524,2969011,5389,336,72913
-1523,2966259,5394,337,72913
-1522,2966259,5394,337,72924
-1490,2927186,5466,341,72924
-1489,2927186,5466,341,72924
-1488,2922908,5474,342,72925
-1487,2922908,5474,342,72925
-1486,2922908,5474,342,72936
-1455,2883922,5548,346,72936
-1454,2883922,5548,346,72936
-1452,2879770,5556,347,72937
-1451,2879770,5556,347,72937
-1420,2841918,5630,351,72948
-1419,2841918,5630,351,72948
-1418,2841918,5630,351,72949
-1417,2837886,5638,352,72949
-1416,2837886,5638,352,72959
-1385,2799160,5716,357,72960
-1384,2799160,5716,357,72960
-1383,2799160,5716,357,72961
-1382,2796225,5722,357,72961
-1381,2796225,5722,357,72971
-1352,2757195,5803,362,72972
-1351,2757195,5803,362,72972
-1350,2757195,5803,362,72973
-1349,2753873,5810,363,72973
-1348,2753873,5810,363,72984
-1318,2715086,5893,368,72984
-1317,2715086,5893,368,72984
-1316,2715086,5893,368,72985
-1315,2711864,5900,368,72985
-1286,2676928,5977,373,72996
-1285,2673797,5984,374,72996
-1284,2673797,5984,374,72996
-1283,2669781,5993,374,72997
-1282,2669781,5993,374,73007
-1253,2632012,6079,379,73008
-1252,2632012,6079,379,73008
-1251,2632012,6079,379,73009
-1250,2628985,6086,380,73009
-1249,2628985,6086,380,73019
-1221,2591093,6175,385,73020
-1220,2591093,6175,385,73020
-1219,2591093,6175,385,73021
-1218,2588159,6182,386,73021
-1217,2588159,6182,386,73031
-1189,2549801,6275,392,73032
-1188,2549801,6275,392,73032
-1187,2549801,6275,392,73033
-1186,2546960,6282,392,73033
-1158,2512168,6369,398,73044
-1157,2509017,6377,398,73044
-1156,2509017,6377,398,73044
-1155,2509017,6377,398,73045
-1155,2505873,6385,399,73055
-1127,2472188,6472,404,73056
-1126,2467993,6483,405,73056
-1125,2467993,6483,405,73056
-1125,2467993,6483,405,73057
-1124,2464951,6491,405,73067
-1097,2430872,6582,411,73068
-1096,2427921,6590,411,73068
-1095,2427921,6590,411,73068
-1095,2427921,6590,411,73069
-1094,2424977,6598,412,73079
-1068,2390915,6692,418,73080
-1067,2388060,6700,418,73080
-1066,2388060,6700,418,73080
-1065,2388060,6700,418,73081
-1039,2350867,6806,425,73091
-1038,2350867,6806,425,73092
-1037,2348107,6814,425,73092
-1036,2348107,6814,425,73092
-1036,2345010,6823,426,73103
-1010,2312139,6920,432,73103
-1009,2308136,6932,433,73104
-1008,2308136,6932,433,73104
-1007,2308136,6932,433,73104
-1006,2305143,6941,433,73115
-981,2272082,7042,440,73115
-980,2268860,7052,440,73116
-980,2268860,7052,440,73116
-979,2268860,7052,440,73117
-978,2265968,7061,441,73127
-954,2233077,7165,447,73128
-953,2229965,7175,448,73128
-952,2229965,7175,448,73128
-951,2229965,7175,448,73129
-950,2225932,7188,449,73139
-927,2193885,7293,455,73140
-926,2190880,7303,456,73140
-925,2190880,7303,456,73140
-924,2190880,7303,456,73141
-924,2186987,7316,457,73151
-900,2154882,7425,464,73152
-899,2151984,7435,464,73152
-898,2151984,7435,464,73152
-897,2151984,7435,464,73153
-897,2149093,7445,465,73163
-873,2116962,7558,472,73164
-873,2113048,7572,473,73164
-872,2113048,7572,473,73164
-871,2109983,7583,473,73165
-871,2109983,7583,473,73175
-848,2074958,7711,481,73176
-847,2074958,7711,481,73176
-846,2074958,7711,481,73177
-846,2072002,7722,482,73177
-845,2072002,7722,482,73187
-822,2036919,7855,490,73188
-821,2036919,7855,490,73188
-821,2036919,7855,490,73189
-820,2034071,7866,491,73189
-819,2034071,7866,491,73200
-797,2000000,8000,500,73200
-796,2000000,8000,500,73200
-796,1996008,8016,501,73201
-795,1996008,8016,501,73201
-794,1996008,8016,501,73212
-773,1961987,8155,509,73212
-772,1961987,8155,509,73212
-771,1959104,8167,510,73213
-771,1959104,8167,510,73213
-770,1959104,8167,510,73224
-749,1924928,8312,519,73224
-748,1924928,8312,519,73224
-747,1921922,8325,520,73225
-747,1921922,8325,520,73225
-746,1921922,8325,520,73236
-725,1887906,8475,529,73236
-725,1887906,8475,529,73237
-724,1885014,8488,530,73237
-723,1885014,8488,530,73237
-723,1885014,8488,530,73248
-702,1850995,8644,540,73248
-701,1850995,8644,540,73249
-701,1848002,8658,541,73249
-700,1848002,8658,541,73249
-680,1815088,8815,550,73260
-679,1815088,8815,550,73260
-679,1815088,8815,550,73261
-678,1812005,8830,551,73261
-677,1812005,8830,551,73261
-657,1778964,8994,562,73272
-657,1778964,8994,562,73272
-656,1778964,8994,562,73273
-655,1776002,9009,563,73273
-655,1776002,9009,563,73273
-635,1742919,9180,573,73284
-635,1742919,9180,573,73284
-634,1742919,9180,573,73285
-633,1740076,9195,574,73285
-633,1740076,9195,574,73285
-614,1707942,9368,585,73296
-613,1707942,9368,585,73296
-613,1705030,9384,586,73297
-612,1705030,9384,586,73297
-612,1705030,9384,586,73298
-593,1672066,9569,598,73308
-592,1672066,9569,598,73309
-592,1669972,9581,598,73309
-591,1669972,9581,598,73309
-590,1669972,9581,598,73310
-572,1638002,9768,610,73320
-572,1638002,9768,610,73321
-571,1634989,9786,611,73321
-570,1634989,9786,611,73321
-570,1634989,9786,611,73332
-552,1603046,9981,623,73332
-552,1603046,9981,623,73333
-551,1600000,10000,625,73333
-551,1600000,10000,625,73333
-550,1596966,10019,626,73344
-533,1568935,10198,637,73344
-532,1568935,10198,637,73345
-532,1566017,10217,638,73345
-531,1566017,10217,638,73345
-531,1562958,10237,639,73356
-514,1535067,10423,651,73356
-513,1535067,10423,651,73357
-512,1531980,10444,652,73357
-512,1531980,10444,652,73357
-511,1529052,10464,654,73368
-495,1500938,10660,666,73368
-494,1500938,10660,666,73369
-493,1497987,10681,667,73369
-493,1497987,10681,667,73380
-476,1466948,10907,681,73380
-476,1466948,10907,681,73380
-476,1464933,10922,682,73381
-475,1464933,10922,682,73381
-475,1464933,10922,682,73392
-460,1433949,11158,697,73392
-459,1433949,11158,697,73392
-459,1433949,11158,697,73393
-458,1432024,11173,698,73393
-458,1432024,11173,698,73404
-443,1402033,11412,713,73404
-442,1402033,11412,713,73404
-442,1402033,11412,713,73405
-441,1398968,11437,714,73405
-426,1371977,11662,728,73415
-425,1369043,11687,730,73416
-425,1369043,11687,730,73416
-425,1369043,11687,730,73416
-424,1366004,11713,732,73427
-409,1340034,11940,746,73427
-409,1340034,11940,746,73428
-408,1337010,11967,747,73428
-408,1337010,11967,747,73428
-408,1337010,11967,747,73439
-393,1308044,12232,764,73439
-393,1308044,12232,764,73439
-392,1304951,12261,766,73440
-392,1304951,12261,766,73440
-377,1278977,12510,781,73451
-377,1276019,12539,783,73451
-377,1276019,12539,783,73451
-376,1276019,12539,783,73452
-376,1273987,12559,784,73462
-362,1247953,12821,801,73462
-362,1245039,12851,803,73463
-361,1245039,12851,803,73463
-361,1245039,12851,803,73463
-360,1245039,12851,803,73474
-347,1217008,13147,821,73474
-346,1217008,13147,821,73474
-346,1213961,13180,823,73475
-346,1213961,13180,823,73485
-333,1188972,13457,841,73486
-333,1185976,13491,843,73486
-332,1185976,13491,843,73486
-332,1185976,13491,843,73487
-332,1183957,13514,844,73497
-319,1157994,13817,863,73497
-318,1155986,13841,865,73498
-318,1155986,13841,865,73498
-318,1155986,13841,865,73498
-317,1152987,13877,867,73509
-305,1128987,14172,885,73509
-304,1128987,14172,885,73510
-304,1125968,14210,888,73510
-304,1125968,14210,888,73520
-291,1098977,14559,909,73521
-291,1098977,14559,909,73521
-291,1098977,14559,909,73521
-290,1097017,14585,911,73522
-290,1097017,14585,911,73532
-278,1072027,14925,932,73533
-278,1070019,14953,934,73533
-277,1070019,14953,934,73533
-277,1070019,14953,934,73534
-265,1043025,15340,958,73544
-265,1043025,15340,958,73544
-264,1040989,15370,960,73545
-264,1040989,15370,960,73545
-264,1040989,15370,960,73556
-252,1014971,15764,985,73556
-252,1014971,15764,985,73556
-251,1014971,15764,985,73557
-251,1012018,15810,988,73557
-251,1012018,15810,988,73567
-241,988997,16178,1011,73568
-241,986984,16211,1013,73568
-241,986984,16211,1013,73568
-241,986984,16211,1013,73569
-231,961019,16649,1040,73579
-231,961019,16649,1040,73579
-231,959003,16684,1042,73580
-230,959003,16684,1042,73580
-230,959003,16684,1042,73591
-220,932999,17149,1071,73591
-220,932999,17149,1071,73591
-219,932999,17149,1071,73592
-219,930990,17186,1074,73592
-219,930990,17186,1074,73602
-210,906002,17660,1103,73603
-209,906002,17660,1103,73603
-209,906002,17660,1103,73604
-209,904006,17699,1106,73604
-199,881980,18141,1133,73614
-199,878976,18203,1137,73615
-198,878976,18203,1137,73615
-198,878976,18203,1137,73615
-198,878976,18203,1137,73626
-188,855021,18713,1169,73626
-188,855021,18713,1169,73627
-187,853015,18757,1172,73627
-187,853015,18757,1172,73627
-187,853015,18757,1172,73638
-178,829016,19300,1206,73638
-178,829016,19300,1206,73638
-177,829016,19300,1206,73639
-177,827002,19347,1209,73639
-168,806005,19851,1240,73650
-168,803011,19925,1245,73650
-168,803011,19925,1245,73650
-167,803011,19925,1245,73651
-167,801001,19975,1248,73661
-158,779993,20513,1282,73661
-158,779993,20513,1282,73662
-158,777983,20566,1285,73662
-158,777983,20566,1285,73662
-157,777983,20566,1285,73673
-149,755002,21192,1324,73673
-149,755002,21192,1324,73674
-149,753012,21248,1328,73674
-148,753012,21248,1328,73674
-140,729994,21918,1369,73685
-140,729994,21918,1369,73685
-140,729994,21918,1369,73685
-139,729994,21918,1369,73686
-139,728001,21978,1373,73696
-131,707996,22599,1412,73697
-131,705997,22663,1416,73697
-131,705997,22663,1416,73697
-131,705997,22663,1416,73697
-130,704008,22727,1420,73708
-123,683995,23392,1462,73708
-122,683995,23392,1462,73709
-122,682012,23460,1466,73709
-122,682012,23460,1466,73719
-114,660993,24206,1512,73720
-114,660993,24206,1512,73720
-114,660993,24206,1512,73720
-114,659006,24279,1517,73721
-113,659006,24279,1517,73731
-106,639003,25039,1564,73732
-106,638009,25078,1567,73732
-106,638009,25078,1567,73732
-105,638009,25078,1567,73733
-105,636006,25157,1572,73743
-98,616998,25932,1620,73743
-98,616998,25932,1620,73744
-98,615006,26016,1626,73744
-98,615006,26016,1626,73744
-91,594001,26936,1683,73755
-90,594001,26936,1683,73755
-90,594001,26936,1683,73756
-90,592001,27027,1689,73756
-90,592001,27027,1689,73766
-83,573991,27875,1742,73767
-83,572001,27972,1748,73767
-83,572001,27972,1748,73767
-83,572001,27972,1748,73768
-82,570004,28070,1754,73778
-76,551991,28986,1811,73779
-76,551002,29038,1814,73779
-76,551002,29038,1814,73779
-75,551002,29038,1814,73780
-75,548998,29144,1821,73790
-69,530997,30132,1883,73790
-69,530997,30132,1883,73791
-69,528996,30246,1890,73791
-68,528996,30246,1890,73791
-68,528996,30246,1890,73802
-62,509993,31373,1960,73802
-62,509993,31373,1960,73803
-62,508001,31496,1968,73803
-62,508001,31496,1968,73803
-62,508001,31496,1968,73814
-56,490001,32653,2040,73814
-56,490001,32653,2040,73814
-55,487998,32787,2049,73815
-55,487998,32787,2049,73815
-50,471004,33970,2123,73826
-50,469994,34043,2127,73826
-49,469994,34043,2127,73826
-49,469994,34043,2127,73827
-49,468000,34188,2136,73827
-44,452003,35398,2212,73837
-44,449994,35556,2222,73838
-44,449994,35556,2222,73838
-43,449994,35556,2222,73838
-43,449994,35556,2222,73849
-38,432000,37037,2314,73849
-38,432000,37037,2314,73850
-38,431000,37123,2320,73850
-38,431000,37123,2320,73850
-38,431000,37123,2320,73861
-33,412999,38741,2421,73861
-32,412999,38741,2421,73861
-32,411999,38835,2427,73862
-32,411999,38835,2427,73862
-32,411999,38835,2427,73873
-27,395003,40506,2531,73873
-27,395003,40506,2531,73873
-27,395003,40506,2531,73874
-27,393005,40712,2544,73874
-27,393005,40712,2544,73884
-22,377003,42440,2652,73885
-22,377003,42440,2652,73885
-22,377003,42440,2652,73885
-22,377003,42440,2652,73886
-22,374997,42667,2666,73896
-17,360004,44444,2777,73897
-17,359002,44568,2785,73897
-17,359002,44568,2785,73897
-17,359002,44568,2785,73898
-13,343002,46647,2915,73908
-13,343002,46647,2915,73908
-13,343002,46647,2915,73909
-12,341997,46784,2924,73909
-12,341997,46784,2924,73920
-8,325998,49080,3067,73920
-8,325998,49080,3067,73920
-8,325998,49080,3067,73921
-8,324998,49231,3076,73921
-8,324998,49231,3076,73931
-4,311000,51447,3215,73932
-4,309999,51613,3225,73932
-4,309999,51613,3225,73932
-4,309999,51613,3225,73933
-4,308000,51948,3246,73933
0,295002,54237,3389,73943
0,293999,54422,3401,73944
0,293999,54422,3401,73944
0,293999,54422,3401,73944
0,293999,54422,3401,73945
4,278998,57348,3584,73955
4,278998,57348,3584,73955
4,278000,57554,3597,73956
4,278000,57554,3597,73956
4,278000,57554,3597,73956
4,278000,57554,3597,73967
7,264000,60606,3787,73967
8,264000,60606,3787,73968
8,262998,60837,3802,73968
8,262998,60837,3802,73968
8,262998,60837,3802,73979
11,249000,64257,4016,73979
11,249000,64257,4016,73979
11,249000,64257,4016,73980
11,248000,64516,4032,73980
11,248000,64516,4032,73990
14,235999,67797,4237,73991
14,235000,68085,4255,73991
15,235000,68085,4255,73991
15,235000,68085,4255,73992
15,232998,68670,4291,74002
17,222000,72072,4504,74002
18,221001,72398,4524,74003
18,221001,72398,4524,74003
18,221001,72398,4524,74003
18,221001,72398,4524,74014
20,208000,76923,4807,74014
20,208000,76923,4807,74014
20,206999,77295,4830,74015
21,206999,77295,4830,74015
21,206999,77295,4830,74026
23,195001,82051,5128,74026
23,195001,82051,5128,74026
23,195001,82051,5128,74026
23,194001,82474,5154,74027
23,194001,82474,5154,74037
26,182999,87432,5464,74038
26,182000,87912,5494,74038
26,182000,87912,5494,74038
26,182000,87912,5494,74038
26,181000,88398,5524,74049
29,171000,93567,5847,74049
29,171000,93567,5847,74050
29,169999,94118,5882,74050
29,169999,94118,5882,74050
29,169999,94118,5882,74061
31,159000,100629,6289,74061
31,159000,100629,6289,74061
31,159000,100629,6289,74062
31,158000,101266,6329,74062
31,158000,101266,6329,74072
33,146999,108844,6802,74073
33,146999,108844,6802,74073
33,146999,108844,6802,74073
33,146999,108844,6802,74074
33,146000,109589,6849,74084
35,137000,116788,7299,74084
36,136000,117647,7352,74085
36,136000,117647,7352,74085
36,136000,117647,7352,74085
37,126000,126984,7936,74096
37,126000,126984,7936,74096
37,126000,126984,7936,74096
37,125000,128000,8000,74097
37,125000,128000,8000,74107
39,117000,136752,8547,74108
39,116000,137931,8620,74108
39,116000,137931,8620,74108
39,116000,137931,8620,74109
39,115000,139130,8695,74119
41,107000,149533,9345,74119
41,106000,150943,9433,74120
41,106000,150943,9433,74120
41,106000,150943,9433,74120
41,106000,150943,9433,74131
42,97000,164948,10309,74131
42,97000,164948,10309,74131
42,97000,164948,10309,74132
42,97000,164948,10309,74132
42,97000,164948,10309,74143
44,88000,181818,11363,74143
44,88000,181818,11363,74143
44,88000,181818,11363,74143
44,88000,181818,11363,74144
45,80000,200000,12500,74154
45,80000,200000,12500,74155
45,80000,200000,12500,74155
45,80000,200000,12500,74155
45,80000,200000,12500,74166
46,72000,222222,13888,74166
46,72000,222222,13888,74166
47,72000,222222,13888,74167
47,72000,222222,13888,74167
47,72000,222222,13888,74177
47,64000,250000,15625,74178
48,64000,250000,15625,74178
48,64000,250000,15625,74178
48,64000,250000,15625,74179
48,64000,250000,15625,74189
49,58000,275862,17241,74190
49,57000,280702,17543,74190
49,57000,280702,17543,74190
49,57000,280702,17543,74190
49,57000,280702,17543,74201
49,51000,313725,19607,74201
49,51000,313725,19607,74202
49,50000,320000,20000,74202
49,50000,320000,20000,74202
