Starting
Starting
Stepper Pin:14
1073494624
1073494288
    F_CPU=240000000
    TICKS_PER_S=16000000
.E (1962) wifi:Association refused temporarily, comeback time 299 mSec
E (2268) wifi:Association refused temporarily, comeback time 299 mSec
.E (2574) wifi:Association refused temporarily, comeback time 299 mSec
E (2879) wifi:Association refused temporarily, comeback time 299 mSec
E (3187) wifi:Association refused temporarily, comeback time 299 mSec
.E (3492) wifi:Association refused temporarily, comeback time 299 mSec
E (3796) wifi:Association refused temporarily, comeback time 299 mSec
E (4104) wifi:Association refused temporarily, comeback time 299 mSec
.E (4409) wifi:Association refused temporarily, comeback time 299 mSec
E (4713) wifi:Association refused temporarily, comeback time 299 mSec
..Connected to Wifi, Connecting to server.
[  9303][E][WiFiClient.cpp:313] setSocketOption(): fail on -1, errno: 9, "Bad file number"
Not Connected!
